cl : command line warning D9002: ignoring unknown option '/arch:SSE2'
  main.cpp
E:\Xeneva Project\Aurora\Process\XEShell\main.cpp(89,15): warning C4459: declaration of 'index' hides global declaration
E:\Xeneva Project\Aurora\Process\XEShell\main.cpp(39,5): message : see declaration of 'index'
E:\Xeneva Project\Aurora\Process\XEShell\main.cpp(91,43): warning C4267: 'initializing': conversion from 'size_t' to 'int', possible loss of data
E:\Xeneva Project\Aurora\Process\XEShell\main.cpp(100,49): warning C4267: 'argument': conversion from 'size_t' to 'unsigned int', possible loss of data
E:\Xeneva Project\Aurora\Process\XEShell\main.cpp(91,7): warning C4189: 'totalCharacterCount': local variable is initialized but not referenced
E:\Xeneva Project\Aurora\Process\XEShell\main.cpp(140,7): warning C4189: 'status': local variable is initialized but not referenced
E:\Xeneva Project\Aurora\Process\XEShell\main.cpp(160,9): warning C4244: 'initializing': conversion from 'int' to 'char', possible loss of data
E:\Xeneva Project\Aurora\Process\XEShell\main.cpp(194,34): warning C4311: 'type cast': pointer truncation from 'char *' to 'int'
E:\Xeneva Project\Aurora\Process\XEShell\main.cpp(194,34): warning C4302: 'type cast': truncation from 'char *' to 'int'
E:\Xeneva Project\Aurora\Process\XEShell\main.cpp(194,6): warning C4189: 'addr': local variable is initialized but not referenced
E:\Xeneva Project\Aurora\Process\XEShell\main.cpp(254,11): warning C4129: '%': unrecognized character escape sequence
E:\Xeneva Project\Aurora\Process\XEShell\main.cpp(287,9): warning C4477: 'printf' : format string '%x' requires an argument of type 'unsigned int', but variadic argument 1 has type 'void (__cdecl *)(int)'
E:\Xeneva Project\Aurora\Process\XEShell\main.cpp(287,9): warning C4313: 'printf': '%x' in format string conflicts with argument 1 of type 'void (__cdecl *)(int)'
E:\Xeneva Project\Aurora\Process\XEShell\main.cpp(280,26): warning C4100: 'arv': unreferenced formal parameter
E:\Xeneva Project\Aurora\Process\XEShell\main.cpp(280,14): warning C4100: 'argc': unreferenced formal parameter
C:\Program Files (x86)\Microsoft Visual Studio\2019\Community\MSBuild\Microsoft\VC\v160\Microsoft.CppBuild.targets(1363,5): warning MSB8012: TargetPath(E:\Xeneva Project\Aurora\x64\Debug\XEShell.exe) does not match the Linker's OutputFile property value (F:\xesh.exe). This may cause your project to build incorrectly. To correct this, please make sure that $(OutDir), $(TargetName) and $(TargetExt) property values match the value specified in %(Link.OutputFile).
C:\Program Files (x86)\Microsoft Visual Studio\2019\Community\MSBuild\Microsoft\VC\v160\Microsoft.CppBuild.targets(1365,5): warning MSB8012: TargetName(XEShell) does not match the Linker's OutputFile property value (xesh). This may cause your project to build incorrectly. To correct this, please make sure that $(OutDir), $(TargetName) and $(TargetExt) property values match the value specified in %(Link.OutputFile).
LINK : warning LNK4075: ignoring '/INCREMENTAL' due to '/LTCG' specification
main.obj : warning LNK4075: ignoring '/EDITANDCONTINUE' due to '/DRIVER' specification
  LINK : /LTCG specified but no code generation required; remove /LTCG from the link command line to improve linker performance
LINK : warning LNK4281: undesirable base address 0xC0000000 for x64 image; set base address above 4GB for best ASLR optimization
  XEShell.vcxproj -> E:\Xeneva Project\Aurora\x64\Debug\XEShell.exe
