e:\xeneva project\aurora\bootaa64\arm64\debug\vc142.pdb
e:\xeneva project\aurora\bootaa64\arm64\debug\vc142.idb
e:\xeneva project\aurora\bootaa64\arm64\debug\clib.obj
e:\xeneva project\aurora\bootaa64\arm64\debug\file.obj
e:\xeneva project\aurora\bootaa64\arm64\debug\mem.obj
e:\xeneva project\aurora\bootaa64\arm64\debug\paging.obj
e:\xeneva project\aurora\bootaa64\arm64\debug\pe.obj
e:\xeneva project\aurora\bootaa64\arm64\debug\physm.obj
e:\xeneva project\aurora\bootaa64\arm64\debug\video.obj
e:\xeneva project\aurora\bootaa64\arm64\debug\xnldr.obj
e:\xeneva project\aurora\bootaa64\arm64\debug\xnout.obj
e:\xeneva project\aurora\bootaa64\arm64\debug\lowlevel.obj
e:\xeneva project\aurora\build\efi\boot\bootaa64.efi
e:\xeneva project\aurora\build\efi\boot\bootaa64.map
e:\xeneva project\aurora\bootaa64\arm64\debug\bootaa64.tlog\cl.command.1.tlog
e:\xeneva project\aurora\bootaa64\arm64\debug\bootaa64.tlog\cl.read.1.tlog
e:\xeneva project\aurora\bootaa64\arm64\debug\bootaa64.tlog\cl.write.1.tlog
e:\xeneva project\aurora\bootaa64\arm64\debug\bootaa64.tlog\custombuild.command.1.tlog
e:\xeneva project\aurora\bootaa64\arm64\debug\bootaa64.tlog\custombuild.read.1.tlog
e:\xeneva project\aurora\bootaa64\arm64\debug\bootaa64.tlog\custombuild.write.1.tlog
e:\xeneva project\aurora\bootaa64\arm64\debug\bootaa64.tlog\link.command.1.tlog
e:\xeneva project\aurora\bootaa64\arm64\debug\bootaa64.tlog\link.read.1.tlog
e:\xeneva project\aurora\bootaa64\arm64\debug\bootaa64.tlog\link.write.1.tlog
