e:\xeneva_project\aurora\drivers\usb\dwc2-otg\arm64\debug\vc142.pdb
e:\xeneva_project\aurora\drivers\usb\dwc2-otg\arm64\debug\usb_stdhub.obj
e:\xeneva_project\aurora\drivers\usb\dwc2-otg\arm64\debug\usb_hid.obj
e:\xeneva_project\aurora\drivers\usb\dwc2-otg\arm64\debug\usb_desc.obj
e:\xeneva_project\aurora\drivers\usb\dwc2-otg\arm64\debug\main.obj
e:\xeneva_project\aurora\drivers\usb\dwc2-otg\arm64\debug\lan7800.obj
e:\xeneva_project\aurora\drivers\usb\dwc2-otg\arm64\debug\dwc2_usbdev.obj
e:\xeneva_project\aurora\drivers\usb\dwc2-otg\arm64\debug\dwc2_root.obj
e:\xeneva_project\aurora\drivers\usb\dwc2-otg\arm64\debug\dwc2_channel.obj
e:\xeneva_project\aurora\arm64\debug\dwc2otg.lib
e:\xeneva_project\aurora\arm64\debug\dwc2otg.exp
e:\xeneva_project\aurora\build\dwc2otg.dll
e:\xeneva_project\aurora\build\dwc2otg.map
e:\xeneva_project\aurora\drivers\usb\dwc2-otg\arm64\debug\dwc2-otg.tlog\cl.command.1.tlog
e:\xeneva_project\aurora\drivers\usb\dwc2-otg\arm64\debug\dwc2-otg.tlog\cl.read.1.tlog
e:\xeneva_project\aurora\drivers\usb\dwc2-otg\arm64\debug\dwc2-otg.tlog\cl.write.1.tlog
e:\xeneva_project\aurora\drivers\usb\dwc2-otg\arm64\debug\dwc2-otg.tlog\dwc2-otg.write.1u.tlog
e:\xeneva_project\aurora\drivers\usb\dwc2-otg\arm64\debug\dwc2-otg.tlog\link.command.1.tlog
e:\xeneva_project\aurora\drivers\usb\dwc2-otg\arm64\debug\dwc2-otg.tlog\link.read.1.tlog
e:\xeneva_project\aurora\drivers\usb\dwc2-otg\arm64\debug\dwc2-otg.tlog\link.write.1.tlog
