e:\xeneva_project\aurora\kernelaa64\arm64\debug\uart.obj
e:\xeneva_project\aurora\kernelaa64\arm64\debug\uart.asm
e:\xeneva_project\aurora\kernelaa64\arm64\debug\rtcmmio.obj
e:\xeneva_project\aurora\kernelaa64\arm64\debug\rtcmmio.asm
e:\xeneva_project\aurora\kernelaa64\arm64\debug\ctype.obj
e:\xeneva_project\aurora\kernelaa64\arm64\debug\ctype.asm
e:\xeneva_project\aurora\kernelaa64\arm64\debug\cred.obj
e:\xeneva_project\aurora\kernelaa64\arm64\debug\cred.asm
e:\xeneva_project\aurora\kernelaa64\arm64\debug\clean.obj
e:\xeneva_project\aurora\kernelaa64\arm64\debug\clean.asm
e:\xeneva_project\aurora\kernelaa64\arm64\debug\circbuf.obj
e:\xeneva_project\aurora\kernelaa64\arm64\debug\circbuf.asm
e:\xeneva_project\aurora\kernelaa64\arm64\debug\virtioblk.obj
e:\xeneva_project\aurora\kernelaa64\arm64\debug\virtioblk.asm
e:\xeneva_project\aurora\kernelaa64\arm64\debug\virt.obj
e:\xeneva_project\aurora\kernelaa64\arm64\debug\virt.asm
e:\xeneva_project\aurora\kernelaa64\arm64\debug\fwcfg.obj
e:\xeneva_project\aurora\kernelaa64\arm64\debug\fwcfg.asm
e:\xeneva_project\aurora\kernelaa64\arm64\debug\rpi_ili9486.obj
e:\xeneva_project\aurora\kernelaa64\arm64\debug\rpi_ili9486.asm
e:\xeneva_project\aurora\kernelaa64\arm64\debug\rpi3bpspi.obj
e:\xeneva_project\aurora\kernelaa64\arm64\debug\rpi3bpspi.asm
e:\xeneva_project\aurora\kernelaa64\arm64\debug\rpi3bpirq.obj
e:\xeneva_project\aurora\kernelaa64\arm64\debug\rpi3bpirq.asm
e:\xeneva_project\aurora\kernelaa64\arm64\debug\rpi3bpgpio.obj
e:\xeneva_project\aurora\kernelaa64\arm64\debug\rpi3bpgpio.asm
e:\xeneva_project\aurora\kernelaa64\arm64\debug\rpi3bp.obj
e:\xeneva_project\aurora\kernelaa64\arm64\debug\rpi3bp.asm
e:\xeneva_project\aurora\kernelaa64\arm64\debug\imx8mp_uart.obj
e:\xeneva_project\aurora\kernelaa64\arm64\debug\imx8mp_uart.asm
e:\xeneva_project\aurora\kernelaa64\arm64\debug\imx8mp_gpc.obj
e:\xeneva_project\aurora\kernelaa64\arm64\debug\imx8mp_gpc.asm
e:\xeneva_project\aurora\kernelaa64\arm64\debug\imx8mp_clk.obj
e:\xeneva_project\aurora\kernelaa64\arm64\debug\imx8mp_clk.asm
e:\xeneva_project\aurora\kernelaa64\arm64\debug\board.obj
e:\xeneva_project\aurora\kernelaa64\arm64\debug\board.asm
e:\xeneva_project\aurora\kernelaa64\arm64\debug\audrv.obj
e:\xeneva_project\aurora\kernelaa64\arm64\debug\audrv.asm
e:\xeneva_project\aurora\kernelaa64\arm64\debug\aucon.obj
e:\xeneva_project\aurora\kernelaa64\arm64\debug\aucon.asm
e:\xeneva_project\aurora\kernelaa64\arm64\debug\sched.obj
e:\xeneva_project\aurora\kernelaa64\arm64\debug\sched.asm
e:\xeneva_project\aurora\kernelaa64\arm64\debug\profile.obj
e:\xeneva_project\aurora\kernelaa64\arm64\debug\profile.asm
e:\xeneva_project\aurora\kernelaa64\arm64\debug\gic.obj
e:\xeneva_project\aurora\kernelaa64\arm64\debug\gic.asm
e:\xeneva_project\aurora\kernelaa64\arm64\debug\basicacpi.obj
e:\xeneva_project\aurora\kernelaa64\arm64\debug\basicacpi.asm
e:\xeneva_project\aurora\kernelaa64\arm64\debug\aa64cpu.obj
e:\xeneva_project\aurora\kernelaa64\arm64\debug\aa64cpu.asm
e:\xeneva_project\aurora\kernelaa64\arm64\debug\ftmngr.obj
e:\xeneva_project\aurora\kernelaa64\arm64\debug\ftmngr.asm
e:\xeneva_project\aurora\kernelaa64\arm64\debug\vfs.obj
e:\xeneva_project\aurora\kernelaa64\arm64\debug\vfs.asm
e:\xeneva_project\aurora\kernelaa64\arm64\debug\vdisk.obj
e:\xeneva_project\aurora\kernelaa64\arm64\debug\vdisk.asm
e:\xeneva_project\aurora\kernelaa64\arm64\debug\tty.obj
e:\xeneva_project\aurora\kernelaa64\arm64\debug\tty.asm
e:\xeneva_project\aurora\kernelaa64\arm64\debug\pipe.obj
e:\xeneva_project\aurora\kernelaa64\arm64\debug\pipe.asm
e:\xeneva_project\aurora\kernelaa64\arm64\debug\initrd.obj
e:\xeneva_project\aurora\kernelaa64\arm64\debug\initrd.asm
e:\xeneva_project\aurora\kernelaa64\arm64\debug\fatfile.obj
e:\xeneva_project\aurora\kernelaa64\arm64\debug\fatfile.asm
e:\xeneva_project\aurora\kernelaa64\arm64\debug\fatdir.obj
e:\xeneva_project\aurora\kernelaa64\arm64\debug\fatdir.asm
e:\xeneva_project\aurora\kernelaa64\arm64\debug\fat.obj
e:\xeneva_project\aurora\kernelaa64\arm64\debug\fat.asm
e:\xeneva_project\aurora\kernelaa64\arm64\debug\devinput.obj
e:\xeneva_project\aurora\kernelaa64\arm64\debug\devinput.asm
e:\xeneva_project\aurora\kernelaa64\arm64\debug\devfs.obj
e:\xeneva_project\aurora\kernelaa64\arm64\debug\devfs.asm
e:\xeneva_project\aurora\kernelaa64\arm64\debug\dtb.obj
e:\xeneva_project\aurora\kernelaa64\arm64\debug\dtb.asm
e:\xeneva_project\aurora\kernelaa64\arm64\debug\virtiotablet.obj
e:\xeneva_project\aurora\kernelaa64\arm64\debug\virtiotablet.asm
e:\xeneva_project\aurora\kernelaa64\arm64\debug\virtionet.obj
e:\xeneva_project\aurora\kernelaa64\arm64\debug\virtionet.asm
e:\xeneva_project\aurora\kernelaa64\arm64\debug\virtiokbd.obj
e:\xeneva_project\aurora\kernelaa64\arm64\debug\virtiokbd.asm
e:\xeneva_project\aurora\kernelaa64\arm64\debug\aunet.obj
e:\xeneva_project\aurora\kernelaa64\arm64\debug\aunet.asm
e:\xeneva_project\aurora\kernelaa64\arm64\debug\arp.obj
e:\xeneva_project\aurora\kernelaa64\arm64\debug\arp.asm
e:\xeneva_project\aurora\kernelaa64\arm64\debug\vmmngr.obj
e:\xeneva_project\aurora\kernelaa64\arm64\debug\vmmngr.asm
e:\xeneva_project\aurora\kernelaa64\arm64\debug\vma.obj
e:\xeneva_project\aurora\kernelaa64\arm64\debug\vma.asm
e:\xeneva_project\aurora\kernelaa64\arm64\debug\shm.obj
e:\xeneva_project\aurora\kernelaa64\arm64\debug\shm.asm
e:\xeneva_project\aurora\kernelaa64\arm64\debug\pmmngr.obj
e:\xeneva_project\aurora\kernelaa64\arm64\debug\pmmngr.asm
e:\xeneva_project\aurora\kernelaa64\arm64\debug\mmserv.obj
e:\xeneva_project\aurora\kernelaa64\arm64\debug\mmserv.asm
e:\xeneva_project\aurora\kernelaa64\arm64\debug\mmfile.obj
e:\xeneva_project\aurora\kernelaa64\arm64\debug\mmfile.asm
e:\xeneva_project\aurora\kernelaa64\arm64\debug\mmap.obj
e:\xeneva_project\aurora\kernelaa64\arm64\debug\mmap.asm
e:\xeneva_project\aurora\kernelaa64\arm64\debug\liballoc.obj
e:\xeneva_project\aurora\kernelaa64\arm64\debug\liballoc.asm
e:\xeneva_project\aurora\kernelaa64\arm64\debug\kmalloc.obj
e:\xeneva_project\aurora\kernelaa64\arm64\debug\kmalloc.asm
e:\xeneva_project\aurora\kernelaa64\arm64\debug\dlmalloc.obj
e:\xeneva_project\aurora\kernelaa64\arm64\debug\dlmalloc.asm
e:\xeneva_project\aurora\kernelaa64\arm64\debug\loader.obj
e:\xeneva_project\aurora\kernelaa64\arm64\debug\loader.asm
e:\xeneva_project\aurora\kernelaa64\arm64\debug\list.obj
e:\xeneva_project\aurora\kernelaa64\arm64\debug\list.asm
e:\xeneva_project\aurora\kernelaa64\arm64\debug\postbox.obj
e:\xeneva_project\aurora\kernelaa64\arm64\debug\postbox.asm
e:\xeneva_project\aurora\kernelaa64\arm64\debug\init.obj
e:\xeneva_project\aurora\kernelaa64\arm64\debug\init.asm
e:\xeneva_project\aurora\kernelaa64\arm64\debug\hashmap.obj
e:\xeneva_project\aurora\kernelaa64\arm64\debug\hashmap.asm
e:\xeneva_project\aurora\kernelaa64\arm64\debug\vector.obj
e:\xeneva_project\aurora\kernelaa64\arm64\debug\vector.asm
e:\xeneva_project\aurora\kernelaa64\arm64\debug\systable.obj
e:\xeneva_project\aurora\kernelaa64\arm64\debug\systable.asm
e:\xeneva_project\aurora\kernelaa64\arm64\debug\serial.obj
e:\xeneva_project\aurora\kernelaa64\arm64\debug\serial.asm
e:\xeneva_project\aurora\kernelaa64\arm64\debug\string.obj
e:\xeneva_project\aurora\kernelaa64\arm64\debug\string.asm
e:\xeneva_project\aurora\kernelaa64\arm64\debug\stdio.obj
e:\xeneva_project\aurora\kernelaa64\arm64\debug\stdio.asm
e:\xeneva_project\aurora\kernelaa64\arm64\debug\stack.obj
e:\xeneva_project\aurora\kernelaa64\arm64\debug\stack.asm
e:\xeneva_project\aurora\kernelaa64\arm64\debug\sndcore.obj
e:\xeneva_project\aurora\kernelaa64\arm64\debug\sndcore.asm
e:\xeneva_project\aurora\kernelaa64\arm64\debug\thrserv.obj
e:\xeneva_project\aurora\kernelaa64\arm64\debug\thrserv.asm
e:\xeneva_project\aurora\kernelaa64\arm64\debug\fileserv.obj
e:\xeneva_project\aurora\kernelaa64\arm64\debug\fileserv.asm
e:\xeneva_project\aurora\kernelaa64\arm64\debug\proctoken.obj
e:\xeneva_project\aurora\kernelaa64\arm64\debug\proctoken.asm
e:\xeneva_project\aurora\kernelaa64\arm64\debug\process.obj
e:\xeneva_project\aurora\kernelaa64\arm64\debug\process.asm
e:\xeneva_project\aurora\kernelaa64\arm64\debug\power.obj
e:\xeneva_project\aurora\kernelaa64\arm64\debug\power.asm
e:\xeneva_project\aurora\kernelaa64\arm64\debug\pe.obj
e:\xeneva_project\aurora\kernelaa64\arm64\debug\pe.asm
e:\xeneva_project\aurora\kernelaa64\arm64\debug\pcie.obj
e:\xeneva_project\aurora\kernelaa64\arm64\debug\pcie.asm
e:\xeneva_project\aurora\kernelaa64\arm64\debug\udp.obj
e:\xeneva_project\aurora\kernelaa64\arm64\debug\udp.asm
e:\xeneva_project\aurora\kernelaa64\arm64\debug\socket.obj
e:\xeneva_project\aurora\kernelaa64\arm64\debug\socket.asm
e:\xeneva_project\aurora\kernelaa64\arm64\debug\route.obj
e:\xeneva_project\aurora\kernelaa64\arm64\debug\route.asm
e:\xeneva_project\aurora\kernelaa64\arm64\debug\netserv.obj
e:\xeneva_project\aurora\kernelaa64\arm64\debug\netserv.asm
e:\xeneva_project\aurora\kernelaa64\arm64\debug\ipv4.obj
e:\xeneva_project\aurora\kernelaa64\arm64\debug\ipv4.asm
e:\xeneva_project\aurora\kernelaa64\arm64\debug\icmp.obj
e:\xeneva_project\aurora\kernelaa64\arm64\debug\icmp.asm
e:\xeneva_project\aurora\kernelaa64\arm64\debug\ethernet.obj
e:\xeneva_project\aurora\kernelaa64\arm64\debug\ethernet.asm
e:\xeneva_project\aurora\kernelaa64\arm64\debug\vc142.pdb
e:\xeneva_project\aurora\kernelaa64\arm64\debug\aa64vector.obj
e:\xeneva_project\aurora\kernelaa64\arm64\debug\aa64lowlevel.obj
e:\xeneva_project\aurora\kernelaa64\arm64\debug\aa64switch.obj
e:\xeneva_project\aurora\kernelaa64\arm64\debug\aa64_print.obj
e:\xeneva_project\aurora\kernelaa64\arm64\debug\virt_power.obj
e:\xeneva_project\aurora\arm64\debug\xnkrnl.lib
e:\xeneva_project\aurora\arm64\debug\xnkrnl.exp
e:\xeneva_project\aurora\build\efi\xeneva\xnkrnl.exe
e:\xeneva_project\aurora\build\efi\xeneva\xnkrnl.map
e:\xeneva_project\aurora\kernelaa64\arm64\debug\kernelaa64.tlog\cl.command.1.tlog
e:\xeneva_project\aurora\kernelaa64\arm64\debug\kernelaa64.tlog\cl.read.1.tlog
e:\xeneva_project\aurora\kernelaa64\arm64\debug\kernelaa64.tlog\cl.write.1.tlog
e:\xeneva_project\aurora\kernelaa64\arm64\debug\kernelaa64.tlog\custombuild.command.1.tlog
e:\xeneva_project\aurora\kernelaa64\arm64\debug\kernelaa64.tlog\custombuild.read.1.tlog
e:\xeneva_project\aurora\kernelaa64\arm64\debug\kernelaa64.tlog\custombuild.write.1.tlog
e:\xeneva_project\aurora\kernelaa64\arm64\debug\kernelaa64.tlog\kernelaa64.write.1u.tlog
e:\xeneva_project\aurora\kernelaa64\arm64\debug\kernelaa64.tlog\link.command.1.tlog
e:\xeneva_project\aurora\kernelaa64\arm64\debug\kernelaa64.tlog\link.read.1.tlog
e:\xeneva_project\aurora\kernelaa64\arm64\debug\kernelaa64.tlog\link.write.1.tlog
