cl : command line warning D9002: ignoring unknown option '/arch:SSE2'
  main.cpp
E:\Xeneva Project\Aurora\Process\NETMngr\main.cpp(50,10): warning C4200: nonstandard extension used: zero-sized array in struct/union
E:\Xeneva Project\Aurora\Process\NETMngr\main.cpp(50,10): message : This member will be ignored by a defaulted constructor or copy/move assignment operator
E:\Xeneva Project\Aurora\Process\NETMngr\main.cpp(66,10): warning C4200: nonstandard extension used: zero-sized array in struct/union
E:\Xeneva Project\Aurora\Process\NETMngr\main.cpp(66,10): message : This member will be ignored by a defaulted constructor or copy/move assignment operator
E:\Xeneva Project\Aurora\Process\NETMngr\main.cpp(76,10): warning C4200: nonstandard extension used: zero-sized array in struct/union
E:\Xeneva Project\Aurora\Process\NETMngr\main.cpp(76,10): message : This member will be ignored by a defaulted constructor or copy/move assignment operator
E:\Xeneva Project\Aurora\Process\NETMngr\main.cpp(97,10): warning C4200: nonstandard extension used: zero-sized array in struct/union
E:\Xeneva Project\Aurora\Process\NETMngr\main.cpp(97,10): message : This member will be ignored by a defaulted constructor or copy/move assignment operator
E:\Xeneva Project\Aurora\Process\NETMngr\main.cpp(121,17): warning C4459: declaration of 'xid' hides global declaration
E:\Xeneva Project\Aurora\Process\NETMngr\main.cpp(115,10): message : see declaration of 'xid'
E:\Xeneva Project\Aurora\Process\NETMngr\main.cpp(278,19): warning C4456: declaration of 'eth' hides previous local declaration
E:\Xeneva Project\Aurora\Process\NETMngr\main.cpp(266,12): message : see declaration of 'eth'
E:\Xeneva Project\Aurora\Process\NETMngr\main.cpp(246,26): warning C4100: 'argv': unreferenced formal parameter
E:\Xeneva Project\Aurora\Process\NETMngr\main.cpp(246,14): warning C4100: 'argc': unreferenced formal parameter
C:\Program Files (x86)\Microsoft Visual Studio\2019\Community\MSBuild\Microsoft\VC\v160\Microsoft.CppBuild.targets(1363,5): warning MSB8012: TargetPath(E:\Xeneva Project\Aurora\x64\Debug\NETMngr.exe) does not match the Linker's OutputFile property value (F:\netmngr.exe). This may cause your project to build incorrectly. To correct this, please make sure that $(OutDir), $(TargetName) and $(TargetExt) property values match the value specified in %(Link.OutputFile).
LINK : warning LNK4075: ignoring '/INCREMENTAL' due to '/LTCG' specification
main.obj : warning LNK4075: ignoring '/EDITANDCONTINUE' due to '/DRIVER' specification
  LINK : /LTCG specified but no code generation required; remove /LTCG from the link command line to improve linker performance
LINK : warning LNK4281: undesirable base address 0x600000 for x64 image; set base address above 4GB for best ASLR optimization
  NETMngr.vcxproj -> E:\Xeneva Project\Aurora\x64\Debug\NETMngr.exe
