  setjmp.asm
  _callbase.asm
C:\Program Files (x86)\Microsoft Visual Studio\2019\Community\MSBuild\Microsoft\VC\v160\Microsoft.CppBuild.targets(1091,5): warning MSB8027: Two or more files with the name of _xeprint.cpp will produce outputs to the same location. This can lead to an incorrect build result.  The files involved are sys\_xeprint.cpp, _xeprint.cpp.
cl : command line warning D9002: ignoring unknown option '/arch:SSE2'
cl : command line warning D9002: ignoring unknown option '/arch:SSE2'
  ios.cpp
cl : command line warning D9002: ignoring unknown option '/arch:SSE2'
  iostream.cpp
cl : command line warning D9002: ignoring unknown option '/arch:SSE2'
cl : command line warning D9002: ignoring unknown option '/arch:SSE2'
cl : command line warning D9002: ignoring unknown option '/arch:SSE2'
  istream.cpp
  memory.cpp
  ostream.cpp
cl : command line warning D9002: ignoring unknown option '/arch:SSE2'
  _string.cpp
cl : command line warning D9002: ignoring unknown option '/arch:SSE2'
  ctype.cpp
cl : command line warning D9002: ignoring unknown option '/arch:SSE2'
  errno.cpp
E:\Xeneva Project\Aurora\Libs\XEClib\includes\c++\istream(71): warning C4661: 'std::basic_ios<char,std::char_traits<char>>::basic_ios(std::basic_streambuf<char,std::char_traits<char>> *)': no suitable definition provided for explicit template instantiation request (compiling source file c++\ios.cpp)
E:\Xeneva Project\Aurora\Libs\XEClib\includes\c++\istream(67): message : see declaration of 'std::basic_ios<char,std::char_traits<char>>::basic_ios' (compiling source file c++\ios.cpp)
E:\Xeneva Project\Aurora\Libs\XEClib\c++\ios.cpp(70): warning C4661: 'std::basic_ios<char,std::char_traits<char>>::basic_ios(std::basic_streambuf<char,std::char_traits<char>> *)': no suitable definition provided for explicit template instantiation request
E:\Xeneva Project\Aurora\Libs\XEClib\includes\c++\istream(67): message : see declaration of 'std::basic_ios<char,std::char_traits<char>>::basic_ios'
  math.cpp
E:\Xeneva Project\Aurora\Libs\XEClib\ctype.cpp(50,56): warning C4554: '&': check operator precedence for possible error; use parentheses to clarify precedence
  qsort.cpp
  stat.cpp
  stdio.cpp
  stdlib.cpp
  string.cpp
  _heap.cpp
E:\Xeneva Project\Aurora\Libs\XEClib\stdio.cpp(76,24): warning C4267: '=': conversion from 'size_t' to 'int', possible loss of data
E:\Xeneva Project\Aurora\Libs\XEClib\stdio.cpp(144,18): warning C4838: conversion from 'int' to 'char' requires a narrowing conversion
E:\Xeneva Project\Aurora\Libs\XEClib\stdio.cpp(282,41): warning C4267: 'argument': conversion from 'size_t' to 'int', possible loss of data
E:\Xeneva Project\Aurora\Libs\XEClib\stdio.cpp(320,39): warning C4267: 'argument': conversion from 'size_t' to 'int', possible loss of data
E:\Xeneva Project\Aurora\Libs\XEClib\stdio.cpp(340,73): warning C4267: '=': conversion from 'size_t' to 'int', possible loss of data
E:\Xeneva Project\Aurora\Libs\XEClib\stdio.cpp(370,52): warning C4267: 'initializing': conversion from 'size_t' to 'int', possible loss of data
E:\Xeneva Project\Aurora\Libs\XEClib\string.cpp(101,22): warning C4311: 'type cast': pointer truncation from 'const char *' to 'uintptr_t'
E:\Xeneva Project\Aurora\Libs\XEClib\string.cpp(101,22): warning C4302: 'type cast': truncation from 'const char *' to 'uintptr_t'
E:\Xeneva Project\Aurora\Libs\XEClib\qsort.cpp(83,32): warning C4267: 'argument': conversion from 'size_t' to 'ssize_t', possible loss of data
E:\Xeneva Project\Aurora\Libs\XEClib\string.cpp(243,28): warning C4267: 'initializing': conversion from 'size_t' to 'int', possible loss of data
E:\Xeneva Project\Aurora\Libs\XEClib\string.cpp(244,28): warning C4267: 'initializing': conversion from 'size_t' to 'int', possible loss of data
E:\Xeneva Project\Aurora\Libs\XEClib\string.cpp(355,48): warning C4267: '=': conversion from 'size_t' to 'int', possible loss of data
  _xeneva.cpp
E:\Xeneva Project\Aurora\Libs\XEClib\string.cpp(405,28): warning C4267: 'initializing': conversion from 'size_t' to 'int', possible loss of data
E:\Xeneva Project\Aurora\Libs\XEClib\math.cpp(36,50): warning C4838: conversion from 'unsigned int' to 'int' requires a narrowing conversion
E:\Xeneva Project\Aurora\Libs\XEClib\string.cpp(406,28): warning C4267: 'initializing': conversion from 'size_t' to 'int', possible loss of data
E:\Xeneva Project\Aurora\Libs\XEClib\math.cpp(37,26): warning C4838: conversion from 'unsigned int' to 'int' requires a narrowing conversion
E:\Xeneva Project\Aurora\Libs\XEClib\math.cpp(37,50): warning C4838: conversion from 'unsigned int' to 'int' requires a narrowing conversion
E:\Xeneva Project\Aurora\Libs\XEClib\string.cpp(423,24): warning C4267: 'initializing': conversion from 'size_t' to 'int', possible loss of data
E:\Xeneva Project\Aurora\Libs\XEClib\math.cpp(38,2): warning C4838: conversion from 'unsigned int' to 'int' requires a narrowing conversion
E:\Xeneva Project\Aurora\Libs\XEClib\math.cpp(94,24): warning C4305: '-=': truncation from 'double' to 'float'
E:\Xeneva Project\Aurora\Libs\XEClib\math.cpp(96,24): warning C4305: '+=': truncation from 'double' to 'float'
  _xeprint.cpp
E:\Xeneva Project\Aurora\Libs\XEClib\math.cpp(234,24): warning C4305: '-=': truncation from 'double' to 'float'
E:\Xeneva Project\Aurora\Libs\XEClib\math.cpp(236,24): warning C4305: '+=': truncation from 'double' to 'float'
E:\Xeneva Project\Aurora\Libs\XEClib\sys\_heap.cpp(60,20): warning C4018: '>': signed/unsigned mismatch
E:\Xeneva Project\Aurora\Libs\XEClib\sys\_heap.cpp(250,12): warning C4018: '<': signed/unsigned mismatch
E:\Xeneva Project\Aurora\Libs\XEClib\sys\_heap.cpp(450,14): warning C4018: '<': signed/unsigned mismatch
E:\Xeneva Project\Aurora\Libs\XEClib\sys\_heap.cpp(490,19): warning C4244: '=': conversion from 'unsigned __int64' to 'int', possible loss of data
E:\Xeneva Project\Aurora\Libs\XEClib\sys\_heap.cpp(519,16): warning C4018: '>': signed/unsigned mismatch
E:\Xeneva Project\Aurora\Libs\XEClib\stdio.cpp(313): warning C4715: 'vfprintf': not all control paths return a value
  time.cpp
  _xeinput.cpp
E:\Xeneva Project\Aurora\Libs\XEClib\sys\_xeneva.cpp(35,20): warning C4267: 'argument': conversion from 'size_t' to 'unsigned int', possible loss of data
E:\Xeneva Project\Aurora\Libs\XEClib\sys\_xeneva.cpp(39,20): warning C4267: 'argument': conversion from 'size_t' to 'unsigned int', possible loss of data
E:\Xeneva Project\Aurora\Libs\XEClib\stdlib.cpp(111,34): warning C4267: 'initializing': conversion from 'size_t' to 'int', possible loss of data
E:\Xeneva Project\Aurora\Libs\XEClib\stdlib.cpp(147,44): warning C4267: 'argument': conversion from 'size_t' to 'unsigned int', possible loss of data
E:\Xeneva Project\Aurora\Libs\XEClib\stdlib.cpp(315,17): warning C4146: unary minus operator applied to unsigned type, result still unsigned
  _xeprint.cpp
E:\Xeneva Project\Aurora\Libs\XEClib\stdlib.cpp(340,9): warning C4146: unary minus operator applied to unsigned type, result still unsigned
E:\Xeneva Project\Aurora\Libs\XEClib\stdlib.cpp(406,9): warning C4146: unary minus operator applied to unsigned type, result still unsigned
E:\Xeneva Project\Aurora\Libs\XEClib\_xeinput.cpp(47,26): warning C4267: '=': conversion from 'size_t' to 'int', possible loss of data
E:\Xeneva Project\Aurora\Libs\XEClib\_xeinput.cpp(54,28): warning C4267: '=': conversion from 'size_t' to 'int', possible loss of data
E:\Xeneva Project\Aurora\Libs\XEClib\_xeinput.cpp(145,59): warning C4312: 'type cast': conversion from 'unsigned int' to 'unsigned __int64 *' of greater size
E:\Xeneva Project\Aurora\Libs\XEClib\_xeinput.cpp(162,27): warning C4244: 'argument': conversion from 'unsigned __int64' to 'unsigned int', possible loss of data
E:\Xeneva Project\Aurora\Libs\XEClib\_xeinput.cpp(177,27): warning C4244: 'argument': conversion from 'unsigned __int64' to 'unsigned int', possible loss of data
E:\Xeneva Project\Aurora\Libs\XEClib\_xeinput.cpp(208,27): warning C4244: 'argument': conversion from 'unsigned __int64' to 'unsigned int', possible loss of data
E:\Xeneva Project\Aurora\Libs\XEClib\_xeinput.cpp(229,27): warning C4244: 'argument': conversion from 'unsigned __int64' to 'unsigned int', possible loss of data
E:\Xeneva Project\Aurora\Libs\XEClib\time.cpp(108,31): warning C4267: '=': conversion from 'size_t' to 'clock_t', possible loss of data
E:\Xeneva Project\Aurora\Libs\XEClib\time.cpp(123,6): warning C4101: 'count': unreferenced local variable
E:\Xeneva Project\Aurora\Libs\XEClib\time.cpp(45): warning C4172: returning address of local variable or temporary: timeStr
E:\Xeneva Project\Aurora\Libs\XEClib\time.cpp(99): warning C4172: returning address of local variable or temporary: timeStruc
E:\Xeneva Project\Aurora\Libs\XEClib\_xeprint.cpp(84,25): warning C4267: '=': conversion from 'size_t' to 'int', possible loss of data
E:\Xeneva Project\Aurora\Libs\XEClib\_xeprint.cpp(205,31): warning C4244: '=': conversion from 'unsigned __int64' to 'char', possible loss of data
E:\Xeneva Project\Aurora\Libs\XEClib\_xeprint.cpp(207,31): warning C4244: '=': conversion from 'unsigned __int64' to 'char', possible loss of data
E:\Xeneva Project\Aurora\Libs\XEClib\_xeprint.cpp(279,28): warning C4267: '=': conversion from 'size_t' to 'int', possible loss of data
E:\Xeneva Project\Aurora\Libs\XEClib\_xeprint.cpp(305,31): warning C4244: '=': conversion from 'unsigned __int64' to 'char', possible loss of data
E:\Xeneva Project\Aurora\Libs\XEClib\_xeprint.cpp(422,28): warning C4267: '=': conversion from 'size_t' to 'int', possible loss of data
E:\Xeneva Project\Aurora\Libs\XEClib\_xeprint.cpp(538,15): warning C4244: 'return': conversion from 'double' to 'float', possible loss of data
E:\Xeneva Project\Aurora\Libs\XEClib\_xeprint.cpp(553,28): warning C4267: '=': conversion from 'size_t' to 'int', possible loss of data
E:\Xeneva Project\Aurora\Libs\XEClib\_xeprint.cpp(556,20): warning C4244: 'return': conversion from 'int64_t' to 'int', possible loss of data
E:\Xeneva Project\Aurora\Libs\XEClib\_xeprint.cpp(560,20): warning C4244: 'return': conversion from 'int64_t' to 'int', possible loss of data
E:\Xeneva Project\Aurora\Libs\XEClib\_xeprint.cpp(627,26): warning C4244: 'argument': conversion from '__int64' to 'unsigned int', possible loss of data
E:\Xeneva Project\Aurora\Libs\XEClib\_xeprint.cpp(639,8): warning C4244: 'argument': conversion from '__int64' to 'unsigned int', possible loss of data
E:\Xeneva Project\Aurora\Libs\XEClib\_xeprint.cpp(657,26): warning C4244: 'argument': conversion from '__int64' to 'unsigned int', possible loss of data
E:\Xeneva Project\Aurora\Libs\XEClib\_xeprint.cpp(668,8): warning C4244: 'argument': conversion from '__int64' to 'unsigned int', possible loss of data
E:\Xeneva Project\Aurora\Libs\XEClib\_xeprint.cpp(703,25): warning C4244: 'argument': conversion from '__int64' to 'unsigned int', possible loss of data
E:\Xeneva Project\Aurora\Libs\XEClib\_xeprint.cpp(713,8): warning C4244: 'argument': conversion from '__int64' to 'unsigned int', possible loss of data
E:\Xeneva Project\Aurora\Libs\XEClib\_xeprint.cpp(728,26): warning C4244: 'argument': conversion from '__int64' to 'unsigned int', possible loss of data
E:\Xeneva Project\Aurora\Libs\XEClib\_xeprint.cpp(739,8): warning C4244: 'argument': conversion from '__int64' to 'unsigned int', possible loss of data
E:\Xeneva Project\Aurora\Libs\XEClib\_xeprint.cpp(756,25): warning C4244: 'argument': conversion from '__int64' to 'unsigned int', possible loss of data
E:\Xeneva Project\Aurora\Libs\XEClib\_xeprint.cpp(767,7): warning C4244: 'argument': conversion from '__int64' to 'unsigned int', possible loss of data
E:\Xeneva Project\Aurora\Libs\XEClib\_xeprint.cpp(805,10): warning C4244: 'return': conversion from 'int64_t' to 'int', possible loss of data
C:\Program Files (x86)\Microsoft Visual Studio\2019\Community\MSBuild\Microsoft\VC\v160\Microsoft.CppBuild.targets(1363,5): warning MSB8012: TargetPath(E:\Xeneva Project\Aurora\x64\Debug\XEClib.dll) does not match the Linker's OutputFile property value (F:\XEClib.dll). This may cause your project to build incorrectly. To correct this, please make sure that $(OutDir), $(TargetName) and $(TargetExt) property values match the value specified in %(Link.OutputFile).
LINK : warning LNK4075: ignoring '/INCREMENTAL' due to '/LTCG' specification
ios.obj : warning LNK4075: ignoring '/EDITANDCONTINUE' due to '/DRIVER' specification
x64\Debug\_xeprint.obj : warning LNK4042: object specified more than once; extras ignored
     Creating library E:\Xeneva Project\Aurora\x64\Debug\XEClib.lib and object E:\Xeneva Project\Aurora\x64\Debug\XEClib.exp
  LINK : /LTCG specified but no code generation required; remove /LTCG from the link command line to improve linker performance
LINK : warning LNK4281: undesirable base address 0x600000 for x64 image; set base address above 4GB for best ASLR optimization
iostream.obj : warning LNK4210: .CRT section exists; there may be unhandled static initializers or terminators
  XEClib.vcxproj -> E:\Xeneva Project\Aurora\x64\Debug\XEClib.dll
