e:\xeneva project\aurora\libs\xeclib\x64\debug\setjmp.obj
e:\xeneva project\aurora\libs\xeclib\x64\debug\_callbase.obj
e:\xeneva project\aurora\libs\xeclib\x64\debug\istream.obj
e:\xeneva project\aurora\libs\xeclib\x64\debug\_heap.obj
e:\xeneva project\aurora\libs\xeclib\x64\debug\errno.obj
e:\xeneva project\aurora\libs\xeclib\x64\debug\string.obj
e:\xeneva project\aurora\libs\xeclib\x64\debug\ostream.obj
e:\xeneva project\aurora\libs\xeclib\x64\debug\stdlib.obj
e:\xeneva project\aurora\libs\xeclib\x64\debug\_xeinput.obj
e:\xeneva project\aurora\libs\xeclib\x64\debug\_string.obj
e:\xeneva project\aurora\libs\xeclib\x64\debug\_xeneva.obj
e:\xeneva project\aurora\libs\xeclib\x64\debug\memory.obj
e:\xeneva project\aurora\libs\xeclib\x64\debug\stdio.obj
e:\xeneva project\aurora\libs\xeclib\x64\debug\iostream.obj
e:\xeneva project\aurora\libs\xeclib\x64\debug\qsort.obj
e:\xeneva project\aurora\libs\xeclib\x64\debug\ctype.obj
e:\xeneva project\aurora\libs\xeclib\x64\debug\stat.obj
e:\xeneva project\aurora\libs\xeclib\x64\debug\ios.obj
e:\xeneva project\aurora\libs\xeclib\x64\debug\math.obj
e:\xeneva project\aurora\libs\xeclib\x64\debug\time.obj
e:\xeneva project\aurora\libs\xeclib\x64\debug\xeclib.write.1.tlog
e:\xeneva project\aurora\libs\xeclib\x64\debug\vc142.idb
e:\xeneva project\aurora\libs\xeclib\x64\debug\vc142.pdb
e:\xeneva project\aurora\libs\xeclib\x64\debug\xeclib.tlog\cl.10176.write.1.tlog
e:\xeneva project\aurora\libs\xeclib\x64\debug\xeclib.tlog\cl.command.1.tlog
e:\xeneva project\aurora\libs\xeclib\x64\debug\xeclib.tlog\cl.read.1.tlog
