e:\xeneva project\aurora\process\deodhai\x64\debug\_fastcpy.obj
e:\xeneva project\aurora\process\deodhai\x64\debug\clip.obj
e:\xeneva project\aurora\process\deodhai\x64\debug\clip.asm
e:\xeneva project\aurora\process\deodhai\x64\debug\deomain.obj
e:\xeneva project\aurora\process\deodhai\x64\debug\deomain.asm
e:\xeneva project\aurora\process\deodhai\x64\debug\window.obj
e:\xeneva project\aurora\process\deodhai\x64\debug\window.asm
e:\xeneva project\aurora\process\deodhai\x64\debug\rect.obj
e:\xeneva project\aurora\process\deodhai\x64\debug\rect.asm
e:\xeneva project\aurora\process\deodhai\x64\debug\animation.obj
e:\xeneva project\aurora\process\deodhai\x64\debug\animation.asm
e:\xeneva project\aurora\process\deodhai\x64\debug\dirty.obj
e:\xeneva project\aurora\process\deodhai\x64\debug\dirty.asm
e:\xeneva project\aurora\process\deodhai\x64\debug\cursor.obj
e:\xeneva project\aurora\process\deodhai\x64\debug\cursor.asm
e:\xeneva project\aurora\process\deodhai\x64\debug\backdirty.obj
e:\xeneva project\aurora\process\deodhai\x64\debug\backdirty.asm
e:\xeneva project\aurora\process\deodhai\x64\debug\vc142.pdb
e:\xeneva project\aurora\build\deodhai.exe
e:\xeneva project\aurora\build\deodhai.map
e:\xeneva project\aurora\x64\debug\deodhai.pdb
e:\xeneva project\aurora\process\deodhai\x64\debug\deodhai.write.1.tlog
e:\xeneva project\aurora\process\deodhai\x64\debug\vc142.idb
e:\xeneva project\aurora\process\deodhai\x64\debug\deodhai.tlog\cl.13332.write.1.tlog
e:\xeneva project\aurora\process\deodhai\x64\debug\deodhai.tlog\cl.command.1.tlog
e:\xeneva project\aurora\process\deodhai\x64\debug\deodhai.tlog\cl.read.1.tlog
e:\xeneva project\aurora\process\deodhai\x64\debug\deodhai.tlog\link.command.1.tlog
e:\xeneva project\aurora\process\deodhai\x64\debug\deodhai.tlog\link.read.1.tlog
e:\xeneva project\aurora\process\deodhai\x64\debug\deodhai.tlog\link.write.1.tlog
