  _fastcpy.asm
cl : command line warning D9002: ignoring unknown option '/arch:SSE2'
cl : command line warning D9002: ignoring unknown option '/arch:SSE2'
  backdirty.cpp
cl : command line warning D9002: ignoring unknown option '/arch:SSE2'
  clip.cpp
cl : command line warning D9002: ignoring unknown option '/arch:SSE2'
  cursor.cpp
cl : command line warning D9002: ignoring unknown option '/arch:SSE2'
  deomain.cpp
cl : command line warning D9002: ignoring unknown option '/arch:SSE2'
  dirty.cpp
cl : command line warning D9002: ignoring unknown option '/arch:SSE2'
  popup.cpp
cl : command line warning D9002: ignoring unknown option '/arch:SSE2'
  rect.cpp
cl : command line warning D9002: ignoring unknown option '/arch:SSE2'
  window.cpp
E:\Xeneva Project\Aurora\Process\Deodhai\dirty.cpp(79,20): warning C4018: '<': signed/unsigned mismatch
E:\Xeneva Project\Aurora\Process\Deodhai\dirty.cpp(88,22): warning C4018: '>': signed/unsigned mismatch
E:\Xeneva Project\Aurora\Process\Deodhai\dirty.cpp(92,22): warning C4018: '>': signed/unsigned mismatch
E:\Xeneva Project\Aurora\Process\Deodhai\cursor.cpp(102,20): warning C4018: '<': signed/unsigned mismatch
E:\Xeneva Project\Aurora\Process\Deodhai\cursor.cpp(107,21): warning C4018: '<': signed/unsigned mismatch
E:\Xeneva Project\Aurora\Process\Deodhai\cursor.cpp(96,41): warning C4100: 'cur': unreferenced formal parameter
E:\Xeneva Project\Aurora\Process\Deodhai\cursor.cpp(105,12): warning C4189: 'h': local variable is initialized but not referenced
E:\Xeneva Project\Aurora\Process\Deodhai\window.cpp(49,30): warning C4244: 'argument': conversion from 'uint32_t' to 'uint16_t', possible loss of data
E:\Xeneva Project\Aurora\Process\Deodhai\window.cpp(50,34): warning C4244: 'argument': conversion from 'int' to 'uint16_t', possible loss of data
E:\Xeneva Project\Aurora\Process\Deodhai\window.cpp(51,11): warning C4244: '=': conversion from 'uint32_t' to 'uint16_t', possible loss of data
E:\Xeneva Project\Aurora\Process\Deodhai\window.cpp(64,30): warning C4244: 'argument': conversion from 'uint32_t' to 'uint16_t', possible loss of data
E:\Xeneva Project\Aurora\Process\Deodhai\window.cpp(65,33): warning C4244: 'argument': conversion from 'int' to 'uint16_t', possible loss of data
E:\Xeneva Project\Aurora\Process\Deodhai\window.cpp(66,9): warning C4244: '=': conversion from 'uint32_t' to 'uint16_t', possible loss of data
E:\Xeneva Project\Aurora\Process\Deodhai\window.cpp(104,42): warning C4267: 'argument': conversion from 'size_t' to 'unsigned int', possible loss of data
E:\Xeneva Project\Aurora\Process\Deodhai\window.cpp(95,26): warning C4189: 'x_': local variable is initialized but not referenced
E:\Xeneva Project\Aurora\Process\Deodhai\window.cpp(95,34): warning C4189: 'y_': local variable is initialized but not referenced
E:\Xeneva Project\Aurora\Process\Deodhai\popup.cpp(46,30): warning C4244: 'argument': conversion from 'uint32_t' to 'uint16_t', possible loss of data
E:\Xeneva Project\Aurora\Process\Deodhai\popup.cpp(47,34): warning C4244: 'argument': conversion from 'int' to 'uint16_t', possible loss of data
E:\Xeneva Project\Aurora\Process\Deodhai\popup.cpp(48,11): warning C4244: '=': conversion from 'uint32_t' to 'uint16_t', possible loss of data
E:\Xeneva Project\Aurora\Process\Deodhai\popup.cpp(76,26): warning C4189: 'x_': local variable is initialized but not referenced
E:\Xeneva Project\Aurora\Process\Deodhai\popup.cpp(76,18): warning C4189: 'h_': local variable is initialized but not referenced
E:\Xeneva Project\Aurora\Process\Deodhai\popup.cpp(76,34): warning C4189: 'y_': local variable is initialized but not referenced
E:\Xeneva Project\Aurora\Process\Deodhai\popup.cpp(76,10): warning C4189: 'w_': local variable is initialized but not referenced
E:\Xeneva Project\Aurora\Process\Deodhai\deomain.cpp(193,8): warning C4018: '>': signed/unsigned mismatch
E:\Xeneva Project\Aurora\Process\Deodhai\deomain.cpp(196,8): warning C4018: '>': signed/unsigned mismatch
E:\Xeneva Project\Aurora\Process\Deodhai\deomain.cpp(199,8): warning C4018: '>': signed/unsigned mismatch
E:\Xeneva Project\Aurora\Process\Deodhai\deomain.cpp(202,8): warning C4018: '>': signed/unsigned mismatch
E:\Xeneva Project\Aurora\Process\Deodhai\deomain.cpp(191,34): warning C4189: 'h_': local variable is initialized but not referenced
E:\Xeneva Project\Aurora\Process\Deodhai\deomain.cpp(188,12): warning C4189: 'lfb': local variable is initialized but not referenced
E:\Xeneva Project\Aurora\Process\Deodhai\deomain.cpp(345,34): warning C4100: 'canv': unreferenced formal parameter
E:\Xeneva Project\Aurora\Process\Deodhai\deomain.cpp(346,17): warning C4189: 'info': local variable is initialized but not referenced
E:\Xeneva Project\Aurora\Process\Deodhai\deomain.cpp(355,36): warning C4100: 'canv': unreferenced formal parameter
E:\Xeneva Project\Aurora\Process\Deodhai\deomain.cpp(386,9): warning C4018: '>': signed/unsigned mismatch
E:\Xeneva Project\Aurora\Process\Deodhai\deomain.cpp(389,9): warning C4018: '>': signed/unsigned mismatch
E:\Xeneva Project\Aurora\Process\Deodhai\deomain.cpp(398,16): warning C4018: '>=': signed/unsigned mismatch
E:\Xeneva Project\Aurora\Process\Deodhai\deomain.cpp(401,16): warning C4018: '>=': signed/unsigned mismatch
E:\Xeneva Project\Aurora\Process\Deodhai\deomain.cpp(404,6): warning C4102: '_skip': unreferenced label
E:\Xeneva Project\Aurora\Process\Deodhai\deomain.cpp(500,18): warning C4189: 'winInfo': local variable is initialized but not referenced
E:\Xeneva Project\Aurora\Process\Deodhai\deomain.cpp(536,37): warning C4459: declaration of 'canvas' hides global declaration
E:\Xeneva Project\Aurora\Process\Deodhai\deomain.cpp(88,11): message : see declaration of 'canvas'
E:\Xeneva Project\Aurora\Process\Deodhai\deomain.cpp(563,22): warning C4018: '<': signed/unsigned mismatch
E:\Xeneva Project\Aurora\Process\Deodhai\deomain.cpp(586,20): warning C4244: '=': conversion from 'int64_t' to 'int32_t', possible loss of data
E:\Xeneva Project\Aurora\Process\Deodhai\deomain.cpp(587,20): warning C4244: '=': conversion from 'int64_t' to 'int32_t', possible loss of data
E:\Xeneva Project\Aurora\Process\Deodhai\deomain.cpp(588,12): warning C4244: '=': conversion from 'int64_t' to 'int32_t', possible loss of data
E:\Xeneva Project\Aurora\Process\Deodhai\deomain.cpp(589,12): warning C4244: '=': conversion from 'int64_t' to 'int32_t', possible loss of data
E:\Xeneva Project\Aurora\Process\Deodhai\deomain.cpp(668,54): warning C4244: 'argument': conversion from 'int64_t' to 'int', possible loss of data
E:\Xeneva Project\Aurora\Process\Deodhai\deomain.cpp(668,49): warning C4244: 'argument': conversion from 'int64_t' to 'int', possible loss of data
E:\Xeneva Project\Aurora\Process\Deodhai\deomain.cpp(668,42): warning C4244: 'argument': conversion from 'int64_t' to 'int', possible loss of data
E:\Xeneva Project\Aurora\Process\Deodhai\deomain.cpp(668,27): warning C4244: 'argument': conversion from 'int64_t' to 'int', possible loss of data
E:\Xeneva Project\Aurora\Process\Deodhai\deomain.cpp(686,19): warning C4244: 'initializing': conversion from 'int64_t' to 'int', possible loss of data
E:\Xeneva Project\Aurora\Process\Deodhai\deomain.cpp(688,16): warning C4244: 'initializing': conversion from 'int64_t' to 'int', possible loss of data
E:\Xeneva Project\Aurora\Process\Deodhai\deomain.cpp(691,19): warning C4244: 'initializing': conversion from 'int64_t' to 'int', possible loss of data
E:\Xeneva Project\Aurora\Process\Deodhai\deomain.cpp(692,16): warning C4244: 'initializing': conversion from 'int64_t' to 'int', possible loss of data
E:\Xeneva Project\Aurora\Process\Deodhai\deomain.cpp(703,33): warning C4244: 'argument': conversion from 'int64_t' to 'int', possible loss of data
E:\Xeneva Project\Aurora\Process\Deodhai\deomain.cpp(703,28): warning C4244: 'argument': conversion from 'int64_t' to 'int', possible loss of data
E:\Xeneva Project\Aurora\Process\Deodhai\deomain.cpp(703,23): warning C4244: 'argument': conversion from 'int64_t' to 'int', possible loss of data
E:\Xeneva Project\Aurora\Process\Deodhai\deomain.cpp(703,19): warning C4244: 'argument': conversion from 'int64_t' to 'int', possible loss of data
E:\Xeneva Project\Aurora\Process\Deodhai\deomain.cpp(736,32): warning C4018: '>=': signed/unsigned mismatch
E:\Xeneva Project\Aurora\Process\Deodhai\deomain.cpp(739,33): warning C4018: '>=': signed/unsigned mismatch
E:\Xeneva Project\Aurora\Process\Deodhai\deomain.cpp(743,23): warning C4018: '>=': signed/unsigned mismatch
E:\Xeneva Project\Aurora\Process\Deodhai\deomain.cpp(746,23): warning C4018: '>=': signed/unsigned mismatch
E:\Xeneva Project\Aurora\Process\Deodhai\deomain.cpp(760,16): warning C4244: '=': conversion from 'int64_t' to 'int32_t', possible loss of data
E:\Xeneva Project\Aurora\Process\Deodhai\deomain.cpp(761,16): warning C4244: '=': conversion from 'int64_t' to 'int32_t', possible loss of data
E:\Xeneva Project\Aurora\Process\Deodhai\deomain.cpp(762,17): warning C4244: '=': conversion from 'int64_t' to 'int32_t', possible loss of data
E:\Xeneva Project\Aurora\Process\Deodhai\deomain.cpp(763,18): warning C4244: '=': conversion from 'int64_t' to 'int32_t', possible loss of data
E:\Xeneva Project\Aurora\Process\Deodhai\deomain.cpp(828,66): warning C4244: 'argument': conversion from 'int64_t' to 'int', possible loss of data
E:\Xeneva Project\Aurora\Process\Deodhai\deomain.cpp(828,58): warning C4244: 'argument': conversion from 'int64_t' to 'int', possible loss of data
E:\Xeneva Project\Aurora\Process\Deodhai\deomain.cpp(828,43): warning C4244: 'argument': conversion from 'int64_t' to 'int', possible loss of data
E:\Xeneva Project\Aurora\Process\Deodhai\deomain.cpp(828,23): warning C4244: 'argument': conversion from 'int64_t' to 'int', possible loss of data
E:\Xeneva Project\Aurora\Process\Deodhai\deomain.cpp(841,21): warning C4018: '>=': signed/unsigned mismatch
E:\Xeneva Project\Aurora\Process\Deodhai\deomain.cpp(843,21): warning C4018: '>=': signed/unsigned mismatch
E:\Xeneva Project\Aurora\Process\Deodhai\deomain.cpp(854,21): warning C4018: '<': signed/unsigned mismatch
E:\Xeneva Project\Aurora\Process\Deodhai\deomain.cpp(897,73): warning C4244: 'argument': conversion from 'int64_t' to 'int', possible loss of data
E:\Xeneva Project\Aurora\Process\Deodhai\deomain.cpp(897,65): warning C4244: 'argument': conversion from 'int64_t' to 'int', possible loss of data
E:\Xeneva Project\Aurora\Process\Deodhai\deomain.cpp(897,50): warning C4244: 'argument': conversion from 'int64_t' to 'int', possible loss of data
E:\Xeneva Project\Aurora\Process\Deodhai\deomain.cpp(897,26): warning C4244: 'argument': conversion from 'int64_t' to 'int', possible loss of data
E:\Xeneva Project\Aurora\Process\Deodhai\deomain.cpp(940,22): warning C4018: '<': signed/unsigned mismatch
E:\Xeneva Project\Aurora\Process\Deodhai\deomain.cpp(952,31): warning C4018: '>=': signed/unsigned mismatch
E:\Xeneva Project\Aurora\Process\Deodhai\deomain.cpp(955,31): warning C4018: '>=': signed/unsigned mismatch
E:\Xeneva Project\Aurora\Process\Deodhai\deomain.cpp(1026,23): warning C4018: '>=': signed/unsigned mismatch
E:\Xeneva Project\Aurora\Process\Deodhai\deomain.cpp(1028,23): warning C4018: '>=': signed/unsigned mismatch
E:\Xeneva Project\Aurora\Process\Deodhai\deomain.cpp(1077,30): warning C4018: '>=': signed/unsigned mismatch
E:\Xeneva Project\Aurora\Process\Deodhai\deomain.cpp(1080,31): warning C4018: '>=': signed/unsigned mismatch
E:\Xeneva Project\Aurora\Process\Deodhai\deomain.cpp(1158,22): warning C4018: '>=': signed/unsigned mismatch
E:\Xeneva Project\Aurora\Process\Deodhai\deomain.cpp(1160,22): warning C4018: '>=': signed/unsigned mismatch
E:\Xeneva Project\Aurora\Process\Deodhai\deomain.cpp(1212,12): warning C4244: '=': conversion from 'int' to 'uint16_t', possible loss of data
E:\Xeneva Project\Aurora\Process\Deodhai\deomain.cpp(1285,21): warning C4018: '<': signed/unsigned mismatch
E:\Xeneva Project\Aurora\Process\Deodhai\deomain.cpp(1337,20): warning C4018: '<': signed/unsigned mismatch
E:\Xeneva Project\Aurora\Process\Deodhai\deomain.cpp(1353,12): warning C4244: '=': conversion from 'int' to 'uint16_t', possible loss of data
E:\Xeneva Project\Aurora\Process\Deodhai\deomain.cpp(1385,100): warning C4267: 'argument': conversion from 'size_t' to 'uint32_t', possible loss of data
E:\Xeneva Project\Aurora\Process\Deodhai\deomain.cpp(1420,18): warning C4244: 'initializing': conversion from 'uint64_t' to 'time_t', possible loss of data
E:\Xeneva Project\Aurora\Process\Deodhai\deomain.cpp(1421,17): warning C4244: 'initializing': conversion from 'uint64_t' to 'long', possible loss of data
E:\Xeneva Project\Aurora\Process\Deodhai\deomain.cpp(1425,38): warning C4244: '=': conversion from 'uint64_t' to 'long', possible loss of data
E:\Xeneva Project\Aurora\Process\Deodhai\deomain.cpp(1431,47): warning C4459: declaration of 'startTime' hides global declaration
E:\Xeneva Project\Aurora\Process\Deodhai\deomain.cpp(91,10): message : see declaration of 'startTime'
E:\Xeneva Project\Aurora\Process\Deodhai\deomain.cpp(1524,27): warning C4244: 'initializing': conversion from 'uint64_t' to 'unsigned long', possible loss of data
E:\Xeneva Project\Aurora\Process\Deodhai\deomain.cpp(1545,32): warning C4244: '=': conversion from 'double' to 'uint32_t', possible loss of data
E:\Xeneva Project\Aurora\Process\Deodhai\deomain.cpp(1547,32): warning C4244: '=': conversion from 'double' to 'uint32_t', possible loss of data
E:\Xeneva Project\Aurora\Process\Deodhai\deomain.cpp(1559,35): warning C4018: '>=': signed/unsigned mismatch
E:\Xeneva Project\Aurora\Process\Deodhai\deomain.cpp(1562,35): warning C4018: '>=': signed/unsigned mismatch
E:\Xeneva Project\Aurora\Process\Deodhai\deomain.cpp(1616,18): warning C4244: 'initializing': conversion from 'uint32_t' to 'uint8_t', possible loss of data
E:\Xeneva Project\Aurora\Process\Deodhai\deomain.cpp(1677,21): warning C4244: 'initializing': conversion from 'uint32_t' to 'uint16_t', possible loss of data
E:\Xeneva Project\Aurora\Process\Deodhai\deomain.cpp(1703,21): warning C4244: 'initializing': conversion from 'uint32_t' to 'uint16_t', possible loss of data
E:\Xeneva Project\Aurora\Process\Deodhai\deomain.cpp(1766,21): warning C4389: '==': signed/unsigned mismatch
E:\Xeneva Project\Aurora\Process\Deodhai\deomain.cpp(1789,21): warning C4389: '==': signed/unsigned mismatch
E:\Xeneva Project\Aurora\Process\Deodhai\deomain.cpp(1790,19): warning C4244: '=': conversion from 'int' to 'uint8_t', possible loss of data
E:\Xeneva Project\Aurora\Process\Deodhai\deomain.cpp(1804,17): warning C4244: 'initializing': conversion from 'uint32_t' to 'uint8_t', possible loss of data
E:\Xeneva Project\Aurora\Process\Deodhai\deomain.cpp(1811,21): warning C4389: '==': signed/unsigned mismatch
E:\Xeneva Project\Aurora\Process\Deodhai\deomain.cpp(1818,56): warning C4244: 'argument': conversion from 'int' to 'uint16_t', possible loss of data
E:\Xeneva Project\Aurora\Process\Deodhai\deomain.cpp(1439,26): warning C4100: 'arv': unreferenced formal parameter
E:\Xeneva Project\Aurora\Process\Deodhai\deomain.cpp(1518,11): warning C4189: 'diff_tick': local variable is initialized but not referenced
E:\Xeneva Project\Aurora\Process\Deodhai\deomain.cpp(1517,11): warning C4189: 'frame_tick': local variable is initialized but not referenced
E:\Xeneva Project\Aurora\Process\Deodhai\deomain.cpp(1677,13): warning C4189: 'ownerId': local variable is initialized but not referenced
E:\Xeneva Project\Aurora\Process\Deodhai\deomain.cpp(1804,12): warning C4189: 'type': local variable is initialized but not referenced
E:\Xeneva Project\Aurora\Libs\Chitralekha\nanojpg.h(333): warning C4706: assignment within conditional expression
E:\Xeneva Project\Aurora\Libs\Chitralekha\nanojpg.h(335): warning C4706: assignment within conditional expression
E:\Xeneva Project\Aurora\Libs\Chitralekha\nanojpg.h(353): warning C4706: assignment within conditional expression
C:\Program Files (x86)\Microsoft Visual Studio\2019\Community\MSBuild\Microsoft\VC\v160\Microsoft.CppBuild.targets(1363,5): warning MSB8012: TargetPath(E:\Xeneva Project\Aurora\x64\Debug\Deodhai.exe) does not match the Linker's OutputFile property value (F:\deodhai.exe). This may cause your project to build incorrectly. To correct this, please make sure that $(OutDir), $(TargetName) and $(TargetExt) property values match the value specified in %(Link.OutputFile).
LINK : warning LNK4075: ignoring '/INCREMENTAL' due to '/LTCG' specification
backdirty.obj : warning LNK4075: ignoring '/EDITANDCONTINUE' due to '/DRIVER' specification
  LINK : /LTCG specified but no code generation required; remove /LTCG from the link command line to improve linker performance
LINK : warning LNK4281: undesirable base address 0x600000 for x64 image; set base address above 4GB for best ASLR optimization
  Deodhai.vcxproj -> E:\Xeneva Project\Aurora\x64\Debug\Deodhai.exe
