Build started 19-03-2024 ৰাতিপু 12:36:57.
     1>Project "E:\Xeneva Project\Aurora\Process\Terminal\Terminal.vcxproj" on node 2 (Rebuild target(s)).
     1>ClCompile:
         C:\Program Files (x86)\Microsoft Visual Studio 12.0\VC\bin\x86_amd64\CL.exe /c /I"E:\Xeneva Project\Aurora\Libs\XEClib\includes" /I"E:\Xeneva Project\Aurora\Libs\Chitralekha" /I"E:\os_dev\freetype2-master\freetype2-master\include" /Zi /nologo /W3 /WX- /sdl /Od /D ARCH_X64 /D YES_DYNAMIC /D DYNAMIC_IMPORTER /D _USE_FREETYPE /D _MBCS /X /Gm /GS- /arch:SSE2 /fp:precise /Zc:wchar_t /Zc:forScope /GR- /Fo"x64\Debug\\" /Fd"x64\Debug\vc120.pdb" /Gd /TP /errorReport:prompt term.cpp
     1>cl : Command line warning D9025: overriding '/sdl' with '/GS-'
     1>cl : Command line warning D9002: ignoring unknown option '/arch:SSE2'
         term.cpp
     1>E:\Xeneva Project\Aurora\Libs\XEClib\includes\ctype.h(50): warning C4005: 'isascii' : macro redefinition
                 E:\Xeneva Project\Aurora\Libs\XEClib\includes\ctype.h(39) : see previous definition of 'isascii'
     1>term.cpp(111): warning C4018: '>=' : signed/unsigned mismatch
     1>term.cpp(114): warning C4018: '>=' : signed/unsigned mismatch
     1>term.cpp(143): warning C4018: '>=' : signed/unsigned mismatch
     1>term.cpp(512): warning C4267: '=' : conversion from 'size_t' to 'int', possible loss of data
     1>C:\Program Files (x86)\MSBuild\Microsoft.Cpp\v4.0\V120\Microsoft.CppBuild.targets(1186,5): warning MSB8012: TargetPath(E:\Xeneva Project\Aurora\x64\Debug\Terminal.exe) does not match the Linker's OutputFile property value (F:\term.exe). This may cause your project to build incorrectly. To correct this, please make sure that $(OutDir), $(TargetName) and $(TargetExt) property values match the value specified in %(Link.OutputFile).
     1>C:\Program Files (x86)\MSBuild\Microsoft.Cpp\v4.0\V120\Microsoft.CppBuild.targets(1188,5): warning MSB8012: TargetName(Terminal) does not match the Linker's OutputFile property value (term). This may cause your project to build incorrectly. To correct this, please make sure that $(OutDir), $(TargetName) and $(TargetExt) property values match the value specified in %(Link.OutputFile).
       Link:
         C:\Program Files (x86)\Microsoft Visual Studio 12.0\VC\bin\x86_amd64\link.exe /ERRORREPORT:PROMPT /OUT:"F:\term.exe" /INCREMENTAL /NOLOGO /LIBPATH:"E:\Xeneva Project\Aurora\Libs\XECrt" /LIBPATH:"E:\Xeneva Project\Aurora\x64\Debug" xecrt.lib XEClib.lib Chitralekha.lib /NODEFAULTLIB /MANIFEST:NO /PDB:"E:\Xeneva Project\Aurora\x64\Debug\Terminal.pdb" /MAP /MAPINFO:EXPORTS /SUBSYSTEM:NATIVE /LARGEADDRESSAWARE /Driver /OPT:NOREF /LTCG /TLBID:1 /ENTRY:"_xemain" /BASE:"0x00000000C0000000" /FIXED:NO /IMPLIB:"E:\Xeneva Project\Aurora\x64\Debug\Terminal.lib" /MACHINE:X64 /ALIGN:512 x64\Debug\term.obj
     1>LINK : warning LNK4075: ignoring '/INCREMENTAL' due to '/LTCG' specification
         LINK : /LTCG specified but no code generation required; remove /LTCG from the link command line to improve linker performance
         Terminal.vcxproj -> E:\Xeneva Project\Aurora\x64\Debug\Terminal.exe
     1>Done Building Project "E:\Xeneva Project\Aurora\Process\Terminal\Terminal.vcxproj" (Rebuild target(s)).

Build succeeded.

Time Elapsed 00:00:00.73
