e:\xeneva project\aurora\process\deodhai\arm64\debug\backdirty.obj
e:\xeneva project\aurora\process\deodhai\arm64\debug\backdirty.asm
e:\xeneva project\aurora\process\deodhai\arm64\debug\deomain.obj
e:\xeneva project\aurora\process\deodhai\arm64\debug\deomain.asm
e:\xeneva project\aurora\process\deodhai\arm64\debug\rect.obj
e:\xeneva project\aurora\process\deodhai\arm64\debug\rect.asm
e:\xeneva project\aurora\process\deodhai\arm64\debug\window.obj
e:\xeneva project\aurora\process\deodhai\arm64\debug\window.asm
e:\xeneva project\aurora\process\deodhai\arm64\debug\dirty.obj
e:\xeneva project\aurora\process\deodhai\arm64\debug\dirty.asm
e:\xeneva project\aurora\process\deodhai\arm64\debug\clip.obj
e:\xeneva project\aurora\process\deodhai\arm64\debug\clip.asm
e:\xeneva project\aurora\process\deodhai\arm64\debug\animation.obj
e:\xeneva project\aurora\process\deodhai\arm64\debug\animation.asm
e:\xeneva project\aurora\process\deodhai\arm64\debug\cursor.obj
e:\xeneva project\aurora\process\deodhai\arm64\debug\cursor.asm
e:\xeneva project\aurora\process\deodhai\arm64\debug\vc142.pdb
e:\xeneva project\aurora\process\deodhai\arm64\debug\_fastcpy_arm64.obj
e:\xeneva project\aurora\build\deodxr.exe
e:\xeneva project\aurora\build\deodxr.map
e:\xeneva project\aurora\arm64\debug\deodxr.pdb
e:\xeneva project\aurora\process\deodhai\arm64\debug\deodhai.tlog\cl.11696.write.1.tlog
e:\xeneva project\aurora\process\deodhai\arm64\debug\deodhai.tlog\cl.command.1.tlog
e:\xeneva project\aurora\process\deodhai\arm64\debug\deodhai.tlog\cl.read.1.tlog
e:\xeneva project\aurora\process\deodhai\arm64\debug\deodhai.tlog\custombuild.command.1.tlog
e:\xeneva project\aurora\process\deodhai\arm64\debug\deodhai.tlog\custombuild.read.1.tlog
e:\xeneva project\aurora\process\deodhai\arm64\debug\deodhai.tlog\custombuild.write.1.tlog
e:\xeneva project\aurora\process\deodhai\arm64\debug\deodhai.tlog\link.command.1.tlog
e:\xeneva project\aurora\process\deodhai\arm64\debug\deodhai.tlog\link.read.1.tlog
e:\xeneva project\aurora\process\deodhai\arm64\debug\deodhai.tlog\link.write.1.tlog
