e:\xeneva project\aurora\xeloader\arm64\debug\vc142.pdb
e:\xeneva project\aurora\xeloader\arm64\debug\xeldrobject.obj
e:\xeneva project\aurora\xeloader\arm64\debug\xeldrobject.asm
e:\xeneva project\aurora\xeloader\arm64\debug\pe_.obj
e:\xeneva project\aurora\xeloader\arm64\debug\pe_.asm
e:\xeneva project\aurora\xeloader\arm64\debug\main.obj
e:\xeneva project\aurora\xeloader\arm64\debug\main.asm
e:\xeneva project\aurora\xeloader\arm64\debug\crt0_arm64.obj
e:\xeneva project\aurora\xeloader\arm64\debug\fastcpy_arm64.obj
e:\xeneva project\aurora\build\xeldr.exe
e:\xeneva project\aurora\build\xeldr.map
e:\xeneva project\aurora\xeloader\arm64\debug\xeloader.tlog\cl.command.1.tlog
e:\xeneva project\aurora\xeloader\arm64\debug\xeloader.tlog\cl.read.1.tlog
e:\xeneva project\aurora\xeloader\arm64\debug\xeloader.tlog\cl.write.1.tlog
e:\xeneva project\aurora\xeloader\arm64\debug\xeloader.tlog\custombuild.command.1.tlog
e:\xeneva project\aurora\xeloader\arm64\debug\xeloader.tlog\custombuild.read.1.tlog
e:\xeneva project\aurora\xeloader\arm64\debug\xeloader.tlog\custombuild.write.1.tlog
e:\xeneva project\aurora\xeloader\arm64\debug\xeloader.tlog\link.command.1.tlog
e:\xeneva project\aurora\xeloader\arm64\debug\xeloader.tlog\link.read.1.tlog
e:\xeneva project\aurora\xeloader\arm64\debug\xeloader.tlog\link.write.1.tlog
