Build started 06-07-2023 আবেলি 1:12:40.
     1>Project "E:\Xeneva Project\Aurora\Libs\XECrt\XECrt.vcxproj" on node 2 (Rebuild target(s)).
     1>_NASM:
         crt0.asm
         cmd.exe /C "C:\Users\HP\AppData\Local\Temp\tmp7c527a34463f4313b66cb516124573ae.cmd"
         "C:\Program Files (x86)\Microsoft Visual Studio 12.0\VC\"nasm.exe -Xvc -f win64 -o "x64\Debug\crt0.obj"  "E:\Xeneva Project\Aurora\Libs\XECrt\crt0.asm"
       ClCompile:
         C:\Program Files (x86)\Microsoft Visual Studio 12.0\VC\bin\x86_amd64\CL.exe /c /I"E:\Xeneva Project\Aurora\Libs\XEClib\includes" /Zi /nologo /W3 /WX- /sdl- /MP /Od /D ARCH_X64 /D _MBCS /X /Gm /GS- /arch:SSE2 /fp:precise /Zc:wchar_t /Zc:forScope /GR- /Fo"x64\Debug\\" /Fd"x64\Debug\vc120.pdb" /Gd /TP /errorReport:prompt crt.cpp
     1>cl : Command line warning D9025: overriding '/sdl-' with '/GS-'
     1>cl : Command line warning D9002: ignoring unknown option '/arch:SSE2'
         crt.cpp
     1>crt.cpp(36): warning C4267: 'argument' : conversion from 'size_t' to 'unsigned int', possible loss of data
     1>crt.cpp(40): warning C4267: 'argument' : conversion from 'size_t' to 'unsigned int', possible loss of data
     1>C:\Program Files (x86)\MSBuild\Microsoft.Cpp\v4.0\V120\Microsoft.CppBuild.targets(1354,5): warning MSB8012: TargetPath(E:\Xeneva Project\Aurora\x64\Debug\XECrt.lib) does not match the Library's OutputFile property value (E:\Xeneva Project\Aurora\Libs\XECrt\xecrt.lib). This may cause your project to build incorrectly. To correct this, please make sure that $(OutDir), $(TargetName) and $(TargetExt) property values match the value specified in %(Lib.OutputFile).
       Lib:
         C:\Program Files (x86)\Microsoft Visual Studio 12.0\VC\bin\x86_amd64\Lib.exe /OUT:"E:\Xeneva Project\Aurora\Libs\XECrt\xecrt.lib" /NOLOGO /MACHINE:X64 x64\Debug\crt.obj
         x64\Debug\crt0.obj
         XECrt.vcxproj -> E:\Xeneva Project\Aurora\x64\Debug\XECrt.lib
     1>Done Building Project "E:\Xeneva Project\Aurora\Libs\XECrt\XECrt.vcxproj" (Rebuild target(s)).

Build succeeded.

Time Elapsed 00:00:00.63
