e:\xeneva_project\aurora\drivers\usb\dwc2-uspi\arm64\debug\vc142.pdb
e:\xeneva_project\aurora\drivers\usb\dwc2-uspi\arm64\debug\usbgamepad.obj
e:\xeneva_project\aurora\drivers\usb\dwc2-uspi\arm64\debug\usbfunction.obj
e:\xeneva_project\aurora\drivers\usb\dwc2-uspi\arm64\debug\usbendpoint.obj
e:\xeneva_project\aurora\drivers\usb\dwc2-uspi\arm64\debug\usbdevicefactory.obj
e:\xeneva_project\aurora\drivers\usb\dwc2-uspi\arm64\debug\usbdevice.obj
e:\xeneva_project\aurora\drivers\usb\dwc2-uspi\arm64\debug\usbconfigparser.obj
e:\xeneva_project\aurora\drivers\usb\dwc2-uspi\arm64\debug\synchronize.obj
e:\xeneva_project\aurora\drivers\usb\dwc2-uspi\arm64\debug\string.obj
e:\xeneva_project\aurora\drivers\usb\dwc2-uspi\arm64\debug\smsc951x.obj
e:\xeneva_project\aurora\drivers\usb\dwc2-uspi\arm64\debug\macaddress.obj
e:\xeneva_project\aurora\drivers\usb\dwc2-uspi\arm64\debug\lan7800.obj
e:\xeneva_project\aurora\drivers\usb\dwc2-uspi\arm64\debug\keymap.obj
e:\xeneva_project\aurora\drivers\usb\dwc2-uspi\arm64\debug\dwhcixferstagedata.obj
e:\xeneva_project\aurora\drivers\usb\dwc2-uspi\arm64\debug\dwhcirootport.obj
e:\xeneva_project\aurora\drivers\usb\dwc2-uspi\arm64\debug\dwhciregister.obj
e:\xeneva_project\aurora\drivers\usb\dwc2-uspi\arm64\debug\dwhciframeschedper.obj
e:\xeneva_project\aurora\drivers\usb\dwc2-uspi\arm64\debug\dwhciframeschednsplit.obj
e:\xeneva_project\aurora\drivers\usb\dwc2-uspi\arm64\debug\dwhciframeschednper.obj
e:\xeneva_project\aurora\drivers\usb\dwc2-uspi\arm64\debug\dwhcidevice.obj
e:\xeneva_project\aurora\drivers\usb\dwc2-uspi\arm64\debug\devicenameservice.obj
e:\xeneva_project\aurora\drivers\usb\dwc2-uspi\arm64\debug\util.obj
e:\xeneva_project\aurora\drivers\usb\dwc2-uspi\arm64\debug\uspios.obj
e:\xeneva_project\aurora\drivers\usb\dwc2-uspi\arm64\debug\uspilibrary.obj
e:\xeneva_project\aurora\drivers\usb\dwc2-uspi\arm64\debug\usbstring.obj
e:\xeneva_project\aurora\drivers\usb\dwc2-uspi\arm64\debug\usbstandardhub.obj
e:\xeneva_project\aurora\drivers\usb\dwc2-uspi\arm64\debug\usbrequest.obj
e:\xeneva_project\aurora\drivers\usb\dwc2-uspi\arm64\debug\usbmouse.obj
e:\xeneva_project\aurora\drivers\usb\dwc2-uspi\arm64\debug\usbmidi.obj
e:\xeneva_project\aurora\drivers\usb\dwc2-uspi\arm64\debug\usbmassdevice.obj
e:\xeneva_project\aurora\drivers\usb\dwc2-uspi\arm64\debug\usbkeyboard.obj
e:\xeneva_project\aurora\drivers\usb\dwc2-uspi\arm64\debug\main.obj
e:\xeneva_project\aurora\drivers\usb\dwc2-uspi\arm64\debug\_chkstk.obj
e:\xeneva_project\aurora\arm64\debug\dwc2otg.lib
e:\xeneva_project\aurora\arm64\debug\dwc2otg.exp
e:\xeneva_project\aurora\build\dwc2otg.dll
e:\xeneva_project\aurora\build\dwc2otg.map
e:\xeneva_project\aurora\drivers\usb\dwc2-uspi\arm64\debug\dwc2-uspi.tlog\cl.command.1.tlog
e:\xeneva_project\aurora\drivers\usb\dwc2-uspi\arm64\debug\dwc2-uspi.tlog\cl.read.1.tlog
e:\xeneva_project\aurora\drivers\usb\dwc2-uspi\arm64\debug\dwc2-uspi.tlog\cl.write.1.tlog
e:\xeneva_project\aurora\drivers\usb\dwc2-uspi\arm64\debug\dwc2-uspi.tlog\custombuild.command.1.tlog
e:\xeneva_project\aurora\drivers\usb\dwc2-uspi\arm64\debug\dwc2-uspi.tlog\custombuild.read.1.tlog
e:\xeneva_project\aurora\drivers\usb\dwc2-uspi\arm64\debug\dwc2-uspi.tlog\custombuild.write.1.tlog
e:\xeneva_project\aurora\drivers\usb\dwc2-uspi\arm64\debug\dwc2-uspi.tlog\dwc2-uspi.write.1u.tlog
e:\xeneva_project\aurora\drivers\usb\dwc2-uspi\arm64\debug\dwc2-uspi.tlog\link.command.1.tlog
e:\xeneva_project\aurora\drivers\usb\dwc2-uspi\arm64\debug\dwc2-uspi.tlog\link.read.1.tlog
e:\xeneva_project\aurora\drivers\usb\dwc2-uspi\arm64\debug\dwc2-uspi.tlog\link.write.1.tlog
