cl : command line warning D9002: ignoring unknown option '/arch:SSE'
  e1000.cpp
E:\Xeneva Project\Aurora\BaseHdr\Hal\basicacpi.h(154,11): warning C4200: nonstandard extension used: zero-sized array in struct/union
E:\Xeneva Project\Aurora\BaseHdr\Hal\basicacpi.h(154,11): message : This member will be ignored by a defaulted constructor or copy/move assignment operator
E:\Xeneva Project\Aurora\BaseHdr\Hal\basicacpi.h(185,9): warning C4200: nonstandard extension used: zero-sized array in struct/union
E:\Xeneva Project\Aurora\BaseHdr\Hal\basicacpi.h(185,9): message : This member will be ignored by a defaulted constructor or copy/move assignment operator
E:\Xeneva Project\Aurora\BaseHdr\Hal\basicacpi.h(267,16): warning C4200: nonstandard extension used: zero-sized array in struct/union
E:\Xeneva Project\Aurora\BaseHdr\Hal\basicacpi.h(267,16): message : This member will be ignored by a defaulted constructor or copy/move assignment operator
E:\Xeneva Project\Aurora\BaseHdr\Hal\basicacpi.h(283,11): warning C4200: nonstandard extension used: zero-sized array in struct/union
E:\Xeneva Project\Aurora\BaseHdr\Hal\basicacpi.h(283,11): message : This member will be ignored by a defaulted constructor or copy/move assignment operator
E:\Xeneva Project\Aurora\BaseHdr\stdarg.h(43,1): warning C4005: 'STACKITEM': macro redefinition
E:\Xeneva Project\Aurora\BaseHdr\va_list.h(49): message : see previous definition of 'STACKITEM'
E:\Xeneva Project\Aurora\BaseHdr\stdarg.h(54,1): warning C4005: 'va_start': macro redefinition
E:\Xeneva Project\Aurora\BaseHdr\va_list.h(56): message : see previous definition of 'va_start'
E:\Xeneva Project\Aurora\BaseHdr\Hal\x86_64_hal.h(35,1): warning C4103: alignment changed after including header, may be due to missing #pragma pack(pop)
E:\Xeneva Project\Aurora\BaseHdr\audrv.h(34,1): warning C4103: alignment changed after including header, may be due to missing #pragma pack(pop)
E:\Xeneva Project\Aurora\Drivers\E1000\e1000.cpp(41,1): warning C4103: alignment changed after including header, may be due to missing #pragma pack(pop)
E:\Xeneva Project\Aurora\Drivers\E1000\e1000.cpp(227,44): warning C4267: '=': conversion from 'size_t' to 'volatile uint16_t', possible loss of data
E:\Xeneva Project\Aurora\Drivers\E1000\e1000.cpp(357,18): warning C4244: 'initializing': conversion from 'uint64_t' to 'uint32_t', possible loss of data
E:\Xeneva Project\Aurora\Drivers\E1000\e1000.cpp(368,35): warning C4244: 'argument': conversion from 'uint64_t' to 'uint32_t', possible loss of data
C:\Program Files (x86)\Microsoft Visual Studio\2019\Community\MSBuild\Microsoft\VC\v160\Microsoft.CppBuild.targets(1363,5): warning MSB8012: TargetPath(E:\Xeneva Project\Aurora\x64\Debug\E1000.dll) does not match the Linker's OutputFile property value (F:\e1000.dll). This may cause your project to build incorrectly. To correct this, please make sure that $(OutDir), $(TargetName) and $(TargetExt) property values match the value specified in %(Link.OutputFile).
LINK : warning LNK4075: ignoring '/INCREMENTAL' due to '/LTCG' specification
e1000.obj : warning LNK4075: ignoring '/EDITANDCONTINUE' due to '/DRIVER' specification
     Creating library E:\Xeneva Project\Aurora\x64\Debug\E1000.lib and object E:\Xeneva Project\Aurora\x64\Debug\E1000.exp
  LINK : /LTCG specified but no code generation required; remove /LTCG from the link command line to improve linker performance
  E1000.vcxproj -> E:\Xeneva Project\Aurora\x64\Debug\E1000.dll
