e:\xeneva_project\aurora\arm64\debug\chlkha.lib
e:\xeneva_project\aurora\arm64\debug\chlkha.exp
e:\xeneva_project\aurora\libs\chitralekha\arm64\debug\vc142.pdb
e:\xeneva_project\aurora\libs\chitralekha\arm64\debug\icon.obj
e:\xeneva_project\aurora\libs\chitralekha\arm64\debug\icon.asm
e:\xeneva_project\aurora\libs\chitralekha\arm64\debug\gridview.obj
e:\xeneva_project\aurora\libs\chitralekha\arm64\debug\gridview.asm
e:\xeneva_project\aurora\libs\chitralekha\arm64\debug\defaultwindow.obj
e:\xeneva_project\aurora\libs\chitralekha\arm64\debug\defaultwindow.asm
e:\xeneva_project\aurora\libs\chitralekha\arm64\debug\defaultviews.obj
e:\xeneva_project\aurora\libs\chitralekha\arm64\debug\defaultviews.asm
e:\xeneva_project\aurora\libs\chitralekha\arm64\debug\defaulttextbox.obj
e:\xeneva_project\aurora\libs\chitralekha\arm64\debug\defaulttextbox.asm
e:\xeneva_project\aurora\libs\chitralekha\arm64\debug\defaultslider.obj
e:\xeneva_project\aurora\libs\chitralekha\arm64\debug\defaultslider.asm
e:\xeneva_project\aurora\libs\chitralekha\arm64\debug\defaultscrollbar.obj
e:\xeneva_project\aurora\libs\chitralekha\arm64\debug\defaultscrollbar.asm
e:\xeneva_project\aurora\libs\chitralekha\arm64\debug\defaultprogressbar.obj
e:\xeneva_project\aurora\libs\chitralekha\arm64\debug\defaultprogressbar.asm
e:\xeneva_project\aurora\libs\chitralekha\arm64\debug\defaultonoff.obj
e:\xeneva_project\aurora\libs\chitralekha\arm64\debug\defaultonoff.asm
e:\xeneva_project\aurora\libs\chitralekha\arm64\debug\defaultmenu.obj
e:\xeneva_project\aurora\libs\chitralekha\arm64\debug\defaultmenu.asm
e:\xeneva_project\aurora\libs\chitralekha\arm64\debug\button.obj
e:\xeneva_project\aurora\libs\chitralekha\arm64\debug\button.asm
e:\xeneva_project\aurora\libs\chitralekha\arm64\debug\base.obj
e:\xeneva_project\aurora\libs\chitralekha\arm64\debug\base.asm
e:\xeneva_project\aurora\libs\chitralekha\arm64\debug\ttf.obj
e:\xeneva_project\aurora\libs\chitralekha\arm64\debug\ttf.asm
e:\xeneva_project\aurora\libs\chitralekha\arm64\debug\keycode.obj
e:\xeneva_project\aurora\libs\chitralekha\arm64\debug\keycode.asm
e:\xeneva_project\aurora\libs\chitralekha\arm64\debug\font.obj
e:\xeneva_project\aurora\libs\chitralekha\arm64\debug\font.asm
e:\xeneva_project\aurora\libs\chitralekha\arm64\debug\draw.obj
e:\xeneva_project\aurora\libs\chitralekha\arm64\debug\draw.asm
e:\xeneva_project\aurora\libs\chitralekha\arm64\debug\color.obj
e:\xeneva_project\aurora\libs\chitralekha\arm64\debug\color.asm
e:\xeneva_project\aurora\libs\chitralekha\arm64\debug\chitralekha.obj
e:\xeneva_project\aurora\libs\chitralekha\arm64\debug\chitralekha.asm
e:\xeneva_project\aurora\libs\chitralekha\arm64\debug\boxblur.obj
e:\xeneva_project\aurora\libs\chitralekha\arm64\debug\boxblur.asm
e:\xeneva_project\aurora\libs\chitralekha\arm64\debug\audio.obj
e:\xeneva_project\aurora\libs\chitralekha\arm64\debug\audio.asm
e:\xeneva_project\aurora\libs\chitralekha\arm64\debug\window.obj
e:\xeneva_project\aurora\libs\chitralekha\arm64\debug\window.asm
e:\xeneva_project\aurora\libs\chitralekha\arm64\debug\view.obj
e:\xeneva_project\aurora\libs\chitralekha\arm64\debug\view.asm
e:\xeneva_project\aurora\libs\chitralekha\arm64\debug\textbox.obj
e:\xeneva_project\aurora\libs\chitralekha\arm64\debug\textbox.asm
e:\xeneva_project\aurora\libs\chitralekha\arm64\debug\slider.obj
e:\xeneva_project\aurora\libs\chitralekha\arm64\debug\slider.asm
e:\xeneva_project\aurora\libs\chitralekha\arm64\debug\sidebar.obj
e:\xeneva_project\aurora\libs\chitralekha\arm64\debug\sidebar.asm
e:\xeneva_project\aurora\libs\chitralekha\arm64\debug\scrollpane.obj
e:\xeneva_project\aurora\libs\chitralekha\arm64\debug\scrollpane.asm
e:\xeneva_project\aurora\libs\chitralekha\arm64\debug\scrollbar.obj
e:\xeneva_project\aurora\libs\chitralekha\arm64\debug\scrollbar.asm
e:\xeneva_project\aurora\libs\chitralekha\arm64\debug\progress.obj
e:\xeneva_project\aurora\libs\chitralekha\arm64\debug\progress.asm
e:\xeneva_project\aurora\libs\chitralekha\arm64\debug\popupwin.obj
e:\xeneva_project\aurora\libs\chitralekha\arm64\debug\popupwin.asm
e:\xeneva_project\aurora\libs\chitralekha\arm64\debug\onoff.obj
e:\xeneva_project\aurora\libs\chitralekha\arm64\debug\onoff.asm
e:\xeneva_project\aurora\libs\chitralekha\arm64\debug\msgbox.obj
e:\xeneva_project\aurora\libs\chitralekha\arm64\debug\msgbox.asm
e:\xeneva_project\aurora\libs\chitralekha\arm64\debug\menubar.obj
e:\xeneva_project\aurora\libs\chitralekha\arm64\debug\menubar.asm
e:\xeneva_project\aurora\libs\chitralekha\arm64\debug\menu.obj
e:\xeneva_project\aurora\libs\chitralekha\arm64\debug\menu.asm
e:\xeneva_project\aurora\libs\chitralekha\arm64\debug\listview.obj
e:\xeneva_project\aurora\libs\chitralekha\arm64\debug\listview.asm
e:\xeneva_project\aurora\libs\chitralekha\arm64\debug\list.obj
e:\xeneva_project\aurora\libs\chitralekha\arm64\debug\list.asm
e:\xeneva_project\aurora\libs\chitralekha\arm64\debug\_fastcpy_arm64.obj
e:\xeneva_project\aurora\build\chlkha.dll
e:\xeneva_project\aurora\build\chlkha.map
e:\xeneva_project\aurora\libs\chitralekha\arm64\debug\chitralekha.tlog\chitralekha.write.1u.tlog
e:\xeneva_project\aurora\libs\chitralekha\arm64\debug\chitralekha.tlog\cl.command.1.tlog
e:\xeneva_project\aurora\libs\chitralekha\arm64\debug\chitralekha.tlog\cl.read.1.tlog
e:\xeneva_project\aurora\libs\chitralekha\arm64\debug\chitralekha.tlog\cl.write.1.tlog
e:\xeneva_project\aurora\libs\chitralekha\arm64\debug\chitralekha.tlog\custombuild.command.1.tlog
e:\xeneva_project\aurora\libs\chitralekha\arm64\debug\chitralekha.tlog\custombuild.read.1.tlog
e:\xeneva_project\aurora\libs\chitralekha\arm64\debug\chitralekha.tlog\custombuild.write.1.tlog
e:\xeneva_project\aurora\libs\chitralekha\arm64\debug\chitralekha.tlog\link.command.1.tlog
e:\xeneva_project\aurora\libs\chitralekha\arm64\debug\chitralekha.tlog\link.read.1.tlog
e:\xeneva_project\aurora\libs\chitralekha\arm64\debug\chitralekha.tlog\link.write.1.tlog
