cl : command line warning D9002: ignoring unknown option '/arch:SSE2'
  audmain.cpp
E:\Xeneva Project\Aurora\Process\DeodhaiAudio\audmain.cpp(35,10): warning C4067: unexpected tokens following preprocessor directive - expected a newline
E:\Xeneva Project\Aurora\Process\DeodhaiAudio\audmain.cpp(146,34): warning C4244: 'argument': conversion from 'int' to 'uint16_t', possible loss of data
E:\Xeneva Project\Aurora\Process\DeodhaiAudio\audmain.cpp(157,40): warning C4244: 'argument': conversion from 'int' to 'uint16_t', possible loss of data
E:\Xeneva Project\Aurora\Process\DeodhaiAudio\audmain.cpp(191,20): warning C4018: '<': signed/unsigned mismatch
E:\Xeneva Project\Aurora\Process\DeodhaiAudio\audmain.cpp(207,37): warning C4244: '*=': conversion from 'float' to 'int16_t', possible loss of data
E:\Xeneva Project\Aurora\Process\DeodhaiAudio\audmain.cpp(213,37): warning C4244: '*=': conversion from 'float' to 'int16_t', possible loss of data
E:\Xeneva Project\Aurora\Process\DeodhaiAudio\audmain.cpp(215,50): warning C4244: '+=': conversion from 'float' to 'int16_t', possible loss of data
E:\Xeneva Project\Aurora\Process\DeodhaiAudio\audmain.cpp(217,55): warning C4244: '+=': conversion from 'float' to 'int16_t', possible loss of data
E:\Xeneva Project\Aurora\Process\DeodhaiAudio\audmain.cpp(225,37): warning C4244: '*=': conversion from 'float' to 'int16_t', possible loss of data
E:\Xeneva Project\Aurora\Process\DeodhaiAudio\audmain.cpp(292,62): warning C4267: '=': conversion from 'size_t' to 'int', possible loss of data
E:\Xeneva Project\Aurora\Process\DeodhaiAudio\audmain.cpp(253,26): warning C4100: 'argv': unreferenced formal parameter
E:\Xeneva Project\Aurora\Process\DeodhaiAudio\audmain.cpp(253,14): warning C4100: 'argc': unreferenced formal parameter
E:\Xeneva Project\Aurora\Process\DeodhaiAudio\audmain.cpp(254,6): warning C4189: 'process_ID': local variable is initialized but not referenced
C:\Program Files (x86)\Microsoft Visual Studio\2019\Community\MSBuild\Microsoft\VC\v160\Microsoft.CppBuild.targets(1363,5): warning MSB8012: TargetPath(E:\Xeneva Project\Aurora\x64\Debug\DeodhaiAudio.exe) does not match the Linker's OutputFile property value (F:\deoaud.exe). This may cause your project to build incorrectly. To correct this, please make sure that $(OutDir), $(TargetName) and $(TargetExt) property values match the value specified in %(Link.OutputFile).
C:\Program Files (x86)\Microsoft Visual Studio\2019\Community\MSBuild\Microsoft\VC\v160\Microsoft.CppBuild.targets(1365,5): warning MSB8012: TargetName(DeodhaiAudio) does not match the Linker's OutputFile property value (deoaud). This may cause your project to build incorrectly. To correct this, please make sure that $(OutDir), $(TargetName) and $(TargetExt) property values match the value specified in %(Link.OutputFile).
LINK : warning LNK4075: ignoring '/INCREMENTAL' due to '/LTCG' specification
audmain.obj : warning LNK4075: ignoring '/EDITANDCONTINUE' due to '/DRIVER' specification
  LINK : /LTCG specified but no code generation required; remove /LTCG from the link command line to improve linker performance
LINK : warning LNK4281: undesirable base address 0x600000 for x64 image; set base address above 4GB for best ASLR optimization
  DeodhaiAudio.vcxproj -> E:\Xeneva Project\Aurora\x64\Debug\DeodhaiAudio.exe
