cl : command line warning D9002: ignoring unknown option '/arch:SSE2'
cl : command line warning D9002: ignoring unknown option '/arch:SSE2'
  main.cpp
cl : command line warning D9002: ignoring unknown option '/arch:SSE2'
  partition.cpp
E:\Xeneva Project\Aurora\Process\Files\main.cpp(76,79): warning C4100: 'button': unreferenced formal parameter
E:\Xeneva Project\Aurora\Process\Files\partition.cpp(86,71): warning C4244: '=': conversion from 'int64_t' to 'int', possible loss of data
E:\Xeneva Project\Aurora\Process\Files\main.cpp(76,72): warning C4100: 'y': unreferenced formal parameter
E:\Xeneva Project\Aurora\Process\Files\main.cpp(76,65): warning C4100: 'x': unreferenced formal parameter
E:\Xeneva Project\Aurora\Process\Files\partition.cpp(98,20): warning C4018: '<': signed/unsigned mismatch
E:\Xeneva Project\Aurora\Process\Files\main.cpp(114,53): warning C4100: 'win': unreferenced formal parameter
E:\Xeneva Project\Aurora\Process\Files\partition.cpp(107,20): warning C4018: '<': signed/unsigned mismatch
E:\Xeneva Project\Aurora\Process\Files\main.cpp(114,38): warning C4100: 'wid': unreferenced formal parameter
E:\Xeneva Project\Aurora\Process\Files\partition.cpp(105,89): warning C4100: 'button': unreferenced formal parameter
E:\Xeneva Project\Aurora\Process\Files\main.cpp(160,40): warning C4244: 'argument': conversion from 'int' to 'char', possible loss of data
E:\Xeneva Project\Aurora\Process\Files\main.cpp(152,16): warning C4189: 'c': local variable is initialized but not referenced
E:\Xeneva Project\Aurora\Process\Files\main.cpp(170,28): warning C4267: 'initializing': conversion from 'size_t' to 'int', possible loss of data
E:\Xeneva Project\Aurora\Process\Files\main.cpp(173,48): warning C4267: 'argument': conversion from 'size_t' to 'unsigned int', possible loss of data
E:\Xeneva Project\Aurora\Process\Files\main.cpp(179,6): warning C4189: 'k': local variable is initialized but not referenced
E:\Xeneva Project\Aurora\Process\Files\main.cpp(257,56): warning C4459: declaration of 'lv' hides global declaration
E:\Xeneva Project\Aurora\Process\Files\main.cpp(58,13): message : see declaration of 'lv'
E:\Xeneva Project\Aurora\Process\Files\main.cpp(258,24): warning C4267: 'initializing': conversion from 'size_t' to 'int', possible loss of data
E:\Xeneva Project\Aurora\Process\Files\main.cpp(259,58): warning C4267: 'argument': conversion from 'size_t' to 'unsigned int', possible loss of data
E:\Xeneva Project\Aurora\Process\Files\main.cpp(263,42): warning C4267: 'argument': conversion from 'size_t' to 'unsigned int', possible loss of data
E:\Xeneva Project\Aurora\Process\Files\main.cpp(289,24): warning C4267: 'initializing': conversion from 'size_t' to 'int', possible loss of data
E:\Xeneva Project\Aurora\Process\Files\main.cpp(290,44): warning C4267: 'argument': conversion from 'size_t' to 'unsigned int', possible loss of data
E:\Xeneva Project\Aurora\Process\Files\main.cpp(322,38): warning C4267: 'argument': conversion from 'size_t' to 'unsigned int', possible loss of data
E:\Xeneva Project\Aurora\Process\Files\main.cpp(288,46): warning C4100: 'win': unreferenced formal parameter
E:\Xeneva Project\Aurora\Process\Files\main.cpp(288,31): warning C4100: 'wid': unreferenced formal parameter
E:\Xeneva Project\Aurora\Process\Files\main.cpp(329,44): warning C4100: 'win': unreferenced formal parameter
E:\Xeneva Project\Aurora\Process\Files\main.cpp(329,29): warning C4100: 'wid': unreferenced formal parameter
E:\Xeneva Project\Aurora\Process\Files\main.cpp(340,47): warning C4100: 'win': unreferenced formal parameter
E:\Xeneva Project\Aurora\Process\Files\main.cpp(340,32): warning C4100: 'wid': unreferenced formal parameter
E:\Xeneva Project\Aurora\Process\Files\main.cpp(353,24): warning C4267: 'initializing': conversion from 'size_t' to 'int', possible loss of data
E:\Xeneva Project\Aurora\Process\Files\main.cpp(354,58): warning C4267: 'argument': conversion from 'size_t' to 'unsigned int', possible loss of data
E:\Xeneva Project\Aurora\Process\Files\main.cpp(358,42): warning C4267: 'argument': conversion from 'size_t' to 'unsigned int', possible loss of data
E:\Xeneva Project\Aurora\Process\Files\main.cpp(348,44): warning C4100: 'win': unreferenced formal parameter
E:\Xeneva Project\Aurora\Process\Files\main.cpp(348,29): warning C4100: 'wid': unreferenced formal parameter
E:\Xeneva Project\Aurora\Process\Files\main.cpp(434,34): warning C4267: 'argument': conversion from 'size_t' to 'unsigned int', possible loss of data
E:\Xeneva Project\Aurora\Process\Files\main.cpp(452,37): warning C4267: 'argument': conversion from 'size_t' to 'unsigned int', possible loss of data
E:\Xeneva Project\Aurora\Process\Files\main.cpp(462,35): warning C4244: 'argument': conversion from 'int' to 'uint8_t', possible loss of data
E:\Xeneva Project\Aurora\Process\Files\main.cpp(468,45): warning C4244: 'argument': conversion from 'int' to 'uint8_t', possible loss of data
E:\Xeneva Project\Aurora\Process\Files\main.cpp(468,42): warning C4244: 'argument': conversion from 'int' to 'uint8_t', possible loss of data
E:\Xeneva Project\Aurora\Process\Files\main.cpp(413,14): warning C4189: 'about2': local variable is initialized but not referenced
E:\Xeneva Project\Aurora\Process\Files\main.cpp(414,14): warning C4189: 'about3': local variable is initialized but not referenced
E:\Xeneva Project\Aurora\Process\Files\main.cpp(511,9): warning C4189: 'progress': local variable is initialized but not referenced
E:\Xeneva Project\Aurora\Process\Files\main.cpp(412,14): warning C4189: 'about1': local variable is initialized but not referenced
C:\Program Files (x86)\Microsoft Visual Studio\2019\Community\MSBuild\Microsoft\VC\v160\Microsoft.CppBuild.targets(1363,5): warning MSB8012: TargetPath(E:\Xeneva Project\Aurora\x64\Debug\file.exe) does not match the Linker's OutputFile property value (E:\Xeneva Project\Aurora\Build\file.exe). This may cause your project to build incorrectly. To correct this, please make sure that $(OutDir), $(TargetName) and $(TargetExt) property values match the value specified in %(Link.OutputFile).
LINK : warning LNK4075: ignoring '/INCREMENTAL' due to '/LTCG' specification
main.obj : warning LNK4075: ignoring '/EDITANDCONTINUE' due to '/DRIVER' specification
  LINK : /LTCG specified but no code generation required; remove /LTCG from the link command line to improve linker performance
LINK : warning LNK4281: undesirable base address 0x600000 for x64 image; set base address above 4GB for best ASLR optimization
  Files.vcxproj -> E:\Xeneva Project\Aurora\x64\Debug\file.exe
          1 file(s) copied.
