cl : command line warning D9002: ignoring unknown option '/arch:SSE2'
  virtioblk.cpp
C:\Users\paras\source\repos\grep-name\XenevaOS\BaseHdr\Cred\group.h(88,2): warning C4091: 'typedef ': ignored on left of '_gid_entries_' when no variable is declared
C:\Users\paras\source\repos\grep-name\XenevaOS\BaseHdr\Hal\basicacpi.h(163,11): warning C4200: nonstandard extension used: zero-sized array in struct/union
C:\Users\paras\source\repos\grep-name\XenevaOS\BaseHdr\Hal\basicacpi.h(163,11): message : This member will be ignored by a defaulted constructor or copy/move assignment operator
C:\Users\paras\source\repos\grep-name\XenevaOS\BaseHdr\Hal\basicacpi.h(234,9): warning C4200: nonstandard extension used: zero-sized array in struct/union
C:\Users\paras\source\repos\grep-name\XenevaOS\BaseHdr\Hal\basicacpi.h(234,9): message : This member will be ignored by a defaulted constructor or copy/move assignment operator
C:\Users\paras\source\repos\grep-name\XenevaOS\BaseHdr\Hal\basicacpi.h(316,16): warning C4200: nonstandard extension used: zero-sized array in struct/union
C:\Users\paras\source\repos\grep-name\XenevaOS\BaseHdr\Hal\basicacpi.h(316,16): message : This member will be ignored by a defaulted constructor or copy/move assignment operator
C:\Users\paras\source\repos\grep-name\XenevaOS\BaseHdr\Hal\basicacpi.h(332,11): warning C4200: nonstandard extension used: zero-sized array in struct/union
C:\Users\paras\source\repos\grep-name\XenevaOS\BaseHdr\Hal\basicacpi.h(332,11): message : This member will be ignored by a defaulted constructor or copy/move assignment operator
C:\Users\paras\source\repos\grep-name\XenevaOS\BaseHdr\Board\imx8mp\imx8mp.h(37,1): warning C4067: unexpected tokens following preprocessor directive - expected a newline
C:\Users\paras\source\repos\grep-name\XenevaOS\Drivers\virtioblk\virtioblk.cpp(61,1): warning C4005: 'VIRTIO_STATUS_DRIVER': macro redefinition
C:\Users\paras\source\repos\grep-name\XenevaOS\Drivers\virtioblk\virtioblk.cpp(52): message : see previous definition of 'VIRTIO_STATUS_DRIVER'
C:\Users\paras\source\repos\grep-name\XenevaOS\Drivers\virtioblk\virtioblk.cpp(62,1): warning C4005: 'VIRTIO_STATUS_DRIVER_OK': macro redefinition
C:\Users\paras\source\repos\grep-name\XenevaOS\Drivers\virtioblk\virtioblk.cpp(53): message : see previous definition of 'VIRTIO_STATUS_DRIVER_OK'
C:\Users\paras\source\repos\grep-name\XenevaOS\Drivers\virtioblk\virtioblk.cpp(63,1): warning C4005: 'VIRTIO_STATUS_FEATURES_OK': macro redefinition
C:\Users\paras\source\repos\grep-name\XenevaOS\Drivers\virtioblk\virtioblk.cpp(54): message : see previous definition of 'VIRTIO_STATUS_FEATURES_OK'
C:\Users\paras\source\repos\grep-name\XenevaOS\Drivers\virtioblk\virtioblk.cpp(265,69): warning C4267: '=': conversion from 'size_t' to 'uint32_t', possible loss of data
C:\Users\paras\source\repos\grep-name\XenevaOS\Drivers\virtioblk\virtioblk.cpp(326,69): warning C4267: '=': conversion from 'size_t' to 'uint32_t', possible loss of data
C:\Users\paras\source\repos\grep-name\XenevaOS\Drivers\virtioblk\virtioblk.cpp(513,31): warning C4267: 'initializing': conversion from 'size_t' to 'int', possible loss of data
C:\Program Files\Microsoft Visual Studio\18\Community\MSBuild\Microsoft\VC\v160\Microsoft.CppBuild.targets(1363,5): warning MSB8012: TargetPath(C:\Users\paras\source\repos\grep-name\XenevaOS\ARM64\Debug\virtblk.dll) does not match the Linker's OutputFile property value (C:\Users\paras\source\repos\grep-name\XenevaOS\Build\virtblk.dll). This may cause your project to build incorrectly. To correct this, please make sure that $(OutDir), $(TargetName) and $(TargetExt) property values match the value specified in %(Link.OutputFile).
LINK : warning LNK4075: ignoring '/INCREMENTAL' due to '/LTCG' specification
     Creating library C:\Users\paras\source\repos\grep-name\XenevaOS\ARM64\Debug\virtblk.lib and object C:\Users\paras\source\repos\grep-name\XenevaOS\ARM64\Debug\virtblk.exp
  LINK : /LTCG specified but no code generation required; remove /LTCG from the link command line to improve linker performance
  virtioblk.vcxproj -> C:\Users\paras\source\repos\grep-name\XenevaOS\ARM64\Debug\virtblk.dll
          1 file(s) copied.
