cl : command line warning D9002: ignoring unknown option '/arch:SSE2'
  namespace.cpp
E:\Xeneva Project\Aurora\Drivers\NVMe\namespace.h(34,1): warning C4103: alignment changed after including header, may be due to missing #pragma pack(pop)
E:\Xeneva Project\Aurora\Drivers\NVMe\namespace.cpp(30,1): warning C4103: alignment changed after including header, may be due to missing #pragma pack(pop)
E:\Xeneva Project\Aurora\BaseHdr\stdarg.h(43,1): warning C4005: 'STACKITEM': macro redefinition
E:\Xeneva Project\Aurora\BaseHdr\va_list.h(49): message : see previous definition of 'STACKITEM'
E:\Xeneva Project\Aurora\BaseHdr\stdarg.h(54,1): warning C4005: 'va_start': macro redefinition
E:\Xeneva Project\Aurora\BaseHdr\va_list.h(56): message : see previous definition of 'va_start'
E:\Xeneva Project\Aurora\Drivers\NVMe\namespace.cpp(73,21): warning C4244: '=': conversion from 'uint64_t' to 'uint32_t', possible loss of data
E:\Xeneva Project\Aurora\Drivers\NVMe\namespace.cpp(122,20): warning C4244: '=': conversion from 'uint64_t' to 'uint32_t', possible loss of data
  nvme.cpp
E:\Xeneva Project\Aurora\BaseHdr\Hal\x86_64_hal.h(35,1): warning C4103: alignment changed after including header, may be due to missing #pragma pack(pop)
E:\Xeneva Project\Aurora\Drivers\NVMe\nvme.cpp(33,1): warning C4103: alignment changed after including header, may be due to missing #pragma pack(pop)
E:\Xeneva Project\Aurora\BaseHdr\stdarg.h(43,1): warning C4005: 'STACKITEM': macro redefinition
E:\Xeneva Project\Aurora\BaseHdr\va_list.h(49): message : see previous definition of 'STACKITEM'
E:\Xeneva Project\Aurora\BaseHdr\stdarg.h(54,1): warning C4005: 'va_start': macro redefinition
E:\Xeneva Project\Aurora\BaseHdr\va_list.h(56): message : see previous definition of 'va_start'
E:\Xeneva Project\Aurora\BaseHdr\Hal\basicacpi.h(154,11): warning C4200: nonstandard extension used: zero-sized array in struct/union
E:\Xeneva Project\Aurora\BaseHdr\Hal\basicacpi.h(154,11): message : This member will be ignored by a defaulted constructor or copy/move assignment operator
E:\Xeneva Project\Aurora\BaseHdr\Hal\basicacpi.h(185,9): warning C4200: nonstandard extension used: zero-sized array in struct/union
E:\Xeneva Project\Aurora\BaseHdr\Hal\basicacpi.h(185,9): message : This member will be ignored by a defaulted constructor or copy/move assignment operator
E:\Xeneva Project\Aurora\BaseHdr\Hal\basicacpi.h(267,16): warning C4200: nonstandard extension used: zero-sized array in struct/union
E:\Xeneva Project\Aurora\BaseHdr\Hal\basicacpi.h(267,16): message : This member will be ignored by a defaulted constructor or copy/move assignment operator
E:\Xeneva Project\Aurora\BaseHdr\Hal\basicacpi.h(283,11): warning C4200: nonstandard extension used: zero-sized array in struct/union
E:\Xeneva Project\Aurora\BaseHdr\Hal\basicacpi.h(283,11): message : This member will be ignored by a defaulted constructor or copy/move assignment operator
E:\Xeneva Project\Aurora\Drivers\NVMe\nvme.cpp(201,16): warning C4244: '=': conversion from 'uint64_t' to 'uint16_t', possible loss of data
E:\Xeneva Project\Aurora\Drivers\NVMe\nvme.cpp(202,25): warning C4244: '=': conversion from 'uint64_t' to 'uint16_t', possible loss of data
E:\Xeneva Project\Aurora\Drivers\NVMe\nvme.cpp(203,16): warning C4244: '=': conversion from 'uint64_t' to 'uint16_t', possible loss of data
E:\Xeneva Project\Aurora\Drivers\NVMe\nvme.cpp(204,25): warning C4244: '=': conversion from 'uint64_t' to 'uint16_t', possible loss of data
E:\Xeneva Project\Aurora\Drivers\NVMe\nvme.cpp(225,20): warning C4018: '<': signed/unsigned mismatch
E:\Xeneva Project\Aurora\Drivers\NVMe\nvme.cpp(449,77): warning C4293: '<<': shift count negative or too big, undefined behavior
E:\Xeneva Project\Aurora\Drivers\NVMe\nvme.cpp(455,35): warning C4244: 'argument': conversion from 'uint64_t' to 'uint32_t', possible loss of data
  Generating Code...
E:\Xeneva Project\Aurora\Drivers\NVMe\nvme.cpp(378): warning C4715: 'NVMeCreateIOQueue': not all control paths return a value
C:\Program Files (x86)\Microsoft Visual Studio\2019\Community\MSBuild\Microsoft\VC\v160\Microsoft.CppBuild.targets(1363,5): warning MSB8012: TargetPath(E:\Xeneva Project\Aurora\x64\Debug\NVMe.dll) does not match the Linker's OutputFile property value (F:\nvme.dll). This may cause your project to build incorrectly. To correct this, please make sure that $(OutDir), $(TargetName) and $(TargetExt) property values match the value specified in %(Link.OutputFile).
LINK : warning LNK4075: ignoring '/INCREMENTAL' due to '/LTCG' specification
namespace.obj : warning LNK4075: ignoring '/EDITANDCONTINUE' due to '/DRIVER' specification
     Creating library E:\Xeneva Project\Aurora\x64\Debug\NVMe.lib and object E:\Xeneva Project\Aurora\x64\Debug\NVMe.exp
  LINK : /LTCG specified but no code generation required; remove /LTCG from the link command line to improve linker performance
  NVMe.vcxproj -> E:\Xeneva Project\Aurora\x64\Debug\NVMe.dll
