e:\xeneva project\aurora\libs\chitralekha\x64\debug\_fastcpy.obj
e:\xeneva project\aurora\x64\debug\chitralekha.lib
e:\xeneva project\aurora\x64\debug\chitralekha.exp
e:\xeneva project\aurora\libs\chitralekha\x64\debug\vc120.pdb
e:\xeneva project\aurora\libs\chitralekha\x64\debug\vc120.idb
e:\xeneva project\aurora\libs\chitralekha\x64\debug\chitralekha.obj
e:\xeneva project\aurora\libs\chitralekha\x64\debug\color.obj
e:\xeneva project\aurora\libs\chitralekha\x64\debug\draw.obj
e:\xeneva project\aurora\libs\chitralekha\x64\debug\font.obj
e:\xeneva project\aurora\libs\chitralekha\x64\debug\ttf.obj
e:\xeneva project\aurora\libs\chitralekha\x64\debug\base.obj
e:\xeneva project\aurora\libs\chitralekha\x64\debug\defaultwindow.obj
e:\xeneva project\aurora\libs\chitralekha\x64\debug\window.obj
f:\chlkha.dll
f:\chlkha.map
e:\xeneva project\aurora\libs\chitralekha\x64\debug\chitralekha.write.1.tlog
e:\xeneva project\aurora\libs\chitralekha\x64\debug\chitralekha.tlog\chitralekha.write.1u.tlog
e:\xeneva project\aurora\libs\chitralekha\x64\debug\chitralekha.tlog\cl.command.1.tlog
e:\xeneva project\aurora\libs\chitralekha\x64\debug\chitralekha.tlog\cl.read.1.tlog
e:\xeneva project\aurora\libs\chitralekha\x64\debug\chitralekha.tlog\cl.write.1.tlog
e:\xeneva project\aurora\libs\chitralekha\x64\debug\chitralekha.tlog\link.command.1.tlog
e:\xeneva project\aurora\libs\chitralekha\x64\debug\chitralekha.tlog\link.read.1.tlog
e:\xeneva project\aurora\libs\chitralekha\x64\debug\chitralekha.tlog\link.write.1.tlog
