  _fastcpy.asm
cl : command line warning D9002: ignoring unknown option '/arch:SSE2'
  audio.cpp
E:\Xeneva Project\Aurora\Libs\Chitralekha\audio\audio.h(46,10): warning C4067: unexpected tokens following preprocessor directive - expected a newline
  boxblur.cpp
E:\Xeneva Project\Aurora\Libs\Chitralekha\boxblur.cpp(56,36): warning C4018: '<': signed/unsigned mismatch
E:\Xeneva Project\Aurora\Libs\Chitralekha\boxblur.cpp(57,33): warning C4018: '<': signed/unsigned mismatch
  chitralekha.cpp
E:\Xeneva Project\Aurora\Libs\Chitralekha\chitralekha.cpp(215,63): warning C4244: 'argument': conversion from 'uint32_t' to 'float', possible loss of data
E:\Xeneva Project\Aurora\Libs\Chitralekha\chitralekha.cpp(225,58): warning C4244: 'argument': conversion from 'uint32_t' to 'float', possible loss of data
  color.cpp
  draw.cpp
E:\Xeneva Project\Aurora\Libs\Chitralekha\draw.cpp(47,20): warning C4018: '<': signed/unsigned mismatch
E:\Xeneva Project\Aurora\Libs\Chitralekha\draw.cpp(48,20): warning C4018: '<': signed/unsigned mismatch
E:\Xeneva Project\Aurora\Libs\Chitralekha\draw.cpp(68,8): warning C4018: '>': signed/unsigned mismatch
E:\Xeneva Project\Aurora\Libs\Chitralekha\draw.cpp(71,8): warning C4018: '>': signed/unsigned mismatch
E:\Xeneva Project\Aurora\Libs\Chitralekha\draw.cpp(74,8): warning C4018: '<=': signed/unsigned mismatch
E:\Xeneva Project\Aurora\Libs\Chitralekha\draw.cpp(81,8): warning C4018: '<=': signed/unsigned mismatch
E:\Xeneva Project\Aurora\Libs\Chitralekha\draw.cpp(85,14): warning C4018: '>': signed/unsigned mismatch
E:\Xeneva Project\Aurora\Libs\Chitralekha\draw.cpp(88,14): warning C4018: '>': signed/unsigned mismatch
E:\Xeneva Project\Aurora\Libs\Chitralekha\draw.cpp(149,8): warning C4018: '>': signed/unsigned mismatch
E:\Xeneva Project\Aurora\Libs\Chitralekha\draw.cpp(152,8): warning C4018: '>': signed/unsigned mismatch
E:\Xeneva Project\Aurora\Libs\Chitralekha\draw.cpp(155,8): warning C4018: '<=': signed/unsigned mismatch
E:\Xeneva Project\Aurora\Libs\Chitralekha\draw.cpp(158,8): warning C4018: '<=': signed/unsigned mismatch
E:\Xeneva Project\Aurora\Libs\Chitralekha\draw.cpp(161,14): warning C4018: '>': signed/unsigned mismatch
E:\Xeneva Project\Aurora\Libs\Chitralekha\draw.cpp(164,14): warning C4018: '>': signed/unsigned mismatch
E:\Xeneva Project\Aurora\Libs\Chitralekha\draw.cpp(315,36): warning C4018: '<': signed/unsigned mismatch
E:\Xeneva Project\Aurora\Libs\Chitralekha\draw.cpp(316,33): warning C4018: '<': signed/unsigned mismatch
  font.cpp
E:\Xeneva Project\Aurora\Libs\Chitralekha\ttf.h(82,9): warning C4161: #pragma pack(pop...): more pops than pushes
E:\Xeneva Project\Aurora\Libs\Chitralekha\font.cpp(64,27): warning C4244: '=': conversion from 'float' to 'uint32_t', possible loss of data
E:\Xeneva Project\Aurora\Libs\Chitralekha\font.cpp(74,31): warning C4244: '=': conversion from 'float' to 'uint32_t', possible loss of data
E:\Xeneva Project\Aurora\Libs\Chitralekha\font.cpp(87,29): warning C4244: '=': conversion from 'float' to 'uint32_t', possible loss of data
E:\Xeneva Project\Aurora\Libs\Chitralekha\font.cpp(125,30): warning C4018: '<': signed/unsigned mismatch
E:\Xeneva Project\Aurora\Libs\Chitralekha\font.cpp(126,6): warning C4018: '<': signed/unsigned mismatch
E:\Xeneva Project\Aurora\Libs\Chitralekha\font.cpp(127,31): warning C4018: '<': signed/unsigned mismatch
E:\Xeneva Project\Aurora\Libs\Chitralekha\font.cpp(128,7): warning C4018: '<': signed/unsigned mismatch
E:\Xeneva Project\Aurora\Libs\Chitralekha\font.cpp(159,11): warning C4018: '>=': signed/unsigned mismatch
E:\Xeneva Project\Aurora\Libs\Chitralekha\font.cpp(161,11): warning C4018: '>=': signed/unsigned mismatch
E:\Xeneva Project\Aurora\Libs\Chitralekha\font.cpp(184,29): warning C4018: '<': signed/unsigned mismatch
E:\Xeneva Project\Aurora\Libs\Chitralekha\font.cpp(185,30): warning C4018: '<': signed/unsigned mismatch
E:\Xeneva Project\Aurora\Libs\Chitralekha\font.cpp(186,28): warning C4018: '>=': signed/unsigned mismatch
E:\Xeneva Project\Aurora\Libs\Chitralekha\font.cpp(186,54): warning C4018: '>=': signed/unsigned mismatch
E:\Xeneva Project\Aurora\Libs\Chitralekha\font.cpp(324,12): warning C4018: '>=': signed/unsigned mismatch
E:\Xeneva Project\Aurora\Libs\Chitralekha\font.cpp(324,43): warning C4018: '>=': signed/unsigned mismatch
  keycode.cpp
  ttf.cpp
E:\Xeneva Project\Aurora\Libs\Chitralekha\ttf.h(82,9): warning C4161: #pragma pack(pop...): more pops than pushes
E:\Xeneva Project\Aurora\Libs\Chitralekha\ttf.cpp(124,22): warning C4305: '*=': truncation from 'double' to 'float'
E:\Xeneva Project\Aurora\Libs\Chitralekha\ttf.cpp(182,21): warning C4018: '<': signed/unsigned mismatch
E:\Xeneva Project\Aurora\Libs\Chitralekha\ttf.cpp(306,46): warning C4244: 'argument': conversion from 'int' to 'float', possible loss of data
E:\Xeneva Project\Aurora\Libs\Chitralekha\ttf.cpp(306,41): warning C4244: 'argument': conversion from 'int' to 'float', possible loss of data
  base.cpp
  button.cpp
E:\Xeneva Project\Aurora\Libs\Chitralekha\widgets\button.cpp(130,13): warning C4244: 'initializing': conversion from 'int64_t' to 'int', possible loss of data
E:\Xeneva Project\Aurora\Libs\Chitralekha\widgets\button.cpp(156,44): warning C4267: 'argument': conversion from 'size_t' to 'unsigned int', possible loss of data
  defaultmenu.cpp
E:\Xeneva Project\Aurora\Libs\Chitralekha\widgets\defaultmenu.cpp(50,20): warning C4018: '<': signed/unsigned mismatch
E:\Xeneva Project\Aurora\Libs\Chitralekha\widgets\defaultmenu.cpp(52,15): warning C4244: 'initializing': conversion from 'int64_t' to 'int', possible loss of data
E:\Xeneva Project\Aurora\Libs\Chitralekha\widgets\defaultmenu.cpp(53,15): warning C4244: 'initializing': conversion from 'int64_t' to 'int', possible loss of data
E:\Xeneva Project\Aurora\Libs\Chitralekha\widgets\defaultmenu.cpp(79,20): warning C4018: '<': signed/unsigned mismatch
  defaultprogressbar.cpp
E:\Xeneva Project\Aurora\Libs\Chitralekha\widgets\defaultprogressbar.cpp(49,31): warning C4267: 'initializing': conversion from 'size_t' to 'int', possible loss of data
E:\Xeneva Project\Aurora\Libs\Chitralekha\widgets\defaultprogressbar.cpp(51,15): warning C4244: 'initializing': conversion from 'int64_t' to 'int', possible loss of data
  defaultscrollbar.cpp
  defaultslider.cpp
  defaultviews.cpp
E:\Xeneva Project\Aurora\Libs\Chitralekha\widgets\defaultviews.cpp(61,40): warning C4018: '<': signed/unsigned mismatch
  defaultwindow.cpp
E:\Xeneva Project\Aurora\Libs\Chitralekha\widgets\defaultwindow.cpp(111,17): warning C4244: 'initializing': conversion from 'int64_t' to 'int', possible loss of data
E:\Xeneva Project\Aurora\Libs\Chitralekha\widgets\defaultwindow.cpp(112,18): warning C4244: 'initializing': conversion from 'int64_t' to 'int', possible loss of data
E:\Xeneva Project\Aurora\Libs\Chitralekha\widgets\defaultwindow.cpp(116,20): warning C4018: '<': signed/unsigned mismatch
E:\Xeneva Project\Aurora\Libs\Chitralekha\widgets\defaultwindow.cpp(129,20): warning C4018: '<': signed/unsigned mismatch
E:\Xeneva Project\Aurora\Libs\Chitralekha\widgets\defaultwindow.cpp(146,20): warning C4018: '<': signed/unsigned mismatch
  icon.cpp
E:\Xeneva Project\Aurora\Libs\Chitralekha\widgets\icon.cpp(65,31): warning C4267: '=': conversion from 'size_t' to 'int', possible loss of data
E:\Xeneva Project\Aurora\Libs\Chitralekha\widgets\icon.cpp(110,20): warning C4018: '<': signed/unsigned mismatch
E:\Xeneva Project\Aurora\Libs\Chitralekha\widgets\icon.cpp(115,21): warning C4018: '<': signed/unsigned mismatch
E:\Xeneva Project\Aurora\Libs\Chitralekha\widgets\icon.cpp(161,19): warning C4018: '<=': signed/unsigned mismatch
E:\Xeneva Project\Aurora\Libs\Chitralekha\widgets\icon.cpp(164,18): warning C4018: '<=': signed/unsigned mismatch
E:\Xeneva Project\Aurora\Libs\Chitralekha\widgets\icon.cpp(167,18): warning C4018: '>': signed/unsigned mismatch
E:\Xeneva Project\Aurora\Libs\Chitralekha\widgets\icon.cpp(170,19): warning C4018: '>': signed/unsigned mismatch
E:\Xeneva Project\Aurora\Libs\Chitralekha\widgets\icon.cpp(174,20): warning C4018: '<': signed/unsigned mismatch
E:\Xeneva Project\Aurora\Libs\Chitralekha\widgets\icon.cpp(179,21): warning C4018: '<': signed/unsigned mismatch
  list.cpp
  menu.cpp
E:\Xeneva Project\Aurora\Libs\Chitralekha\widgets\menu.cpp(48,20): warning C4018: '<': signed/unsigned mismatch
E:\Xeneva Project\Aurora\Libs\Chitralekha\widgets\menu.cpp(81,20): warning C4018: '<': signed/unsigned mismatch
E:\Xeneva Project\Aurora\Libs\Chitralekha\widgets\menu.cpp(154,41): warning C4267: 'argument': conversion from 'size_t' to 'unsigned int', possible loss of data
E:\Xeneva Project\Aurora\Libs\Chitralekha\widgets\menu.cpp(171,20): warning C4018: '<': signed/unsigned mismatch
E:\Xeneva Project\Aurora\Libs\Chitralekha\widgets\menu.cpp(173,15): warning C4244: 'initializing': conversion from 'int64_t' to 'int', possible loss of data
E:\Xeneva Project\Aurora\Libs\Chitralekha\widgets\menu.cpp(196,20): warning C4018: '<': signed/unsigned mismatch
  menubar.cpp
E:\Xeneva Project\Aurora\Libs\Chitralekha\widgets\menubar.cpp(44,20): warning C4018: '<': signed/unsigned mismatch
E:\Xeneva Project\Aurora\Libs\Chitralekha\widgets\menubar.cpp(69,21): warning C4018: '<': signed/unsigned mismatch
E:\Xeneva Project\Aurora\Libs\Chitralekha\widgets\menubar.cpp(149,31): warning C4267: 'initializing': conversion from 'size_t' to 'int', possible loss of data
E:\Xeneva Project\Aurora\Libs\Chitralekha\widgets\menubar.cpp(159,43): warning C4267: 'argument': conversion from 'size_t' to 'unsigned int', possible loss of data
  Generating Code...
E:\Xeneva Project\Aurora\Libs\Chitralekha\ttf.cpp(194): warning C4700: uninitialized local variable 'glyph' used
  Compiling...
  msgbox.cpp
E:\Xeneva Project\Aurora\Libs\Chitralekha\widgets\msgbox.cpp(55,11): warning C4244: 'initializing': conversion from 'int64_t' to 'int', possible loss of data
E:\Xeneva Project\Aurora\Libs\Chitralekha\widgets\msgbox.cpp(56,11): warning C4244: 'initializing': conversion from 'int64_t' to 'int', possible loss of data
E:\Xeneva Project\Aurora\Libs\Chitralekha\widgets\msgbox.cpp(126,45): warning C4267: 'argument': conversion from 'size_t' to 'unsigned int', possible loss of data
E:\Xeneva Project\Aurora\Libs\Chitralekha\widgets\msgbox.cpp(139,18): warning C4244: 'initializing': conversion from 'int64_t' to 'int', possible loss of data
E:\Xeneva Project\Aurora\Libs\Chitralekha\widgets\msgbox.cpp(151,20): warning C4018: '<': signed/unsigned mismatch
  popupwin.cpp
  progress.cpp
E:\Xeneva Project\Aurora\Libs\Chitralekha\widgets\progress.cpp(91,11): warning C4244: 'return': conversion from 'double' to 'int', possible loss of data
E:\Xeneva Project\Aurora\Libs\Chitralekha\widgets\progress.cpp(99,11): warning C4244: 'return': conversion from 'double' to 'int', possible loss of data
  scrollpane.cpp
E:\Xeneva Project\Aurora\Libs\Chitralekha\widgets\scrollpane.cpp(44,59): warning C4244: '-=': conversion from 'double' to 'int', possible loss of data
E:\Xeneva Project\Aurora\Libs\Chitralekha\widgets\scrollpane.cpp(62,59): warning C4244: '+=': conversion from 'double' to 'int', possible loss of data
E:\Xeneva Project\Aurora\Libs\Chitralekha\widgets\scrollpane.cpp(285,32): warning C4244: '=': conversion from 'double' to 'int', possible loss of data
  slider.cpp
  view.cpp
E:\Xeneva Project\Aurora\Libs\Chitralekha\widgets\view.cpp(39,18): warning C4244: 'initializing': conversion from 'double' to 'int', possible loss of data
E:\Xeneva Project\Aurora\Libs\Chitralekha\widgets\view.cpp(45,84): warning C4244: '-=': conversion from 'double' to 'int', possible loss of data
E:\Xeneva Project\Aurora\Libs\Chitralekha\widgets\view.cpp(59,84): warning C4244: '+=': conversion from 'double' to 'int', possible loss of data
E:\Xeneva Project\Aurora\Libs\Chitralekha\widgets\view.cpp(73,21): warning C4018: '<': signed/unsigned mismatch
E:\Xeneva Project\Aurora\Libs\Chitralekha\widgets\view.cpp(98,23): warning C4244: 'initializing': conversion from 'double' to 'uint32_t', possible loss of data
E:\Xeneva Project\Aurora\Libs\Chitralekha\widgets\view.cpp(128,20): warning C4018: '<': signed/unsigned mismatch
E:\Xeneva Project\Aurora\Libs\Chitralekha\widgets\view.cpp(190,47): warning C4267: 'argument': conversion from 'size_t' to 'unsigned int', possible loss of data
E:\Xeneva Project\Aurora\Libs\Chitralekha\widgets\view.cpp(194,20): warning C4018: '<': signed/unsigned mismatch
E:\Xeneva Project\Aurora\Libs\Chitralekha\widgets\view.cpp(241,20): warning C4018: '<': signed/unsigned mismatch
  window.cpp
E:\Xeneva Project\Aurora\Libs\Chitralekha\widgets\window.cpp(167,42): warning C4267: 'argument': conversion from 'size_t' to 'unsigned int', possible loss of data
E:\Xeneva Project\Aurora\Libs\Chitralekha\widgets\window.cpp(306,20): warning C4018: '<': signed/unsigned mismatch
E:\Xeneva Project\Aurora\Libs\Chitralekha\widgets\window.cpp(326,20): warning C4018: '<': signed/unsigned mismatch
E:\Xeneva Project\Aurora\Libs\Chitralekha\widgets\window.cpp(403,21): warning C4018: '<': signed/unsigned mismatch
E:\Xeneva Project\Aurora\Libs\Chitralekha\widgets\window.cpp(420,20): warning C4018: '<': signed/unsigned mismatch
E:\Xeneva Project\Aurora\Libs\Chitralekha\widgets\window.cpp(428,21): warning C4018: '<': signed/unsigned mismatch
E:\Xeneva Project\Aurora\Libs\Chitralekha\widgets\window.cpp(451,21): warning C4018: '<': signed/unsigned mismatch
E:\Xeneva Project\Aurora\Libs\Chitralekha\widgets\window.cpp(484,20): warning C4018: '<': signed/unsigned mismatch
E:\Xeneva Project\Aurora\Libs\Chitralekha\widgets\window.cpp(571,20): warning C4018: '<': signed/unsigned mismatch
E:\Xeneva Project\Aurora\Libs\Chitralekha\widgets\window.cpp(577,20): warning C4018: '<': signed/unsigned mismatch
E:\Xeneva Project\Aurora\Libs\Chitralekha\widgets\window.cpp(609,21): warning C4018: '<': signed/unsigned mismatch
E:\Xeneva Project\Aurora\Libs\Chitralekha\widgets\window.cpp(628,20): warning C4018: '<': signed/unsigned mismatch
E:\Xeneva Project\Aurora\Libs\Chitralekha\widgets\window.cpp(717,44): warning C4267: 'argument': conversion from 'size_t' to 'unsigned int', possible loss of data
  Generating Code...
C:\Program Files (x86)\Microsoft Visual Studio\2019\Community\MSBuild\Microsoft\VC\v160\Microsoft.CppBuild.targets(1363,5): warning MSB8012: TargetPath(E:\Xeneva Project\Aurora\x64\Debug\chlkha.dll) does not match the Linker's OutputFile property value (E:\Xeneva Project\Aurora\Build\chlkha.dll). This may cause your project to build incorrectly. To correct this, please make sure that $(OutDir), $(TargetName) and $(TargetExt) property values match the value specified in %(Link.OutputFile).
LINK : warning LNK4075: ignoring '/INCREMENTAL' due to '/LTCG' specification
audio.obj : warning LNK4075: ignoring '/EDITANDCONTINUE' due to '/DRIVER' specification
     Creating library E:\Xeneva Project\Aurora\x64\Debug\chlkha.lib and object E:\Xeneva Project\Aurora\x64\Debug\chlkha.exp
  LINK : /LTCG specified but no code generation required; remove /LTCG from the link command line to improve linker performance
LINK : warning LNK4281: undesirable base address 0x600000 for x64 image; set base address above 4GB for best ASLR optimization
  Chitralekha.vcxproj -> E:\Xeneva Project\Aurora\x64\Debug\chlkha.dll
          1 file(s) copied.
