e:\xeneva project\aurora\kernel\x64\debug\x86_64_intrs.obj
e:\xeneva project\aurora\kernel\x64\debug\x86_64_lowlevel.obj
e:\xeneva project\aurora\kernel\x64\debug\x86_64_switch.obj
e:\xeneva project\aurora\kernel\x64\debug\__fstcpy.obj
e:\xeneva project\aurora\kernel\x64\debug\vc142.pdb
e:\xeneva project\aurora\kernel\x64\debug\vc142.idb
e:\xeneva project\aurora\kernel\x64\debug\fatfile.obj
e:\xeneva project\aurora\kernel\x64\debug\fatfile.asm
e:\xeneva project\aurora\kernel\x64\debug\fatdir.obj
e:\xeneva project\aurora\kernel\x64\debug\fatdir.asm
e:\xeneva project\aurora\kernel\x64\debug\fat.obj
e:\xeneva project\aurora\kernel\x64\debug\fat.asm
e:\xeneva project\aurora\kernel\x64\debug\ext2.obj
e:\xeneva project\aurora\kernel\x64\debug\ext2.asm
e:\xeneva project\aurora\kernel\x64\debug\devfs.obj
e:\xeneva project\aurora\kernel\x64\debug\devfs.asm
e:\xeneva project\aurora\kernel\x64\debug\rtc.obj
e:\xeneva project\aurora\kernel\x64\debug\rtc.asm
e:\xeneva project\aurora\kernel\x64\debug\ctype.obj
e:\xeneva project\aurora\kernel\x64\debug\ctype.asm
e:\xeneva project\aurora\kernel\x64\debug\circbuf.obj
e:\xeneva project\aurora\kernel\x64\debug\circbuf.asm
e:\xeneva project\aurora\kernel\x64\debug\autimer.obj
e:\xeneva project\aurora\kernel\x64\debug\autimer.asm
e:\xeneva project\aurora\kernel\x64\debug\hashmap.obj
e:\xeneva project\aurora\kernel\x64\debug\hashmap.asm
e:\xeneva project\aurora\kernel\x64\debug\x86_64_gdt.obj
e:\xeneva project\aurora\kernel\x64\debug\x86_64_gdt.asm
e:\xeneva project\aurora\kernel\x64\debug\ioapic.obj
e:\xeneva project\aurora\kernel\x64\debug\ioapic.asm
e:\xeneva project\aurora\kernel\x64\debug\basicacpi.obj
e:\xeneva project\aurora\kernel\x64\debug\basicacpi.asm
e:\xeneva project\aurora\kernel\x64\debug\acpiosl.obj
e:\xeneva project\aurora\kernel\x64\debug\acpiosl.asm
e:\xeneva project\aurora\kernel\x64\debug\_gpt.obj
e:\xeneva project\aurora\kernel\x64\debug\_gpt.asm
e:\xeneva project\aurora\kernel\x64\debug\vfs.obj
e:\xeneva project\aurora\kernel\x64\debug\vfs.asm
e:\xeneva project\aurora\kernel\x64\debug\pe.obj
e:\xeneva project\aurora\kernel\x64\debug\pe.asm
e:\xeneva project\aurora\kernel\x64\debug\route.obj
e:\xeneva project\aurora\kernel\x64\debug\route.asm
e:\xeneva project\aurora\kernel\x64\debug\ipv6.obj
e:\xeneva project\aurora\kernel\x64\debug\ipv6.asm
e:\xeneva project\aurora\kernel\x64\debug\ethernet.obj
e:\xeneva project\aurora\kernel\x64\debug\ethernet.asm
e:\xeneva project\aurora\kernel\x64\debug\aunet.obj
e:\xeneva project\aurora\kernel\x64\debug\aunet.asm
e:\xeneva project\aurora\kernel\x64\debug\arp.obj
e:\xeneva project\aurora\kernel\x64\debug\arp.asm
e:\xeneva project\aurora\kernel\x64\debug\liballoc.obj
e:\xeneva project\aurora\kernel\x64\debug\liballoc.asm
e:\xeneva project\aurora\kernel\x64\debug\kmalloc.obj
e:\xeneva project\aurora\kernel\x64\debug\kmalloc.asm
e:\xeneva project\aurora\kernel\x64\debug\buddy.obj
e:\xeneva project\aurora\kernel\x64\debug\buddy.asm
e:\xeneva project\aurora\kernel\x64\debug\list.obj
e:\xeneva project\aurora\kernel\x64\debug\list.asm
e:\xeneva project\aurora\kernel\x64\debug\_crt.obj
e:\xeneva project\aurora\kernel\x64\debug\_crt.asm
e:\xeneva project\aurora\kernel\x64\debug\version.obj
e:\xeneva project\aurora\kernel\x64\debug\version.asm
e:\xeneva project\aurora\kernel\x64\debug\time.obj
e:\xeneva project\aurora\kernel\x64\debug\time.asm
e:\xeneva project\aurora\kernel\x64\debug\spinlock.obj
e:\xeneva project\aurora\kernel\x64\debug\spinlock.asm
e:\xeneva project\aurora\kernel\x64\debug\string.obj
e:\xeneva project\aurora\kernel\x64\debug\string.asm
e:\xeneva project\aurora\kernel\x64\debug\stdio.obj
e:\xeneva project\aurora\kernel\x64\debug\stdio.asm
e:\xeneva project\aurora\kernel\x64\debug\stack.obj
e:\xeneva project\aurora\kernel\x64\debug\stack.asm
e:\xeneva project\aurora\kernel\x64\debug\kernel.write.1.tlog
e:\xeneva project\aurora\kernel\x64\debug\kernel.tlog\cl.command.1.tlog
e:\xeneva project\aurora\kernel\x64\debug\kernel.tlog\cl.read.1.tlog
e:\xeneva project\aurora\kernel\x64\debug\kernel.tlog\cl.write.1.tlog
