e:\xeneva project\aurora\xeloader\x64\debug\argpass.obj
e:\xeneva project\aurora\xeloader\x64\debug\crt0.obj
e:\xeneva project\aurora\xeloader\x64\debug\fastcpy.obj
e:\xeneva project\aurora\xeloader\x64\debug\vc142.pdb
e:\xeneva project\aurora\xeloader\x64\debug\vc142.idb
e:\xeneva project\aurora\xeloader\x64\debug\xeldrobject.obj
e:\xeneva project\aurora\xeloader\x64\debug\pe_.obj
e:\xeneva project\aurora\xeloader\x64\debug\main.obj
e:\xeneva project\aurora\build\xeldr.exe
e:\xeneva project\aurora\build\xeldr.map
e:\xeneva project\aurora\x64\debug\xeloader.lib
e:\xeneva project\aurora\x64\debug\xeloader.exp
e:\xeneva project\aurora\xeloader\x64\debug\xeloader.write.1.tlog
e:\xeneva project\aurora\xeloader\x64\debug\xeloader.tlog\cl.command.1.tlog
e:\xeneva project\aurora\xeloader\x64\debug\xeloader.tlog\cl.read.1.tlog
e:\xeneva project\aurora\xeloader\x64\debug\xeloader.tlog\cl.write.1.tlog
e:\xeneva project\aurora\xeloader\x64\debug\xeloader.tlog\link.command.1.tlog
e:\xeneva project\aurora\xeloader\x64\debug\xeloader.tlog\link.read.1.tlog
e:\xeneva project\aurora\xeloader\x64\debug\xeloader.tlog\link.write.1.tlog
e:\xeneva project\aurora\xeloader\x64\debug\xeloader.tlog\xeloader.write.1u.tlog
