  argpass.asm
  crt0.asm
  fastcpy.asm
cl : command line warning D9025: overriding '/sdl' with '/GS-'
cl : command line warning D9002: ignoring unknown option '/arch:SSE2'
  main.cpp
E:\Xeneva Project\Aurora\XELoader\pe_.h(272,25): warning C4200: nonstandard extension used: zero-sized array in struct/union
E:\Xeneva Project\Aurora\XELoader\pe_.h(272,25): message : This member will be ignored by a defaulted constructor or copy/move assignment operator
E:\Xeneva Project\Aurora\XELoader\main.cpp(108,31): warning C4267: 'initializing': conversion from 'size_t' to 'int', possible loss of data
E:\Xeneva Project\Aurora\XELoader\main.cpp(117,47): warning C4267: 'initializing': conversion from 'size_t' to 'int', possible loss of data
E:\Xeneva Project\Aurora\XELoader\main.cpp(177,45): warning C4267: '=': conversion from 'size_t' to 'int', possible loss of data
E:\Xeneva Project\Aurora\XELoader\main.cpp(181,25): warning C4244: 'initializing': conversion from 'uint64_t' to 'intptr_t', possible loss of data
E:\Xeneva Project\Aurora\XELoader\main.cpp(182,20): warning C4244: 'initializing': conversion from 'uint64_t' to 'intptr_t', possible loss of data
E:\Xeneva Project\Aurora\XELoader\main.cpp(188,46): warning C4267: 'initializing': conversion from 'size_t' to 'int', possible loss of data
E:\Xeneva Project\Aurora\XELoader\main.cpp(198,31): warning C4267: 'initializing': conversion from 'size_t' to 'int', possible loss of data
E:\Xeneva Project\Aurora\XELoader\main.cpp(206,47): warning C4267: 'initializing': conversion from 'size_t' to 'int', possible loss of data
  pe_.cpp
E:\Xeneva Project\Aurora\XELoader\pe_.h(272,25): warning C4200: nonstandard extension used: zero-sized array in struct/union
E:\Xeneva Project\Aurora\XELoader\pe_.h(272,25): message : This member will be ignored by a defaulted constructor or copy/move assignment operator
E:\Xeneva Project\Aurora\XELoader\pe_.cpp(92,42): warning C4018: '<': signed/unsigned mismatch
E:\Xeneva Project\Aurora\XELoader\pe_.cpp(152,20): warning C4018: '<': signed/unsigned mismatch
E:\Xeneva Project\Aurora\XELoader\pe_.cpp(189,79): warning C4244: 'argument': conversion from 'unsigned __int64' to 'const intptr_t', possible loss of data
E:\Xeneva Project\Aurora\XELoader\pe_.cpp(224,27): warning C4267: 'initializing': conversion from 'size_t' to 'int', possible loss of data
E:\Xeneva Project\Aurora\XELoader\pe_.cpp(234,79): warning C4244: 'argument': conversion from 'unsigned __int64' to 'const intptr_t', possible loss of data
E:\Xeneva Project\Aurora\XELoader\pe_.cpp(276,79): warning C4244: 'argument': conversion from 'unsigned __int64' to 'const intptr_t', possible loss of data
E:\Xeneva Project\Aurora\Libs\XEClib\includes\stdint.h(200,1): warning C4311: 'type cast': pointer truncation from 'T *' to 'intptr_t'
          with
          [
              T=_IMAGE_RELOCATION_BLOCK_
          ]
E:\Xeneva Project\Aurora\XELoader\pe_.cpp(92): message : see reference to function template instantiation 'intptr_t raw_diff<_IMAGE_RELOCATION_BLOCK_,_IMAGE_RELOCATION_BLOCK_>(T *,U *)' being compiled
          with
          [
              T=_IMAGE_RELOCATION_BLOCK_,
              U=_IMAGE_RELOCATION_BLOCK_
          ]
E:\Xeneva Project\Aurora\Libs\XEClib\includes\stdint.h(200,1): warning C4302: 'type cast': truncation from 'T *' to 'intptr_t'
          with
          [
              T=_IMAGE_RELOCATION_BLOCK_
          ]
E:\Xeneva Project\Aurora\Libs\XEClib\includes\stdint.h(200,1): warning C4311: 'type cast': pointer truncation from 'U *' to 'intptr_t'
          with
          [
              U=_IMAGE_RELOCATION_BLOCK_
          ]
E:\Xeneva Project\Aurora\Libs\XEClib\includes\stdint.h(200,1): warning C4302: 'type cast': truncation from 'U *' to 'intptr_t'
          with
          [
              U=_IMAGE_RELOCATION_BLOCK_
          ]
  XELdrObject.cpp
E:\Xeneva Project\Aurora\XELoader\pe_.h(272,25): warning C4200: nonstandard extension used: zero-sized array in struct/union
E:\Xeneva Project\Aurora\XELoader\pe_.h(272,25): message : This member will be ignored by a defaulted constructor or copy/move assignment operator
E:\Xeneva Project\Aurora\XELoader\XELdrObject.cpp(85,50): warning C4267: 'argument': conversion from 'size_t' to 'unsigned int', possible loss of data
  Generating Code...
C:\Program Files (x86)\Microsoft Visual Studio\2019\Community\MSBuild\Microsoft\VC\v160\Microsoft.CppBuild.targets(1363,5): warning MSB8012: TargetPath(E:\Xeneva Project\Aurora\x64\Debug\xeldr.exe) does not match the Linker's OutputFile property value (E:\Xeneva Project\Aurora\Build\xeldr.exe). This may cause your project to build incorrectly. To correct this, please make sure that $(OutDir), $(TargetName) and $(TargetExt) property values match the value specified in %(Link.OutputFile).
LINK : warning LNK4075: ignoring '/INCREMENTAL' due to '/LTCG' specification
LINK : fatal error LNK1181: cannot open input file 'XEClib.lib'
