cl : command line warning D9002: ignoring unknown option '/arch:SSE'
cl : command line warning D9002: ignoring unknown option '/arch:SSE'
  dsargs.c
cl : command line warning D9002: ignoring unknown option '/arch:SSE'
  dscontrol.c
cl : command line warning D9002: ignoring unknown option '/arch:SSE'
  dsdebug.c
cl : command line warning D9002: ignoring unknown option '/arch:SSE'
  dsfield.c
cl : command line warning D9002: ignoring unknown option '/arch:SSE'
  dsinit.c
cl : command line warning D9002: ignoring unknown option '/arch:SSE'
  dsmethod.c
cl : command line warning D9002: ignoring unknown option '/arch:SSE'
cl : command line warning D9002: ignoring unknown option '/arch:SSE'
  dsmthdat.c
  dsobject.c
E:\Xeneva Project\Aurora\Acpica\include\platform\acxeneva.h(202,38): warning C4273: 'AuHalFlushCache': inconsistent dll linkage (compiling source file dscontrol.c)
E:\Xeneva Project\Aurora\BaseHdr\Hal\hal.h(79,16): message : see previous definition of 'AuHalFlushCache' (compiling source file dscontrol.c)
E:\Xeneva Project\Aurora\Acpica\include\platform\acxeneva.h(202,38): warning C4273: 'AuHalFlushCache': inconsistent dll linkage (compiling source file dsargs.c)
E:\Xeneva Project\Aurora\BaseHdr\Hal\hal.h(79,16): message : see previous definition of 'AuHalFlushCache' (compiling source file dsargs.c)
E:\Xeneva Project\Aurora\Acpica\include\platform\acxeneva.h(202,38): warning C4273: 'AuHalFlushCache': inconsistent dll linkage (compiling source file dsmethod.c)
E:\Xeneva Project\Aurora\BaseHdr\Hal\hal.h(79,16): message : see previous definition of 'AuHalFlushCache' (compiling source file dsmethod.c)
E:\Xeneva Project\Aurora\Acpica\include\platform\acxeneva.h(202,38): warning C4273: 'AuHalFlushCache': inconsistent dll linkage (compiling source file dsfield.c)
E:\Xeneva Project\Aurora\BaseHdr\Hal\hal.h(79,16): message : see previous definition of 'AuHalFlushCache' (compiling source file dsfield.c)
E:\Xeneva Project\Aurora\Acpica\include\platform\acxeneva.h(202,38): warning C4273: 'AuHalFlushCache': inconsistent dll linkage (compiling source file dsinit.c)
E:\Xeneva Project\Aurora\BaseHdr\Hal\hal.h(79,16): message : see previous definition of 'AuHalFlushCache' (compiling source file dsinit.c)
E:\Xeneva Project\Aurora\Acpica\include\platform\acxeneva.h(202,38): warning C4273: 'AuHalFlushCache': inconsistent dll linkage (compiling source file dsobject.c)
E:\Xeneva Project\Aurora\BaseHdr\Hal\hal.h(79,16): message : see previous definition of 'AuHalFlushCache' (compiling source file dsobject.c)
E:\Xeneva Project\Aurora\Acpica\include\platform\acxeneva.h(202,38): warning C4273: 'AuHalFlushCache': inconsistent dll linkage (compiling source file dsmthdat.c)
E:\Xeneva Project\Aurora\BaseHdr\Hal\hal.h(79,16): message : see previous definition of 'AuHalFlushCache' (compiling source file dsmthdat.c)
E:\Xeneva Project\Aurora\Acpica\include\platform\acxeneva.h(202,38): warning C4273: 'AuHalFlushCache': inconsistent dll linkage (compiling source file dsdebug.c)
E:\Xeneva Project\Aurora\BaseHdr\Hal\hal.h(79,16): message : see previous definition of 'AuHalFlushCache' (compiling source file dsdebug.c)
  dsopcode.c
  dspkginit.c
  dsutils.c
  dswexec.c
  dswload.c
  dswload2.c
  dswscope.c
  dswstate.c
E:\Xeneva Project\Aurora\Acpica\include\platform\acxeneva.h(202,38): warning C4273: 'AuHalFlushCache': inconsistent dll linkage (compiling source file dsopcode.c)
E:\Xeneva Project\Aurora\BaseHdr\Hal\hal.h(79,16): message : see previous definition of 'AuHalFlushCache' (compiling source file dsopcode.c)
E:\Xeneva Project\Aurora\Acpica\include\platform\acxeneva.h(202,38): warning C4273: 'AuHalFlushCache': inconsistent dll linkage (compiling source file dswexec.c)
E:\Xeneva Project\Aurora\BaseHdr\Hal\hal.h(79,16): message : see previous definition of 'AuHalFlushCache' (compiling source file dswexec.c)
E:\Xeneva Project\Aurora\Acpica\include\platform\acxeneva.h(202,38): warning C4273: 'AuHalFlushCache': inconsistent dll linkage (compiling source file dswload.c)
E:\Xeneva Project\Aurora\BaseHdr\Hal\hal.h(79,16): message : see previous definition of 'AuHalFlushCache' (compiling source file dswload.c)
E:\Xeneva Project\Aurora\Acpica\include\platform\acxeneva.h(202,38): warning C4273: 'AuHalFlushCache': inconsistent dll linkage (compiling source file dspkginit.c)
E:\Xeneva Project\Aurora\BaseHdr\Hal\hal.h(79,16): message : see previous definition of 'AuHalFlushCache' (compiling source file dspkginit.c)
E:\Xeneva Project\Aurora\Acpica\include\platform\acxeneva.h(202,38): warning C4273: 'AuHalFlushCache': inconsistent dll linkage (compiling source file dswscope.c)
E:\Xeneva Project\Aurora\BaseHdr\Hal\hal.h(79,16): message : see previous definition of 'AuHalFlushCache' (compiling source file dswscope.c)
E:\Xeneva Project\Aurora\Acpica\include\platform\acxeneva.h(202,38): warning C4273: 'AuHalFlushCache': inconsistent dll linkage (compiling source file dsutils.c)
E:\Xeneva Project\Aurora\BaseHdr\Hal\hal.h(79,16): message : see previous definition of 'AuHalFlushCache' (compiling source file dsutils.c)
E:\Xeneva Project\Aurora\Acpica\include\platform\acxeneva.h(202,38): warning C4273: 'AuHalFlushCache': inconsistent dll linkage (compiling source file dswload2.c)
E:\Xeneva Project\Aurora\BaseHdr\Hal\hal.h(79,16): message : see previous definition of 'AuHalFlushCache' (compiling source file dswload2.c)
E:\Xeneva Project\Aurora\Acpica\include\platform\acxeneva.h(202,38): warning C4273: 'AuHalFlushCache': inconsistent dll linkage (compiling source file dswstate.c)
E:\Xeneva Project\Aurora\BaseHdr\Hal\hal.h(79,16): message : see previous definition of 'AuHalFlushCache' (compiling source file dswstate.c)
  evevent.c
  evglock.c
  evgpe.c
  evgpeblk.c
  evgpeinit.c
E:\Xeneva Project\Aurora\Acpica\include\platform\acxeneva.h(202,38): warning C4273: 'AuHalFlushCache': inconsistent dll linkage (compiling source file evevent.c)
E:\Xeneva Project\Aurora\BaseHdr\Hal\hal.h(79,16): message : see previous definition of 'AuHalFlushCache' (compiling source file evevent.c)
  evgpeutil.c
  evhandler.c
E:\Xeneva Project\Aurora\Acpica\include\platform\acxeneva.h(202,38): warning C4273: 'AuHalFlushCache': inconsistent dll linkage (compiling source file evglock.c)
E:\Xeneva Project\Aurora\BaseHdr\Hal\hal.h(79,16): message : see previous definition of 'AuHalFlushCache' (compiling source file evglock.c)
  evmisc.c
E:\Xeneva Project\Aurora\Acpica\include\platform\acxeneva.h(202,38): warning C4273: 'AuHalFlushCache': inconsistent dll linkage (compiling source file evgpeinit.c)
E:\Xeneva Project\Aurora\BaseHdr\Hal\hal.h(79,16): message : see previous definition of 'AuHalFlushCache' (compiling source file evgpeinit.c)
E:\Xeneva Project\Aurora\Acpica\include\platform\acxeneva.h(202,38): warning C4273: 'AuHalFlushCache': inconsistent dll linkage (compiling source file evgpeblk.c)
E:\Xeneva Project\Aurora\BaseHdr\Hal\hal.h(79,16): message : see previous definition of 'AuHalFlushCache' (compiling source file evgpeblk.c)
E:\Xeneva Project\Aurora\Acpica\include\platform\acxeneva.h(202,38): warning C4273: 'AuHalFlushCache': inconsistent dll linkage (compiling source file evhandler.c)
E:\Xeneva Project\Aurora\BaseHdr\Hal\hal.h(79,16): message : see previous definition of 'AuHalFlushCache' (compiling source file evhandler.c)
E:\Xeneva Project\Aurora\Acpica\include\platform\acxeneva.h(202,38): warning C4273: 'AuHalFlushCache': inconsistent dll linkage (compiling source file evgpe.c)
E:\Xeneva Project\Aurora\BaseHdr\Hal\hal.h(79,16): message : see previous definition of 'AuHalFlushCache' (compiling source file evgpe.c)
E:\Xeneva Project\Aurora\Acpica\include\platform\acxeneva.h(202,38): warning C4273: 'AuHalFlushCache': inconsistent dll linkage (compiling source file evgpeutil.c)
E:\Xeneva Project\Aurora\BaseHdr\Hal\hal.h(79,16): message : see previous definition of 'AuHalFlushCache' (compiling source file evgpeutil.c)
E:\Xeneva Project\Aurora\Acpica\include\platform\acxeneva.h(202,38): warning C4273: 'AuHalFlushCache': inconsistent dll linkage (compiling source file evmisc.c)
E:\Xeneva Project\Aurora\BaseHdr\Hal\hal.h(79,16): message : see previous definition of 'AuHalFlushCache' (compiling source file evmisc.c)
E:\Xeneva Project\Aurora\Acpica\evglock.c(390,9): warning C4244: '=': conversion from 'int' to 'BOOLEAN', possible loss of data
E:\Xeneva Project\Aurora\Acpica\evglock.c(464,9): warning C4244: '=': conversion from 'int' to 'BOOLEAN', possible loss of data
  evregion.c
  evrgnini.c
  evsci.c
  evxface.c
  evxfevnt.c
  evxfgpe.c
E:\Xeneva Project\Aurora\Acpica\include\platform\acxeneva.h(202,38): warning C4273: 'AuHalFlushCache': inconsistent dll linkage (compiling source file evregion.c)
E:\Xeneva Project\Aurora\BaseHdr\Hal\hal.h(79,16): message : see previous definition of 'AuHalFlushCache' (compiling source file evregion.c)
  evxfregn.c
E:\Xeneva Project\Aurora\Acpica\include\platform\acxeneva.h(202,38): warning C4273: 'AuHalFlushCache': inconsistent dll linkage (compiling source file evsci.c)
E:\Xeneva Project\Aurora\BaseHdr\Hal\hal.h(79,16): message : see previous definition of 'AuHalFlushCache' (compiling source file evsci.c)
E:\Xeneva Project\Aurora\Acpica\include\platform\acxeneva.h(202,38): warning C4273: 'AuHalFlushCache': inconsistent dll linkage (compiling source file evrgnini.c)
E:\Xeneva Project\Aurora\BaseHdr\Hal\hal.h(79,16): message : see previous definition of 'AuHalFlushCache' (compiling source file evrgnini.c)
  exconcat.c
E:\Xeneva Project\Aurora\Acpica\include\platform\acxeneva.h(202,38): warning C4273: 'AuHalFlushCache': inconsistent dll linkage (compiling source file evxfevnt.c)
E:\Xeneva Project\Aurora\BaseHdr\Hal\hal.h(79,16): message : see previous definition of 'AuHalFlushCache' (compiling source file evxfevnt.c)
E:\Xeneva Project\Aurora\Acpica\include\platform\acxeneva.h(202,38): warning C4273: 'AuHalFlushCache': inconsistent dll linkage (compiling source file evxfgpe.c)
E:\Xeneva Project\Aurora\BaseHdr\Hal\hal.h(79,16): message : see previous definition of 'AuHalFlushCache' (compiling source file evxfgpe.c)
E:\Xeneva Project\Aurora\Acpica\include\platform\acxeneva.h(202,38): warning C4273: 'AuHalFlushCache': inconsistent dll linkage (compiling source file evxfregn.c)
E:\Xeneva Project\Aurora\BaseHdr\Hal\hal.h(79,16): message : see previous definition of 'AuHalFlushCache' (compiling source file evxfregn.c)
E:\Xeneva Project\Aurora\Acpica\include\platform\acxeneva.h(202,38): warning C4273: 'AuHalFlushCache': inconsistent dll linkage (compiling source file exconcat.c)
E:\Xeneva Project\Aurora\BaseHdr\Hal\hal.h(79,16): message : see previous definition of 'AuHalFlushCache' (compiling source file exconcat.c)
E:\Xeneva Project\Aurora\Acpica\include\platform\acxeneva.h(202,38): warning C4273: 'AuHalFlushCache': inconsistent dll linkage (compiling source file evxface.c)
E:\Xeneva Project\Aurora\BaseHdr\Hal\hal.h(79,16): message : see previous definition of 'AuHalFlushCache' (compiling source file evxface.c)
  exconfig.c
  exconvrt.c
  excreate.c
E:\Xeneva Project\Aurora\Acpica\include\platform\acxeneva.h(202,38): warning C4273: 'AuHalFlushCache': inconsistent dll linkage (compiling source file exconfig.c)
E:\Xeneva Project\Aurora\BaseHdr\Hal\hal.h(79,16): message : see previous definition of 'AuHalFlushCache' (compiling source file exconfig.c)
E:\Xeneva Project\Aurora\Acpica\include\platform\acxeneva.h(202,38): warning C4273: 'AuHalFlushCache': inconsistent dll linkage (compiling source file excreate.c)
E:\Xeneva Project\Aurora\BaseHdr\Hal\hal.h(79,16): message : see previous definition of 'AuHalFlushCache' (compiling source file excreate.c)
E:\Xeneva Project\Aurora\Acpica\include\platform\acxeneva.h(202,38): warning C4273: 'AuHalFlushCache': inconsistent dll linkage (compiling source file exconvrt.c)
E:\Xeneva Project\Aurora\BaseHdr\Hal\hal.h(79,16): message : see previous definition of 'AuHalFlushCache' (compiling source file exconvrt.c)
  exdebug.c
  exdump.c
  exfield.c
E:\Xeneva Project\Aurora\Acpica\include\platform\acxeneva.h(202,38): warning C4273: 'AuHalFlushCache': inconsistent dll linkage (compiling source file exdump.c)
E:\Xeneva Project\Aurora\BaseHdr\Hal\hal.h(79,16): message : see previous definition of 'AuHalFlushCache' (compiling source file exdump.c)
E:\Xeneva Project\Aurora\Acpica\include\platform\acxeneva.h(202,38): warning C4273: 'AuHalFlushCache': inconsistent dll linkage (compiling source file exdebug.c)
E:\Xeneva Project\Aurora\BaseHdr\Hal\hal.h(79,16): message : see previous definition of 'AuHalFlushCache' (compiling source file exdebug.c)
E:\Xeneva Project\Aurora\Acpica\include\platform\acxeneva.h(202,38): warning C4273: 'AuHalFlushCache': inconsistent dll linkage (compiling source file exfield.c)
E:\Xeneva Project\Aurora\BaseHdr\Hal\hal.h(79,16): message : see previous definition of 'AuHalFlushCache' (compiling source file exfield.c)
  exfldio.c
E:\Xeneva Project\Aurora\Acpica\include\platform\acxeneva.h(202,38): warning C4273: 'AuHalFlushCache': inconsistent dll linkage (compiling source file exfldio.c)
E:\Xeneva Project\Aurora\BaseHdr\Hal\hal.h(79,16): message : see previous definition of 'AuHalFlushCache' (compiling source file exfldio.c)
  exmisc.c
  exmutex.c
  exnames.c
  exoparg1.c
  exoparg2.c
  exoparg3.c
  exoparg6.c
  exprep.c
E:\Xeneva Project\Aurora\Acpica\include\platform\acxeneva.h(202,38): warning C4273: 'AuHalFlushCache': inconsistent dll linkage (compiling source file exmisc.c)
E:\Xeneva Project\Aurora\BaseHdr\Hal\hal.h(79,16): message : see previous definition of 'AuHalFlushCache' (compiling source file exmisc.c)
E:\Xeneva Project\Aurora\Acpica\include\platform\acxeneva.h(202,38): warning C4273: 'AuHalFlushCache': inconsistent dll linkage (compiling source file exnames.c)
E:\Xeneva Project\Aurora\BaseHdr\Hal\hal.h(79,16): message : see previous definition of 'AuHalFlushCache' (compiling source file exnames.c)
E:\Xeneva Project\Aurora\Acpica\include\platform\acxeneva.h(202,38): warning C4273: 'AuHalFlushCache': inconsistent dll linkage (compiling source file exoparg1.c)
E:\Xeneva Project\Aurora\BaseHdr\Hal\hal.h(79,16): message : see previous definition of 'AuHalFlushCache' (compiling source file exoparg1.c)
E:\Xeneva Project\Aurora\Acpica\include\platform\acxeneva.h(202,38): warning C4273: 'AuHalFlushCache': inconsistent dll linkage (compiling source file exmutex.c)
E:\Xeneva Project\Aurora\BaseHdr\Hal\hal.h(79,16): message : see previous definition of 'AuHalFlushCache' (compiling source file exmutex.c)
E:\Xeneva Project\Aurora\Acpica\include\platform\acxeneva.h(202,38): warning C4273: 'AuHalFlushCache': inconsistent dll linkage (compiling source file exoparg3.c)
E:\Xeneva Project\Aurora\BaseHdr\Hal\hal.h(79,16): message : see previous definition of 'AuHalFlushCache' (compiling source file exoparg3.c)
E:\Xeneva Project\Aurora\Acpica\include\platform\acxeneva.h(202,38): warning C4273: 'AuHalFlushCache': inconsistent dll linkage (compiling source file exoparg6.c)
E:\Xeneva Project\Aurora\BaseHdr\Hal\hal.h(79,16): message : see previous definition of 'AuHalFlushCache' (compiling source file exoparg6.c)
E:\Xeneva Project\Aurora\Acpica\include\platform\acxeneva.h(202,38): warning C4273: 'AuHalFlushCache': inconsistent dll linkage (compiling source file exoparg2.c)
E:\Xeneva Project\Aurora\BaseHdr\Hal\hal.h(79,16): message : see previous definition of 'AuHalFlushCache' (compiling source file exoparg2.c)
E:\Xeneva Project\Aurora\Acpica\include\platform\acxeneva.h(202,38): warning C4273: 'AuHalFlushCache': inconsistent dll linkage (compiling source file exprep.c)
E:\Xeneva Project\Aurora\BaseHdr\Hal\hal.h(79,16): message : see previous definition of 'AuHalFlushCache' (compiling source file exprep.c)
  exregion.c
  exresnte.c
  exresolv.c
  exresop.c
  exserial.c
E:\Xeneva Project\Aurora\Acpica\include\platform\acxeneva.h(202,38): warning C4273: 'AuHalFlushCache': inconsistent dll linkage (compiling source file exregion.c)
E:\Xeneva Project\Aurora\BaseHdr\Hal\hal.h(79,16): message : see previous definition of 'AuHalFlushCache' (compiling source file exregion.c)
E:\Xeneva Project\Aurora\Acpica\include\platform\acxeneva.h(202,38): warning C4273: 'AuHalFlushCache': inconsistent dll linkage (compiling source file exresnte.c)
E:\Xeneva Project\Aurora\BaseHdr\Hal\hal.h(79,16): message : see previous definition of 'AuHalFlushCache' (compiling source file exresnte.c)
E:\Xeneva Project\Aurora\Acpica\include\platform\acxeneva.h(202,38): warning C4273: 'AuHalFlushCache': inconsistent dll linkage (compiling source file exresolv.c)
E:\Xeneva Project\Aurora\BaseHdr\Hal\hal.h(79,16): message : see previous definition of 'AuHalFlushCache' (compiling source file exresolv.c)
E:\Xeneva Project\Aurora\Acpica\include\platform\acxeneva.h(202,38): warning C4273: 'AuHalFlushCache': inconsistent dll linkage (compiling source file exresop.c)
E:\Xeneva Project\Aurora\BaseHdr\Hal\hal.h(79,16): message : see previous definition of 'AuHalFlushCache' (compiling source file exresop.c)
E:\Xeneva Project\Aurora\Acpica\include\platform\acxeneva.h(202,38): warning C4273: 'AuHalFlushCache': inconsistent dll linkage (compiling source file exserial.c)
E:\Xeneva Project\Aurora\BaseHdr\Hal\hal.h(79,16): message : see previous definition of 'AuHalFlushCache' (compiling source file exserial.c)
  exstore.c
  exstoren.c
  exstorob.c
  exsystem.c
  extrace.c
  exutils.c
  hwacpi.c
E:\Xeneva Project\Aurora\Acpica\include\platform\acxeneva.h(202,38): warning C4273: 'AuHalFlushCache': inconsistent dll linkage (compiling source file exstore.c)
E:\Xeneva Project\Aurora\BaseHdr\Hal\hal.h(79,16): message : see previous definition of 'AuHalFlushCache' (compiling source file exstore.c)
  hwesleep.c
E:\Xeneva Project\Aurora\Acpica\include\platform\acxeneva.h(202,38): warning C4273: 'AuHalFlushCache': inconsistent dll linkage (compiling source file exstoren.c)
E:\Xeneva Project\Aurora\BaseHdr\Hal\hal.h(79,16): message : see previous definition of 'AuHalFlushCache' (compiling source file exstoren.c)
E:\Xeneva Project\Aurora\Acpica\include\platform\acxeneva.h(202,38): warning C4273: 'AuHalFlushCache': inconsistent dll linkage (compiling source file extrace.c)
E:\Xeneva Project\Aurora\BaseHdr\Hal\hal.h(79,16): message : see previous definition of 'AuHalFlushCache' (compiling source file extrace.c)
  hwgpe.c
E:\Xeneva Project\Aurora\Acpica\include\platform\acxeneva.h(202,38): warning C4273: 'AuHalFlushCache': inconsistent dll linkage (compiling source file exstorob.c)
E:\Xeneva Project\Aurora\BaseHdr\Hal\hal.h(79,16): message : see previous definition of 'AuHalFlushCache' (compiling source file exstorob.c)
E:\Xeneva Project\Aurora\Acpica\include\platform\acxeneva.h(202,38): warning C4273: 'AuHalFlushCache': inconsistent dll linkage (compiling source file exutils.c)
E:\Xeneva Project\Aurora\BaseHdr\Hal\hal.h(79,16): message : see previous definition of 'AuHalFlushCache' (compiling source file exutils.c)
E:\Xeneva Project\Aurora\Acpica\include\platform\acxeneva.h(202,38): warning C4273: 'AuHalFlushCache': inconsistent dll linkage (compiling source file hwesleep.c)
E:\Xeneva Project\Aurora\BaseHdr\Hal\hal.h(79,16): message : see previous definition of 'AuHalFlushCache' (compiling source file hwesleep.c)
E:\Xeneva Project\Aurora\Acpica\include\platform\acxeneva.h(202,38): warning C4273: 'AuHalFlushCache': inconsistent dll linkage (compiling source file hwacpi.c)
E:\Xeneva Project\Aurora\BaseHdr\Hal\hal.h(79,16): message : see previous definition of 'AuHalFlushCache' (compiling source file hwacpi.c)
E:\Xeneva Project\Aurora\Acpica\include\platform\acxeneva.h(202,38): warning C4273: 'AuHalFlushCache': inconsistent dll linkage (compiling source file exsystem.c)
E:\Xeneva Project\Aurora\BaseHdr\Hal\hal.h(79,16): message : see previous definition of 'AuHalFlushCache' (compiling source file exsystem.c)
E:\Xeneva Project\Aurora\Acpica\include\platform\acxeneva.h(202,38): warning C4273: 'AuHalFlushCache': inconsistent dll linkage (compiling source file hwgpe.c)
E:\Xeneva Project\Aurora\BaseHdr\Hal\hal.h(79,16): message : see previous definition of 'AuHalFlushCache' (compiling source file hwgpe.c)
  hwpci.c
  hwregs.c
  hwsleep.c
E:\Xeneva Project\Aurora\Acpica\include\platform\acxeneva.h(202,38): warning C4273: 'AuHalFlushCache': inconsistent dll linkage (compiling source file hwpci.c)
E:\Xeneva Project\Aurora\BaseHdr\Hal\hal.h(79,16): message : see previous definition of 'AuHalFlushCache' (compiling source file hwpci.c)
  hwtimer.c
  hwvalid.c
  hwxface.c
E:\Xeneva Project\Aurora\Acpica\include\platform\acxeneva.h(202,38): warning C4273: 'AuHalFlushCache': inconsistent dll linkage (compiling source file hwsleep.c)
E:\Xeneva Project\Aurora\BaseHdr\Hal\hal.h(79,16): message : see previous definition of 'AuHalFlushCache' (compiling source file hwsleep.c)
E:\Xeneva Project\Aurora\Acpica\include\platform\acxeneva.h(202,38): warning C4273: 'AuHalFlushCache': inconsistent dll linkage (compiling source file hwregs.c)
E:\Xeneva Project\Aurora\BaseHdr\Hal\hal.h(79,16): message : see previous definition of 'AuHalFlushCache' (compiling source file hwregs.c)
  hwxfsleep.c
E:\Xeneva Project\Aurora\Acpica\include\platform\acxeneva.h(202,38): warning C4273: 'AuHalFlushCache': inconsistent dll linkage (compiling source file hwvalid.c)
E:\Xeneva Project\Aurora\BaseHdr\Hal\hal.h(79,16): message : see previous definition of 'AuHalFlushCache' (compiling source file hwvalid.c)
E:\Xeneva Project\Aurora\Acpica\include\platform\acxeneva.h(202,38): warning C4273: 'AuHalFlushCache': inconsistent dll linkage (compiling source file hwtimer.c)
E:\Xeneva Project\Aurora\BaseHdr\Hal\hal.h(79,16): message : see previous definition of 'AuHalFlushCache' (compiling source file hwtimer.c)
  nsaccess.c
E:\Xeneva Project\Aurora\Acpica\include\platform\acxeneva.h(202,38): warning C4273: 'AuHalFlushCache': inconsistent dll linkage (compiling source file hwxface.c)
E:\Xeneva Project\Aurora\BaseHdr\Hal\hal.h(79,16): message : see previous definition of 'AuHalFlushCache' (compiling source file hwxface.c)
E:\Xeneva Project\Aurora\Acpica\include\platform\acxeneva.h(202,38): warning C4273: 'AuHalFlushCache': inconsistent dll linkage (compiling source file hwxfsleep.c)
E:\Xeneva Project\Aurora\BaseHdr\Hal\hal.h(79,16): message : see previous definition of 'AuHalFlushCache' (compiling source file hwxfsleep.c)
  nsalloc.c
E:\Xeneva Project\Aurora\Acpica\include\platform\acxeneva.h(202,38): warning C4273: 'AuHalFlushCache': inconsistent dll linkage (compiling source file nsaccess.c)
E:\Xeneva Project\Aurora\BaseHdr\Hal\hal.h(79,16): message : see previous definition of 'AuHalFlushCache' (compiling source file nsaccess.c)
  nsarguments.c
E:\Xeneva Project\Aurora\Acpica\include\platform\acxeneva.h(202,38): warning C4273: 'AuHalFlushCache': inconsistent dll linkage (compiling source file nsalloc.c)
E:\Xeneva Project\Aurora\BaseHdr\Hal\hal.h(79,16): message : see previous definition of 'AuHalFlushCache' (compiling source file nsalloc.c)
  nsconvert.c
  nsdump.c
  nsdumpdv.c
  nseval.c
E:\Xeneva Project\Aurora\Acpica\include\platform\acxeneva.h(202,38): warning C4273: 'AuHalFlushCache': inconsistent dll linkage (compiling source file nsarguments.c)
E:\Xeneva Project\Aurora\BaseHdr\Hal\hal.h(79,16): message : see previous definition of 'AuHalFlushCache' (compiling source file nsarguments.c)
E:\Xeneva Project\Aurora\Acpica\include\platform\acxeneva.h(202,38): warning C4273: 'AuHalFlushCache': inconsistent dll linkage (compiling source file nsconvert.c)
E:\Xeneva Project\Aurora\BaseHdr\Hal\hal.h(79,16): message : see previous definition of 'AuHalFlushCache' (compiling source file nsconvert.c)
E:\Xeneva Project\Aurora\Acpica\include\platform\acxeneva.h(202,38): warning C4273: 'AuHalFlushCache': inconsistent dll linkage (compiling source file nsdump.c)
E:\Xeneva Project\Aurora\BaseHdr\Hal\hal.h(79,16): message : see previous definition of 'AuHalFlushCache' (compiling source file nsdump.c)
E:\Xeneva Project\Aurora\Acpica\nsdump.c(234,21): warning C4013: 'isprint' undefined; assuming extern returning int
  nsinit.c
  nsload.c
  nsnames.c
  nsobject.c
  nsparse.c
E:\Xeneva Project\Aurora\Acpica\include\platform\acxeneva.h(202,38): warning C4273: 'AuHalFlushCache': inconsistent dll linkage (compiling source file nsdumpdv.c)
E:\Xeneva Project\Aurora\BaseHdr\Hal\hal.h(79,16): message : see previous definition of 'AuHalFlushCache' (compiling source file nsdumpdv.c)
E:\Xeneva Project\Aurora\Acpica\include\platform\acxeneva.h(202,38): warning C4273: 'AuHalFlushCache': inconsistent dll linkage (compiling source file nsobject.c)
E:\Xeneva Project\Aurora\BaseHdr\Hal\hal.h(79,16): message : see previous definition of 'AuHalFlushCache' (compiling source file nsobject.c)
E:\Xeneva Project\Aurora\Acpica\include\platform\acxeneva.h(202,38): warning C4273: 'AuHalFlushCache': inconsistent dll linkage (compiling source file nsload.c)
E:\Xeneva Project\Aurora\BaseHdr\Hal\hal.h(79,16): message : see previous definition of 'AuHalFlushCache' (compiling source file nsload.c)
E:\Xeneva Project\Aurora\Acpica\include\platform\acxeneva.h(202,38): warning C4273: 'AuHalFlushCache': inconsistent dll linkage (compiling source file nsinit.c)
E:\Xeneva Project\Aurora\BaseHdr\Hal\hal.h(79,16): message : see previous definition of 'AuHalFlushCache' (compiling source file nsinit.c)
E:\Xeneva Project\Aurora\Acpica\include\platform\acxeneva.h(202,38): warning C4273: 'AuHalFlushCache': inconsistent dll linkage (compiling source file nsnames.c)
E:\Xeneva Project\Aurora\BaseHdr\Hal\hal.h(79,16): message : see previous definition of 'AuHalFlushCache' (compiling source file nsnames.c)
E:\Xeneva Project\Aurora\Acpica\include\platform\acxeneva.h(202,38): warning C4273: 'AuHalFlushCache': inconsistent dll linkage (compiling source file nseval.c)
E:\Xeneva Project\Aurora\BaseHdr\Hal\hal.h(79,16): message : see previous definition of 'AuHalFlushCache' (compiling source file nseval.c)
  nspredef.c
E:\Xeneva Project\Aurora\Acpica\include\platform\acxeneva.h(202,38): warning C4273: 'AuHalFlushCache': inconsistent dll linkage (compiling source file nsparse.c)
E:\Xeneva Project\Aurora\BaseHdr\Hal\hal.h(79,16): message : see previous definition of 'AuHalFlushCache' (compiling source file nsparse.c)
  nsprepkg.c
E:\Xeneva Project\Aurora\Acpica\include\platform\acxeneva.h(202,38): warning C4273: 'AuHalFlushCache': inconsistent dll linkage (compiling source file nspredef.c)
E:\Xeneva Project\Aurora\BaseHdr\Hal\hal.h(79,16): message : see previous definition of 'AuHalFlushCache' (compiling source file nspredef.c)
E:\Xeneva Project\Aurora\Acpica\nsnames.c(339,21): warning C4244: 'function': conversion from 'ACPI_SIZE' to 'UINT32', possible loss of data
E:\Xeneva Project\Aurora\Acpica\nsnames.c(512,61): warning C4244: 'function': conversion from 'ACPI_SIZE' to 'UINT32', possible loss of data
E:\Xeneva Project\Aurora\Acpica\nsnames.c(555,51): warning C4267: '=': conversion from 'size_t' to 'UINT32', possible loss of data
E:\Xeneva Project\Aurora\Acpica\include\platform\acxeneva.h(202,38): warning C4273: 'AuHalFlushCache': inconsistent dll linkage (compiling source file nsprepkg.c)
E:\Xeneva Project\Aurora\BaseHdr\Hal\hal.h(79,16): message : see previous definition of 'AuHalFlushCache' (compiling source file nsprepkg.c)
  nsrepair.c
  nsrepair2.c
  nssearch.c
  nsutils.c
  nswalk.c
  nsxfeval.c
E:\Xeneva Project\Aurora\Acpica\include\platform\acxeneva.h(202,38): warning C4273: 'AuHalFlushCache': inconsistent dll linkage (compiling source file nsrepair.c)
E:\Xeneva Project\Aurora\BaseHdr\Hal\hal.h(79,16): message : see previous definition of 'AuHalFlushCache' (compiling source file nsrepair.c)
E:\Xeneva Project\Aurora\Acpica\include\platform\acxeneva.h(202,38): warning C4273: 'AuHalFlushCache': inconsistent dll linkage (compiling source file nsrepair2.c)
E:\Xeneva Project\Aurora\BaseHdr\Hal\hal.h(79,16): message : see previous definition of 'AuHalFlushCache' (compiling source file nsrepair2.c)
E:\Xeneva Project\Aurora\Acpica\include\platform\acxeneva.h(202,38): warning C4273: 'AuHalFlushCache': inconsistent dll linkage (compiling source file nssearch.c)
E:\Xeneva Project\Aurora\BaseHdr\Hal\hal.h(79,16): message : see previous definition of 'AuHalFlushCache' (compiling source file nssearch.c)
E:\Xeneva Project\Aurora\Acpica\include\platform\acxeneva.h(202,38): warning C4273: 'AuHalFlushCache': inconsistent dll linkage (compiling source file nswalk.c)
E:\Xeneva Project\Aurora\BaseHdr\Hal\hal.h(79,16): message : see previous definition of 'AuHalFlushCache' (compiling source file nswalk.c)
E:\Xeneva Project\Aurora\Acpica\include\platform\acxeneva.h(202,38): warning C4273: 'AuHalFlushCache': inconsistent dll linkage (compiling source file nsutils.c)
E:\Xeneva Project\Aurora\BaseHdr\Hal\hal.h(79,16): message : see previous definition of 'AuHalFlushCache' (compiling source file nsutils.c)
E:\Xeneva Project\Aurora\Acpica\include\platform\acxeneva.h(202,38): warning C4273: 'AuHalFlushCache': inconsistent dll linkage (compiling source file nsxfeval.c)
E:\Xeneva Project\Aurora\BaseHdr\Hal\hal.h(79,16): message : see previous definition of 'AuHalFlushCache' (compiling source file nsxfeval.c)
  nsxfname.c
  nsxfobj.c
E:\Xeneva Project\Aurora\Acpica\include\platform\acxeneva.h(202,38): warning C4273: 'AuHalFlushCache': inconsistent dll linkage (compiling source file nsxfname.c)
E:\Xeneva Project\Aurora\BaseHdr\Hal\hal.h(79,16): message : see previous definition of 'AuHalFlushCache' (compiling source file nsxfname.c)
E:\Xeneva Project\Aurora\Acpica\nsrepair2.c(751,32): warning C4013: 'toupper' undefined; assuming extern returning int
E:\Xeneva Project\Aurora\Acpica\nsutils.c(459,44): warning C4013: 'toupper' undefined; assuming extern returning int
E:\Xeneva Project\Aurora\Acpica\include\platform\acxeneva.h(202,38): warning C4273: 'AuHalFlushCache': inconsistent dll linkage (compiling source file nsxfobj.c)
E:\Xeneva Project\Aurora\BaseHdr\Hal\hal.h(79,16): message : see previous definition of 'AuHalFlushCache' (compiling source file nsxfobj.c)
  psargs.c
  psloop.c
  psobject.c
  psopcode.c
  psopinfo.c
  psparse.c
E:\Xeneva Project\Aurora\Acpica\include\platform\acxeneva.h(202,38): warning C4273: 'AuHalFlushCache': inconsistent dll linkage (compiling source file psargs.c)
E:\Xeneva Project\Aurora\BaseHdr\Hal\hal.h(79,16): message : see previous definition of 'AuHalFlushCache' (compiling source file psargs.c)
E:\Xeneva Project\Aurora\Acpica\include\platform\acxeneva.h(202,38): warning C4273: 'AuHalFlushCache': inconsistent dll linkage (compiling source file psobject.c)
E:\Xeneva Project\Aurora\BaseHdr\Hal\hal.h(79,16): message : see previous definition of 'AuHalFlushCache' (compiling source file psobject.c)
E:\Xeneva Project\Aurora\Acpica\nsxfname.c(717,61): warning C4244: '=': conversion from 'ACPI_SIZE' to 'UINT32', possible loss of data
E:\Xeneva Project\Aurora\Acpica\include\platform\acxeneva.h(202,38): warning C4273: 'AuHalFlushCache': inconsistent dll linkage (compiling source file psloop.c)
E:\Xeneva Project\Aurora\BaseHdr\Hal\hal.h(79,16): message : see previous definition of 'AuHalFlushCache' (compiling source file psloop.c)
E:\Xeneva Project\Aurora\Acpica\include\platform\acxeneva.h(202,38): warning C4273: 'AuHalFlushCache': inconsistent dll linkage (compiling source file psopcode.c)
E:\Xeneva Project\Aurora\BaseHdr\Hal\hal.h(79,16): message : see previous definition of 'AuHalFlushCache' (compiling source file psopcode.c)
E:\Xeneva Project\Aurora\Acpica\include\platform\acxeneva.h(202,38): warning C4273: 'AuHalFlushCache': inconsistent dll linkage (compiling source file psopinfo.c)
E:\Xeneva Project\Aurora\BaseHdr\Hal\hal.h(79,16): message : see previous definition of 'AuHalFlushCache' (compiling source file psopinfo.c)
E:\Xeneva Project\Aurora\Acpica\include\platform\acxeneva.h(202,38): warning C4273: 'AuHalFlushCache': inconsistent dll linkage (compiling source file psparse.c)
E:\Xeneva Project\Aurora\BaseHdr\Hal\hal.h(79,16): message : see previous definition of 'AuHalFlushCache' (compiling source file psparse.c)
  psscope.c
  pstree.c
E:\Xeneva Project\Aurora\Acpica\include\platform\acxeneva.h(202,38): warning C4273: 'AuHalFlushCache': inconsistent dll linkage (compiling source file psscope.c)
E:\Xeneva Project\Aurora\BaseHdr\Hal\hal.h(79,16): message : see previous definition of 'AuHalFlushCache' (compiling source file psscope.c)
E:\Xeneva Project\Aurora\Acpica\include\platform\acxeneva.h(202,38): warning C4273: 'AuHalFlushCache': inconsistent dll linkage (compiling source file pstree.c)
E:\Xeneva Project\Aurora\BaseHdr\Hal\hal.h(79,16): message : see previous definition of 'AuHalFlushCache' (compiling source file pstree.c)
  psutils.c
  pswalk.c
  psxface.c
  rsaddr.c
E:\Xeneva Project\Aurora\Acpica\include\platform\acxeneva.h(202,38): warning C4273: 'AuHalFlushCache': inconsistent dll linkage (compiling source file psutils.c)
E:\Xeneva Project\Aurora\BaseHdr\Hal\hal.h(79,16): message : see previous definition of 'AuHalFlushCache' (compiling source file psutils.c)
  rscalc.c
  rscreate.c
  rsdump.c
E:\Xeneva Project\Aurora\Acpica\include\platform\acxeneva.h(202,38): warning C4273: 'AuHalFlushCache': inconsistent dll linkage (compiling source file rsaddr.c)
E:\Xeneva Project\Aurora\BaseHdr\Hal\hal.h(79,16): message : see previous definition of 'AuHalFlushCache' (compiling source file rsaddr.c)
E:\Xeneva Project\Aurora\Acpica\include\platform\acxeneva.h(202,38): warning C4273: 'AuHalFlushCache': inconsistent dll linkage (compiling source file pswalk.c)
E:\Xeneva Project\Aurora\BaseHdr\Hal\hal.h(79,16): message : see previous definition of 'AuHalFlushCache' (compiling source file pswalk.c)
E:\Xeneva Project\Aurora\Acpica\include\platform\acxeneva.h(202,38): warning C4273: 'AuHalFlushCache': inconsistent dll linkage (compiling source file psxface.c)
E:\Xeneva Project\Aurora\BaseHdr\Hal\hal.h(79,16): message : see previous definition of 'AuHalFlushCache' (compiling source file psxface.c)
E:\Xeneva Project\Aurora\Acpica\include\platform\acxeneva.h(202,38): warning C4273: 'AuHalFlushCache': inconsistent dll linkage (compiling source file rscalc.c)
E:\Xeneva Project\Aurora\BaseHdr\Hal\hal.h(79,16): message : see previous definition of 'AuHalFlushCache' (compiling source file rscalc.c)
  rsdumpinfo.c
E:\Xeneva Project\Aurora\Acpica\include\platform\acxeneva.h(202,38): warning C4273: 'AuHalFlushCache': inconsistent dll linkage (compiling source file rscreate.c)
E:\Xeneva Project\Aurora\BaseHdr\Hal\hal.h(79,16): message : see previous definition of 'AuHalFlushCache' (compiling source file rscreate.c)
E:\Xeneva Project\Aurora\Acpica\include\platform\acxeneva.h(202,38): warning C4273: 'AuHalFlushCache': inconsistent dll linkage (compiling source file rsdump.c)
E:\Xeneva Project\Aurora\BaseHdr\Hal\hal.h(79,16): message : see previous definition of 'AuHalFlushCache' (compiling source file rsdump.c)
E:\Xeneva Project\Aurora\Acpica\include\platform\acxeneva.h(202,38): warning C4273: 'AuHalFlushCache': inconsistent dll linkage (compiling source file rsdumpinfo.c)
E:\Xeneva Project\Aurora\BaseHdr\Hal\hal.h(79,16): message : see previous definition of 'AuHalFlushCache' (compiling source file rsdumpinfo.c)
  rsinfo.c
  rsio.c
  rsirq.c
  rslist.c
  rsmemory.c
E:\Xeneva Project\Aurora\Acpica\include\platform\acxeneva.h(202,38): warning C4273: 'AuHalFlushCache': inconsistent dll linkage (compiling source file rsinfo.c)
E:\Xeneva Project\Aurora\BaseHdr\Hal\hal.h(79,16): message : see previous definition of 'AuHalFlushCache' (compiling source file rsinfo.c)
E:\Xeneva Project\Aurora\Acpica\include\platform\acxeneva.h(202,38): warning C4273: 'AuHalFlushCache': inconsistent dll linkage (compiling source file rsio.c)
E:\Xeneva Project\Aurora\BaseHdr\Hal\hal.h(79,16): message : see previous definition of 'AuHalFlushCache' (compiling source file rsio.c)
E:\Xeneva Project\Aurora\Acpica\include\platform\acxeneva.h(202,38): warning C4273: 'AuHalFlushCache': inconsistent dll linkage (compiling source file rsirq.c)
E:\Xeneva Project\Aurora\BaseHdr\Hal\hal.h(79,16): message : see previous definition of 'AuHalFlushCache' (compiling source file rsirq.c)
  rsmisc.c
E:\Xeneva Project\Aurora\Acpica\include\platform\acxeneva.h(202,38): warning C4273: 'AuHalFlushCache': inconsistent dll linkage (compiling source file rslist.c)
E:\Xeneva Project\Aurora\BaseHdr\Hal\hal.h(79,16): message : see previous definition of 'AuHalFlushCache' (compiling source file rslist.c)
E:\Xeneva Project\Aurora\Acpica\include\platform\acxeneva.h(202,38): warning C4273: 'AuHalFlushCache': inconsistent dll linkage (compiling source file rsmemory.c)
E:\Xeneva Project\Aurora\BaseHdr\Hal\hal.h(79,16): message : see previous definition of 'AuHalFlushCache' (compiling source file rsmemory.c)
  rsserial.c
  rsutils.c
E:\Xeneva Project\Aurora\Acpica\include\platform\acxeneva.h(202,38): warning C4273: 'AuHalFlushCache': inconsistent dll linkage (compiling source file rsmisc.c)
E:\Xeneva Project\Aurora\BaseHdr\Hal\hal.h(79,16): message : see previous definition of 'AuHalFlushCache' (compiling source file rsmisc.c)
E:\Xeneva Project\Aurora\Acpica\include\platform\acxeneva.h(202,38): warning C4273: 'AuHalFlushCache': inconsistent dll linkage (compiling source file rsserial.c)
E:\Xeneva Project\Aurora\BaseHdr\Hal\hal.h(79,16): message : see previous definition of 'AuHalFlushCache' (compiling source file rsserial.c)
E:\Xeneva Project\Aurora\Acpica\include\platform\acxeneva.h(202,38): warning C4273: 'AuHalFlushCache': inconsistent dll linkage (compiling source file rsutils.c)
E:\Xeneva Project\Aurora\BaseHdr\Hal\hal.h(79,16): message : see previous definition of 'AuHalFlushCache' (compiling source file rsutils.c)
  rsxface.c
  tbdata.c
  tbfadt.c
  tbfind.c
E:\Xeneva Project\Aurora\Acpica\include\platform\acxeneva.h(202,38): warning C4273: 'AuHalFlushCache': inconsistent dll linkage (compiling source file rsxface.c)
E:\Xeneva Project\Aurora\BaseHdr\Hal\hal.h(79,16): message : see previous definition of 'AuHalFlushCache' (compiling source file rsxface.c)
E:\Xeneva Project\Aurora\Acpica\include\platform\acxeneva.h(202,38): warning C4273: 'AuHalFlushCache': inconsistent dll linkage (compiling source file tbdata.c)
E:\Xeneva Project\Aurora\BaseHdr\Hal\hal.h(79,16): message : see previous definition of 'AuHalFlushCache' (compiling source file tbdata.c)
E:\Xeneva Project\Aurora\Acpica\include\platform\acxeneva.h(202,38): warning C4273: 'AuHalFlushCache': inconsistent dll linkage (compiling source file tbfadt.c)
E:\Xeneva Project\Aurora\BaseHdr\Hal\hal.h(79,16): message : see previous definition of 'AuHalFlushCache' (compiling source file tbfadt.c)
E:\Xeneva Project\Aurora\Acpica\include\platform\acxeneva.h(202,38): warning C4273: 'AuHalFlushCache': inconsistent dll linkage (compiling source file tbfind.c)
E:\Xeneva Project\Aurora\BaseHdr\Hal\hal.h(79,16): message : see previous definition of 'AuHalFlushCache' (compiling source file tbfind.c)
  tbinstal.c
E:\Xeneva Project\Aurora\Acpica\include\platform\acxeneva.h(202,38): warning C4273: 'AuHalFlushCache': inconsistent dll linkage (compiling source file tbinstal.c)
E:\Xeneva Project\Aurora\BaseHdr\Hal\hal.h(79,16): message : see previous definition of 'AuHalFlushCache' (compiling source file tbinstal.c)
  tbprint.c
  tbutils.c
  tbxface.c
  tbxfload.c
  tbxfroot.c
  utaddress.c
  utalloc.c
E:\Xeneva Project\Aurora\Acpica\include\platform\acxeneva.h(202,38): warning C4273: 'AuHalFlushCache': inconsistent dll linkage (compiling source file tbprint.c)
E:\Xeneva Project\Aurora\BaseHdr\Hal\hal.h(79,16): message : see previous definition of 'AuHalFlushCache' (compiling source file tbprint.c)
E:\Xeneva Project\Aurora\Acpica\include\platform\acxeneva.h(202,38): warning C4273: 'AuHalFlushCache': inconsistent dll linkage (compiling source file tbxface.c)
E:\Xeneva Project\Aurora\BaseHdr\Hal\hal.h(79,16): message : see previous definition of 'AuHalFlushCache' (compiling source file tbxface.c)
E:\Xeneva Project\Aurora\Acpica\include\platform\acxeneva.h(202,38): warning C4273: 'AuHalFlushCache': inconsistent dll linkage (compiling source file tbutils.c)
E:\Xeneva Project\Aurora\BaseHdr\Hal\hal.h(79,16): message : see previous definition of 'AuHalFlushCache' (compiling source file tbutils.c)
E:\Xeneva Project\Aurora\Acpica\include\platform\acxeneva.h(202,38): warning C4273: 'AuHalFlushCache': inconsistent dll linkage (compiling source file tbxfload.c)
E:\Xeneva Project\Aurora\BaseHdr\Hal\hal.h(79,16): message : see previous definition of 'AuHalFlushCache' (compiling source file tbxfload.c)
E:\Xeneva Project\Aurora\Acpica\include\platform\acxeneva.h(202,38): warning C4273: 'AuHalFlushCache': inconsistent dll linkage (compiling source file tbxfroot.c)
E:\Xeneva Project\Aurora\BaseHdr\Hal\hal.h(79,16): message : see previous definition of 'AuHalFlushCache' (compiling source file tbxfroot.c)
E:\Xeneva Project\Aurora\Acpica\include\platform\acxeneva.h(202,38): warning C4273: 'AuHalFlushCache': inconsistent dll linkage (compiling source file utaddress.c)
E:\Xeneva Project\Aurora\BaseHdr\Hal\hal.h(79,16): message : see previous definition of 'AuHalFlushCache' (compiling source file utaddress.c)
E:\Xeneva Project\Aurora\Acpica\include\platform\acxeneva.h(202,38): warning C4273: 'AuHalFlushCache': inconsistent dll linkage (compiling source file utalloc.c)
E:\Xeneva Project\Aurora\BaseHdr\Hal\hal.h(79,16): message : see previous definition of 'AuHalFlushCache' (compiling source file utalloc.c)
E:\Xeneva Project\Aurora\Acpica\tbprint.c(195,22): warning C4013: 'isprint' undefined; assuming extern returning int
E:\Xeneva Project\Aurora\Acpica\utalloc.c(190,36): warning C4244: 'function': conversion from 'ACPI_SIZE' to 'uint32_t', possible loss of data
E:\Xeneva Project\Aurora\Acpica\utalloc.c(515,47): warning C4244: 'function': conversion from 'ACPI_SIZE' to 'uint32_t', possible loss of data
  utascii.c
  utbuffer.c
  utcache.c
  utclib.c
  utcopy.c
  utdebug.c
E:\Xeneva Project\Aurora\Acpica\include\platform\acxeneva.h(202,38): warning C4273: 'AuHalFlushCache': inconsistent dll linkage (compiling source file utascii.c)
E:\Xeneva Project\Aurora\BaseHdr\Hal\hal.h(79,16): message : see previous definition of 'AuHalFlushCache' (compiling source file utascii.c)
  utdecode.c
E:\Xeneva Project\Aurora\Acpica\include\platform\acxeneva.h(202,38): warning C4273: 'AuHalFlushCache': inconsistent dll linkage (compiling source file utclib.c)
E:\Xeneva Project\Aurora\BaseHdr\Hal\hal.h(79,16): message : see previous definition of 'AuHalFlushCache' (compiling source file utclib.c)
E:\Xeneva Project\Aurora\Acpica\include\platform\acxeneva.h(202,38): warning C4273: 'AuHalFlushCache': inconsistent dll linkage (compiling source file utbuffer.c)
E:\Xeneva Project\Aurora\BaseHdr\Hal\hal.h(79,16): message : see previous definition of 'AuHalFlushCache' (compiling source file utbuffer.c)
  utdelete.c
E:\Xeneva Project\Aurora\Acpica\include\platform\acxeneva.h(202,38): warning C4273: 'AuHalFlushCache': inconsistent dll linkage (compiling source file utcache.c)
E:\Xeneva Project\Aurora\BaseHdr\Hal\hal.h(79,16): message : see previous definition of 'AuHalFlushCache' (compiling source file utcache.c)
E:\Xeneva Project\Aurora\Acpica\include\platform\acxeneva.h(202,38): warning C4273: 'AuHalFlushCache': inconsistent dll linkage (compiling source file utcopy.c)
E:\Xeneva Project\Aurora\BaseHdr\Hal\hal.h(79,16): message : see previous definition of 'AuHalFlushCache' (compiling source file utcopy.c)
E:\Xeneva Project\Aurora\Acpica\utascii.c(264,22): warning C4013: 'isprint' undefined; assuming extern returning int
E:\Xeneva Project\Aurora\Acpica\include\platform\acxeneva.h(202,38): warning C4273: 'AuHalFlushCache': inconsistent dll linkage (compiling source file utdebug.c)
E:\Xeneva Project\Aurora\BaseHdr\Hal\hal.h(79,16): message : see previous definition of 'AuHalFlushCache' (compiling source file utdebug.c)
E:\Xeneva Project\Aurora\Acpica\include\platform\acxeneva.h(202,38): warning C4273: 'AuHalFlushCache': inconsistent dll linkage (compiling source file utdecode.c)
E:\Xeneva Project\Aurora\BaseHdr\Hal\hal.h(79,16): message : see previous definition of 'AuHalFlushCache' (compiling source file utdecode.c)
E:\Xeneva Project\Aurora\Acpica\utbuffer.c(279,25): warning C4013: 'isprint' undefined; assuming extern returning int
  uterror.c
E:\Xeneva Project\Aurora\Acpica\include\platform\acxeneva.h(202,38): warning C4273: 'AuHalFlushCache': inconsistent dll linkage (compiling source file utdelete.c)
E:\Xeneva Project\Aurora\BaseHdr\Hal\hal.h(79,16): message : see previous definition of 'AuHalFlushCache' (compiling source file utdelete.c)
  uteval.c
  utexcep.c
E:\Xeneva Project\Aurora\Acpica\include\platform\acxeneva.h(202,38): warning C4273: 'AuHalFlushCache': inconsistent dll linkage (compiling source file uteval.c)
E:\Xeneva Project\Aurora\BaseHdr\Hal\hal.h(79,16): message : see previous definition of 'AuHalFlushCache' (compiling source file uteval.c)
E:\Xeneva Project\Aurora\Acpica\include\platform\acxeneva.h(202,38): warning C4273: 'AuHalFlushCache': inconsistent dll linkage (compiling source file uterror.c)
E:\Xeneva Project\Aurora\BaseHdr\Hal\hal.h(79,16): message : see previous definition of 'AuHalFlushCache' (compiling source file uterror.c)
  utglobal.c
E:\Xeneva Project\Aurora\Acpica\include\platform\acxeneva.h(202,38): warning C4273: 'AuHalFlushCache': inconsistent dll linkage (compiling source file utexcep.c)
E:\Xeneva Project\Aurora\BaseHdr\Hal\hal.h(79,16): message : see previous definition of 'AuHalFlushCache' (compiling source file utexcep.c)
E:\Xeneva Project\Aurora\Acpica\include\platform\acxeneva.h(202,38): warning C4273: 'AuHalFlushCache': inconsistent dll linkage (compiling source file utglobal.c)
E:\Xeneva Project\Aurora\BaseHdr\Hal\hal.h(79,16): message : see previous definition of 'AuHalFlushCache' (compiling source file utglobal.c)
  uthex.c
  utids.c
  utinit.c
E:\Xeneva Project\Aurora\Acpica\include\platform\acxeneva.h(202,38): warning C4273: 'AuHalFlushCache': inconsistent dll linkage (compiling source file uthex.c)
E:\Xeneva Project\Aurora\BaseHdr\Hal\hal.h(79,16): message : see previous definition of 'AuHalFlushCache' (compiling source file uthex.c)
E:\Xeneva Project\Aurora\Acpica\uthex.c(215,19): warning C4013: 'isxdigit' undefined; assuming extern returning int
  utlock.c
  utmath.c
  utmisc.c
E:\Xeneva Project\Aurora\Acpica\include\platform\acxeneva.h(202,38): warning C4273: 'AuHalFlushCache': inconsistent dll linkage (compiling source file utinit.c)
E:\Xeneva Project\Aurora\BaseHdr\Hal\hal.h(79,16): message : see previous definition of 'AuHalFlushCache' (compiling source file utinit.c)
E:\Xeneva Project\Aurora\Acpica\include\platform\acxeneva.h(202,38): warning C4273: 'AuHalFlushCache': inconsistent dll linkage (compiling source file utids.c)
E:\Xeneva Project\Aurora\BaseHdr\Hal\hal.h(79,16): message : see previous definition of 'AuHalFlushCache' (compiling source file utids.c)
  utmutex.c
  utnonansi.c
  utobject.c
E:\Xeneva Project\Aurora\Acpica\include\platform\acxeneva.h(202,38): warning C4273: 'AuHalFlushCache': inconsistent dll linkage (compiling source file utmisc.c)
E:\Xeneva Project\Aurora\BaseHdr\Hal\hal.h(79,16): message : see previous definition of 'AuHalFlushCache' (compiling source file utmisc.c)
E:\Xeneva Project\Aurora\Acpica\include\platform\acxeneva.h(202,38): warning C4273: 'AuHalFlushCache': inconsistent dll linkage (compiling source file utmath.c)
E:\Xeneva Project\Aurora\BaseHdr\Hal\hal.h(79,16): message : see previous definition of 'AuHalFlushCache' (compiling source file utmath.c)
E:\Xeneva Project\Aurora\Acpica\include\platform\acxeneva.h(202,38): warning C4273: 'AuHalFlushCache': inconsistent dll linkage (compiling source file utmutex.c)
E:\Xeneva Project\Aurora\BaseHdr\Hal\hal.h(79,16): message : see previous definition of 'AuHalFlushCache' (compiling source file utmutex.c)
E:\Xeneva Project\Aurora\Acpica\include\platform\acxeneva.h(202,38): warning C4273: 'AuHalFlushCache': inconsistent dll linkage (compiling source file utnonansi.c)
E:\Xeneva Project\Aurora\BaseHdr\Hal\hal.h(79,16): message : see previous definition of 'AuHalFlushCache' (compiling source file utnonansi.c)
E:\Xeneva Project\Aurora\Acpica\include\platform\acxeneva.h(202,38): warning C4273: 'AuHalFlushCache': inconsistent dll linkage (compiling source file utlock.c)
E:\Xeneva Project\Aurora\BaseHdr\Hal\hal.h(79,16): message : see previous definition of 'AuHalFlushCache' (compiling source file utlock.c)
E:\Xeneva Project\Aurora\Acpica\include\platform\acxeneva.h(202,38): warning C4273: 'AuHalFlushCache': inconsistent dll linkage (compiling source file utobject.c)
E:\Xeneva Project\Aurora\BaseHdr\Hal\hal.h(79,16): message : see previous definition of 'AuHalFlushCache' (compiling source file utobject.c)
  utosi.c
  utownerid.c
  utpredef.c
  utprint.c
E:\Xeneva Project\Aurora\Acpica\include\platform\acxeneva.h(202,38): warning C4273: 'AuHalFlushCache': inconsistent dll linkage (compiling source file utownerid.c)
E:\Xeneva Project\Aurora\BaseHdr\Hal\hal.h(79,16): message : see previous definition of 'AuHalFlushCache' (compiling source file utownerid.c)
E:\Xeneva Project\Aurora\Acpica\utnonansi.c(195,34): warning C4013: 'tolower' undefined; assuming extern returning int
E:\Xeneva Project\Aurora\Acpica\utnonansi.c(231,34): warning C4013: 'toupper' undefined; assuming extern returning int
E:\Xeneva Project\Aurora\Acpica\include\platform\acxeneva.h(202,38): warning C4273: 'AuHalFlushCache': inconsistent dll linkage (compiling source file utosi.c)
E:\Xeneva Project\Aurora\BaseHdr\Hal\hal.h(79,16): message : see previous definition of 'AuHalFlushCache' (compiling source file utosi.c)
  utresdecode.c
  utresrc.c
E:\Xeneva Project\Aurora\Acpica\include\platform\acxeneva.h(202,38): warning C4273: 'AuHalFlushCache': inconsistent dll linkage (compiling source file utprint.c)
E:\Xeneva Project\Aurora\BaseHdr\Hal\hal.h(79,16): message : see previous definition of 'AuHalFlushCache' (compiling source file utprint.c)
E:\Xeneva Project\Aurora\Acpica\include\platform\acxeneva.h(202,38): warning C4273: 'AuHalFlushCache': inconsistent dll linkage (compiling source file utresdecode.c)
E:\Xeneva Project\Aurora\BaseHdr\Hal\hal.h(79,16): message : see previous definition of 'AuHalFlushCache' (compiling source file utresdecode.c)
  utstate.c
E:\Xeneva Project\Aurora\Acpica\include\platform\acxeneva.h(202,38): warning C4273: 'AuHalFlushCache': inconsistent dll linkage (compiling source file utresrc.c)
E:\Xeneva Project\Aurora\BaseHdr\Hal\hal.h(79,16): message : see previous definition of 'AuHalFlushCache' (compiling source file utresrc.c)
E:\Xeneva Project\Aurora\Acpica\include\platform\acxeneva.h(202,38): warning C4273: 'AuHalFlushCache': inconsistent dll linkage (compiling source file utpredef.c)
E:\Xeneva Project\Aurora\BaseHdr\Hal\hal.h(79,16): message : see previous definition of 'AuHalFlushCache' (compiling source file utpredef.c)
  utstring.c
E:\Xeneva Project\Aurora\Acpica\utprint.c(332,20): warning C4013: 'isdigit' undefined; assuming extern returning int
  utstrsuppt.c
E:\Xeneva Project\Aurora\Acpica\include\platform\acxeneva.h(202,38): warning C4273: 'AuHalFlushCache': inconsistent dll linkage (compiling source file utstate.c)
E:\Xeneva Project\Aurora\BaseHdr\Hal\hal.h(79,16): message : see previous definition of 'AuHalFlushCache' (compiling source file utstate.c)
  utstrtoul64.c
E:\Xeneva Project\Aurora\Acpica\include\platform\acxeneva.h(202,38): warning C4273: 'AuHalFlushCache': inconsistent dll linkage (compiling source file utstring.c)
E:\Xeneva Project\Aurora\BaseHdr\Hal\hal.h(79,16): message : see previous definition of 'AuHalFlushCache' (compiling source file utstring.c)
  uttrack.c
  utuuid.c
E:\Xeneva Project\Aurora\Acpica\include\platform\acxeneva.h(202,38): warning C4273: 'AuHalFlushCache': inconsistent dll linkage (compiling source file utstrsuppt.c)
E:\Xeneva Project\Aurora\BaseHdr\Hal\hal.h(79,16): message : see previous definition of 'AuHalFlushCache' (compiling source file utstrsuppt.c)
E:\Xeneva Project\Aurora\Acpica\include\platform\acxeneva.h(202,38): warning C4273: 'AuHalFlushCache': inconsistent dll linkage (compiling source file utstrtoul64.c)
E:\Xeneva Project\Aurora\BaseHdr\Hal\hal.h(79,16): message : see previous definition of 'AuHalFlushCache' (compiling source file utstrtoul64.c)
  utxface.c
  utxferror.c
E:\Xeneva Project\Aurora\Acpica\include\platform\acxeneva.h(202,38): warning C4273: 'AuHalFlushCache': inconsistent dll linkage (compiling source file utuuid.c)
E:\Xeneva Project\Aurora\BaseHdr\Hal\hal.h(79,16): message : see previous definition of 'AuHalFlushCache' (compiling source file utuuid.c)
E:\Xeneva Project\Aurora\Acpica\utstring.c(243,25): warning C4013: 'isprint' undefined; assuming extern returning int
E:\Xeneva Project\Aurora\Acpica\include\platform\acxeneva.h(202,38): warning C4273: 'AuHalFlushCache': inconsistent dll linkage (compiling source file uttrack.c)
E:\Xeneva Project\Aurora\BaseHdr\Hal\hal.h(79,16): message : see previous definition of 'AuHalFlushCache' (compiling source file uttrack.c)
  utxfinit.c
E:\Xeneva Project\Aurora\Acpica\include\platform\acxeneva.h(202,38): warning C4273: 'AuHalFlushCache': inconsistent dll linkage (compiling source file utxface.c)
E:\Xeneva Project\Aurora\BaseHdr\Hal\hal.h(79,16): message : see previous definition of 'AuHalFlushCache' (compiling source file utxface.c)
E:\Xeneva Project\Aurora\Acpica\utstrsuppt.c(268,22): warning C4013: 'isdigit' undefined; assuming extern returning int
E:\Xeneva Project\Aurora\Acpica\utstrsuppt.c(324,23): warning C4013: 'isxdigit' undefined; assuming extern returning int
E:\Xeneva Project\Aurora\Acpica\utstrsuppt.c(397,20): warning C4013: 'isspace' undefined; assuming extern returning int
E:\Xeneva Project\Aurora\Acpica\utstrsuppt.c(451,18): warning C4013: 'tolower' undefined; assuming extern returning int
  utxfmutex.c
E:\Xeneva Project\Aurora\Acpica\include\platform\acxeneva.h(202,38): warning C4273: 'AuHalFlushCache': inconsistent dll linkage (compiling source file utxferror.c)
E:\Xeneva Project\Aurora\BaseHdr\Hal\hal.h(79,16): message : see previous definition of 'AuHalFlushCache' (compiling source file utxferror.c)
E:\Xeneva Project\Aurora\Acpica\include\platform\acxeneva.h(202,38): warning C4273: 'AuHalFlushCache': inconsistent dll linkage (compiling source file utxfinit.c)
E:\Xeneva Project\Aurora\BaseHdr\Hal\hal.h(79,16): message : see previous definition of 'AuHalFlushCache' (compiling source file utxfinit.c)
E:\Xeneva Project\Aurora\Acpica\include\platform\acxeneva.h(202,38): warning C4273: 'AuHalFlushCache': inconsistent dll linkage (compiling source file utxfmutex.c)
E:\Xeneva Project\Aurora\BaseHdr\Hal\hal.h(79,16): message : see previous definition of 'AuHalFlushCache' (compiling source file utxfmutex.c)
C:\Program Files (x86)\Microsoft Visual Studio\2019\Community\MSBuild\Microsoft\VC\v160\Microsoft.CppBuild.targets(1363,5): warning MSB8012: TargetPath(E:\Xeneva Project\Aurora\x64\Debug\Acpica.dll) does not match the Linker's OutputFile property value (F:\acpica.dll). This may cause your project to build incorrectly. To correct this, please make sure that $(OutDir), $(TargetName) and $(TargetExt) property values match the value specified in %(Link.OutputFile).
LINK : warning LNK4075: ignoring '/INCREMENTAL' due to '/RELEASE' specification
dsargs.obj : warning LNK4075: ignoring '/EDITANDCONTINUE' due to '/OPT:ICF' specification
     Creating library E:\Xeneva Project\Aurora\x64\Debug\Acpica.lib and object E:\Xeneva Project\Aurora\x64\Debug\Acpica.exp
  Acpica.vcxproj -> E:\Xeneva Project\Aurora\x64\Debug\Acpica.dll
