e:\xeneva project\aurora\x64\debug\acpica.lib
e:\xeneva project\aurora\x64\debug\acpica.exp
e:\xeneva project\aurora\acpica\x64\debug\vc120.pdb
e:\xeneva project\aurora\acpica\x64\debug\vc120.idb
e:\xeneva project\aurora\acpica\x64\debug\utmisc.obj
e:\xeneva project\aurora\acpica\x64\debug\utmutex.obj
e:\xeneva project\aurora\acpica\x64\debug\utnonansi.obj
e:\xeneva project\aurora\acpica\x64\debug\utobject.obj
e:\xeneva project\aurora\acpica\x64\debug\utosi.obj
e:\xeneva project\aurora\acpica\x64\debug\utownerid.obj
e:\xeneva project\aurora\acpica\x64\debug\utpredef.obj
e:\xeneva project\aurora\acpica\x64\debug\utprint.obj
e:\xeneva project\aurora\acpica\x64\debug\utresdecode.obj
e:\xeneva project\aurora\acpica\x64\debug\utresrc.obj
e:\xeneva project\aurora\acpica\x64\debug\utstate.obj
e:\xeneva project\aurora\acpica\x64\debug\utstring.obj
e:\xeneva project\aurora\acpica\x64\debug\utstrsuppt.obj
e:\xeneva project\aurora\acpica\x64\debug\utstrtoul64.obj
e:\xeneva project\aurora\acpica\x64\debug\uttrack.obj
e:\xeneva project\aurora\acpica\x64\debug\utuuid.obj
e:\xeneva project\aurora\acpica\x64\debug\utxface.obj
e:\xeneva project\aurora\acpica\x64\debug\utxferror.obj
e:\xeneva project\aurora\acpica\x64\debug\utxfinit.obj
e:\xeneva project\aurora\acpica\x64\debug\utxfmutex.obj
e:\xeneva project\aurora\acpica\x64\debug\tbxfroot.obj
e:\xeneva project\aurora\acpica\x64\debug\utaddress.obj
e:\xeneva project\aurora\acpica\x64\debug\utalloc.obj
e:\xeneva project\aurora\acpica\x64\debug\utascii.obj
e:\xeneva project\aurora\acpica\x64\debug\utbuffer.obj
e:\xeneva project\aurora\acpica\x64\debug\utcache.obj
e:\xeneva project\aurora\acpica\x64\debug\utclib.obj
e:\xeneva project\aurora\acpica\x64\debug\utcopy.obj
e:\xeneva project\aurora\acpica\x64\debug\utdebug.obj
e:\xeneva project\aurora\acpica\x64\debug\utdecode.obj
e:\xeneva project\aurora\acpica\x64\debug\utdelete.obj
e:\xeneva project\aurora\acpica\x64\debug\uterror.obj
e:\xeneva project\aurora\acpica\x64\debug\uteval.obj
e:\xeneva project\aurora\acpica\x64\debug\utexcep.obj
e:\xeneva project\aurora\acpica\x64\debug\utglobal.obj
e:\xeneva project\aurora\acpica\x64\debug\uthex.obj
e:\xeneva project\aurora\acpica\x64\debug\utids.obj
e:\xeneva project\aurora\acpica\x64\debug\utinit.obj
e:\xeneva project\aurora\acpica\x64\debug\utlock.obj
e:\xeneva project\aurora\acpica\x64\debug\utmath.obj
e:\xeneva project\aurora\acpica\x64\debug\rscreate.obj
e:\xeneva project\aurora\acpica\x64\debug\rsdump.obj
e:\xeneva project\aurora\acpica\x64\debug\rsdumpinfo.obj
e:\xeneva project\aurora\acpica\x64\debug\rsinfo.obj
e:\xeneva project\aurora\acpica\x64\debug\rsio.obj
e:\xeneva project\aurora\acpica\x64\debug\rsirq.obj
e:\xeneva project\aurora\acpica\x64\debug\rslist.obj
e:\xeneva project\aurora\acpica\x64\debug\rsmemory.obj
e:\xeneva project\aurora\acpica\x64\debug\rsmisc.obj
e:\xeneva project\aurora\acpica\x64\debug\rsserial.obj
e:\xeneva project\aurora\acpica\x64\debug\rsutils.obj
e:\xeneva project\aurora\acpica\x64\debug\rsxface.obj
e:\xeneva project\aurora\acpica\x64\debug\tbdata.obj
e:\xeneva project\aurora\acpica\x64\debug\tbfadt.obj
e:\xeneva project\aurora\acpica\x64\debug\tbfind.obj
e:\xeneva project\aurora\acpica\x64\debug\tbinstal.obj
e:\xeneva project\aurora\acpica\x64\debug\tbprint.obj
e:\xeneva project\aurora\acpica\x64\debug\tbutils.obj
e:\xeneva project\aurora\acpica\x64\debug\tbxface.obj
e:\xeneva project\aurora\acpica\x64\debug\tbxfload.obj
e:\xeneva project\aurora\acpica\x64\debug\nsrepair2.obj
e:\xeneva project\aurora\acpica\x64\debug\nssearch.obj
e:\xeneva project\aurora\acpica\x64\debug\nsutils.obj
e:\xeneva project\aurora\acpica\x64\debug\nswalk.obj
e:\xeneva project\aurora\acpica\x64\debug\nsxfeval.obj
e:\xeneva project\aurora\acpica\x64\debug\nsxfname.obj
e:\xeneva project\aurora\acpica\x64\debug\nsxfobj.obj
e:\xeneva project\aurora\acpica\x64\debug\psargs.obj
e:\xeneva project\aurora\acpica\x64\debug\psloop.obj
e:\xeneva project\aurora\acpica\x64\debug\psobject.obj
e:\xeneva project\aurora\acpica\x64\debug\psopcode.obj
e:\xeneva project\aurora\acpica\x64\debug\psopinfo.obj
e:\xeneva project\aurora\acpica\x64\debug\psparse.obj
e:\xeneva project\aurora\acpica\x64\debug\psscope.obj
e:\xeneva project\aurora\acpica\x64\debug\pstree.obj
e:\xeneva project\aurora\acpica\x64\debug\psutils.obj
e:\xeneva project\aurora\acpica\x64\debug\pswalk.obj
e:\xeneva project\aurora\acpica\x64\debug\psxface.obj
e:\xeneva project\aurora\acpica\x64\debug\rsaddr.obj
e:\xeneva project\aurora\acpica\x64\debug\rscalc.obj
e:\xeneva project\aurora\acpica\x64\debug\hwsleep.obj
e:\xeneva project\aurora\acpica\x64\debug\hwtimer.obj
e:\xeneva project\aurora\acpica\x64\debug\hwvalid.obj
e:\xeneva project\aurora\acpica\x64\debug\hwxface.obj
e:\xeneva project\aurora\acpica\x64\debug\hwxfsleep.obj
e:\xeneva project\aurora\acpica\x64\debug\nsaccess.obj
e:\xeneva project\aurora\acpica\x64\debug\nsalloc.obj
e:\xeneva project\aurora\acpica\x64\debug\nsarguments.obj
e:\xeneva project\aurora\acpica\x64\debug\nsconvert.obj
e:\xeneva project\aurora\acpica\x64\debug\nsdump.obj
e:\xeneva project\aurora\acpica\x64\debug\nsdumpdv.obj
e:\xeneva project\aurora\acpica\x64\debug\nseval.obj
e:\xeneva project\aurora\acpica\x64\debug\nsinit.obj
e:\xeneva project\aurora\acpica\x64\debug\nsload.obj
e:\xeneva project\aurora\acpica\x64\debug\nsnames.obj
e:\xeneva project\aurora\acpica\x64\debug\nsobject.obj
e:\xeneva project\aurora\acpica\x64\debug\nsparse.obj
e:\xeneva project\aurora\acpica\x64\debug\nspredef.obj
e:\xeneva project\aurora\acpica\x64\debug\nsprepkg.obj
e:\xeneva project\aurora\acpica\x64\debug\nsrepair.obj
e:\xeneva project\aurora\acpica\x64\debug\exoparg2.obj
e:\xeneva project\aurora\acpica\x64\debug\exoparg3.obj
e:\xeneva project\aurora\acpica\x64\debug\exoparg6.obj
e:\xeneva project\aurora\acpica\x64\debug\exprep.obj
e:\xeneva project\aurora\acpica\x64\debug\exregion.obj
e:\xeneva project\aurora\acpica\x64\debug\exresnte.obj
e:\xeneva project\aurora\acpica\x64\debug\exresolv.obj
e:\xeneva project\aurora\acpica\x64\debug\exresop.obj
e:\xeneva project\aurora\acpica\x64\debug\exserial.obj
e:\xeneva project\aurora\acpica\x64\debug\exstore.obj
e:\xeneva project\aurora\acpica\x64\debug\exstoren.obj
e:\xeneva project\aurora\acpica\x64\debug\exstorob.obj
e:\xeneva project\aurora\acpica\x64\debug\exsystem.obj
e:\xeneva project\aurora\acpica\x64\debug\extrace.obj
e:\xeneva project\aurora\acpica\x64\debug\exutils.obj
e:\xeneva project\aurora\acpica\x64\debug\hwacpi.obj
e:\xeneva project\aurora\acpica\x64\debug\hwesleep.obj
e:\xeneva project\aurora\acpica\x64\debug\hwgpe.obj
e:\xeneva project\aurora\acpica\x64\debug\hwpci.obj
e:\xeneva project\aurora\acpica\x64\debug\hwregs.obj
e:\xeneva project\aurora\acpica\x64\debug\evmisc.obj
e:\xeneva project\aurora\acpica\x64\debug\evregion.obj
e:\xeneva project\aurora\acpica\x64\debug\evrgnini.obj
e:\xeneva project\aurora\acpica\x64\debug\evsci.obj
e:\xeneva project\aurora\acpica\x64\debug\evxface.obj
e:\xeneva project\aurora\acpica\x64\debug\evxfevnt.obj
e:\xeneva project\aurora\acpica\x64\debug\evxfgpe.obj
e:\xeneva project\aurora\acpica\x64\debug\evxfregn.obj
e:\xeneva project\aurora\acpica\x64\debug\exconcat.obj
e:\xeneva project\aurora\acpica\x64\debug\exconfig.obj
e:\xeneva project\aurora\acpica\x64\debug\exconvrt.obj
e:\xeneva project\aurora\acpica\x64\debug\excreate.obj
e:\xeneva project\aurora\acpica\x64\debug\exdebug.obj
e:\xeneva project\aurora\acpica\x64\debug\exdump.obj
e:\xeneva project\aurora\acpica\x64\debug\exfield.obj
e:\xeneva project\aurora\acpica\x64\debug\exfldio.obj
e:\xeneva project\aurora\acpica\x64\debug\exmisc.obj
e:\xeneva project\aurora\acpica\x64\debug\exmutex.obj
e:\xeneva project\aurora\acpica\x64\debug\exnames.obj
e:\xeneva project\aurora\acpica\x64\debug\exoparg1.obj
e:\xeneva project\aurora\acpica\x64\debug\dsfield.obj
e:\xeneva project\aurora\acpica\x64\debug\dsinit.obj
e:\xeneva project\aurora\acpica\x64\debug\dsmethod.obj
e:\xeneva project\aurora\acpica\x64\debug\dsmthdat.obj
e:\xeneva project\aurora\acpica\x64\debug\dsobject.obj
e:\xeneva project\aurora\acpica\x64\debug\dsopcode.obj
e:\xeneva project\aurora\acpica\x64\debug\dspkginit.obj
e:\xeneva project\aurora\acpica\x64\debug\dsutils.obj
e:\xeneva project\aurora\acpica\x64\debug\dswexec.obj
e:\xeneva project\aurora\acpica\x64\debug\dswload.obj
e:\xeneva project\aurora\acpica\x64\debug\dswload2.obj
e:\xeneva project\aurora\acpica\x64\debug\dswscope.obj
e:\xeneva project\aurora\acpica\x64\debug\dswstate.obj
e:\xeneva project\aurora\acpica\x64\debug\evevent.obj
e:\xeneva project\aurora\acpica\x64\debug\evglock.obj
e:\xeneva project\aurora\acpica\x64\debug\evgpe.obj
e:\xeneva project\aurora\acpica\x64\debug\evgpeblk.obj
e:\xeneva project\aurora\acpica\x64\debug\evgpeinit.obj
e:\xeneva project\aurora\acpica\x64\debug\evgpeutil.obj
e:\xeneva project\aurora\acpica\x64\debug\evhandler.obj
e:\xeneva project\aurora\acpica\x64\debug\dsargs.obj
e:\xeneva project\aurora\acpica\x64\debug\dscontrol.obj
e:\xeneva project\aurora\acpica\x64\debug\dsdebug.obj
f:\acpica.dll
f:\acpica.map
e:\xeneva project\aurora\acpica\x64\debug\acpica.tlog\acpica.write.1u.tlog
e:\xeneva project\aurora\acpica\x64\debug\acpica.tlog\cl.command.1.tlog
e:\xeneva project\aurora\acpica\x64\debug\acpica.tlog\cl.read.1.tlog
e:\xeneva project\aurora\acpica\x64\debug\acpica.tlog\cl.write.1.tlog
e:\xeneva project\aurora\acpica\x64\debug\acpica.tlog\link.command.1.tlog
e:\xeneva project\aurora\acpica\x64\debug\acpica.tlog\link.read.1.tlog
e:\xeneva project\aurora\acpica\x64\debug\acpica.tlog\link.write.1.tlog
