cl : command line warning D9002: ignoring unknown option '/arch:SSE2'
cl : command line warning D9002: ignoring unknown option '/arch:SSE2'
  main.cpp
cl : command line warning D9002: ignoring unknown option '/arch:SSE2'
  minimp3.cpp
E:\Xeneva Project\Aurora\Process\AudioPlayer\main.cpp(155,40): warning C4244: 'argument': conversion from 'int' to 'char', possible loss of data
E:\Xeneva Project\Aurora\Process\AudioPlayer\main.cpp(147,15): warning C4189: 'code': local variable is initialized but not referenced
E:\Xeneva Project\Aurora\Process\AudioPlayer\main.cpp(162,44): warning C4100: 'win': unreferenced formal parameter
E:\Xeneva Project\Aurora\Process\AudioPlayer\main.cpp(162,29): warning C4100: 'wid': unreferenced formal parameter
E:\Xeneva Project\Aurora\Process\AudioPlayer\main.cpp(172,47): warning C4100: 'win': unreferenced formal parameter
E:\Xeneva Project\Aurora\Process\AudioPlayer\main.cpp(172,32): warning C4100: 'wid': unreferenced formal parameter
E:\Xeneva Project\Aurora\Process\AudioPlayer\main.cpp(190,100): warning C4267: 'argument': conversion from 'size_t' to 'uint32_t', possible loss of data
E:\Xeneva Project\Aurora\Process\AudioPlayer\main.cpp(229,55): warning C4100: 'win': unreferenced formal parameter
E:\Xeneva Project\Aurora\Process\AudioPlayer\main.cpp(229,40): warning C4100: 'wid': unreferenced formal parameter
E:\Xeneva Project\Aurora\Process\AudioPlayer\main.cpp(248,57): warning C4100: 'win': unreferenced formal parameter
E:\Xeneva Project\Aurora\Process\AudioPlayer\main.cpp(248,42): warning C4100: 'wid': unreferenced formal parameter
E:\Xeneva Project\Aurora\Process\AudioPlayer\minimp3.cpp(969,29): warning C4389: '==': signed/unsigned mismatch
E:\Xeneva Project\Aurora\Process\AudioPlayer\main.cpp(278,62): warning C4459: declaration of 'mainWin' hides global declaration
E:\Xeneva Project\Aurora\Process\AudioPlayer\main.cpp(53,11): message : see declaration of 'mainWin'
E:\Xeneva Project\Aurora\Process\AudioPlayer\minimp3.cpp(977,20): warning C4244: '=': conversion from 'int' to 'int16_t', possible loss of data
E:\Xeneva Project\Aurora\Process\AudioPlayer\minimp3.cpp(978,20): warning C4244: '=': conversion from 'int' to 'int16_t', possible loss of data
E:\Xeneva Project\Aurora\Process\AudioPlayer\main.cpp(278,53): warning C4100: 'mainWin': unreferenced formal parameter
E:\Xeneva Project\Aurora\Process\AudioPlayer\minimp3.cpp(988,19): warning C4244: '=': conversion from 'int' to 'int16_t', possible loss of data
E:\Xeneva Project\Aurora\Process\AudioPlayer\main.cpp(278,38): warning C4100: 'wid': unreferenced formal parameter
E:\Xeneva Project\Aurora\Process\AudioPlayer\minimp3.cpp(998,19): warning C4244: '=': conversion from 'int' to 'int16_t', possible loss of data
E:\Xeneva Project\Aurora\Process\AudioPlayer\minimp3.cpp(1008,18): warning C4244: '=': conversion from 'int' to 'int16_t', possible loss of data
E:\Xeneva Project\Aurora\Process\AudioPlayer\main.cpp(324,20): warning C4018: '<': signed/unsigned mismatch
E:\Xeneva Project\Aurora\Process\AudioPlayer\main.cpp(400,6): warning C4189: 'threadIdx': local variable is initialized but not referenced
E:\Xeneva Project\Aurora\Process\AudioPlayer\minimp3.cpp(1170,18): warning C4244: '=': conversion from 'int' to 'int16_t', possible loss of data
E:\Xeneva Project\Aurora\Process\AudioPlayer\minimp3.cpp(1184,20): warning C4244: '=': conversion from 'int' to 'int16_t', possible loss of data
E:\Xeneva Project\Aurora\Process\AudioPlayer\minimp3.cpp(1226,47): warning C4100: 's': unreferenced formal parameter
E:\Xeneva Project\Aurora\Process\AudioPlayer\minimp3.cpp(1517,15): warning C4456: declaration of 'pos' hides previous local declaration
E:\Xeneva Project\Aurora\Process\AudioPlayer\minimp3.cpp(1493,8): message : see declaration of 'pos'
E:\Xeneva Project\Aurora\Process\AudioPlayer\minimp3.cpp(1678,41): warning C4244: '=': conversion from '__int64' to 'int', possible loss of data
E:\Xeneva Project\Aurora\Process\AudioPlayer\minimp3.cpp(1663,18): warning C4100: 's': unreferenced formal parameter
E:\Xeneva Project\Aurora\Process\AudioPlayer\minimp3.cpp(2015,12): warning C4459: declaration of 'window' hides global declaration
E:\Xeneva Project\Aurora\Process\AudioPlayer\minimp3.cpp(168,16): message : see declaration of 'window'
E:\Xeneva Project\Aurora\Process\AudioPlayer\minimp3.cpp(2039,19): warning C4244: '=': conversion from 'int' to 'int16_t', possible loss of data
E:\Xeneva Project\Aurora\Process\AudioPlayer\minimp3.cpp(2053,26): warning C4244: '=': conversion from 'int' to 'int16_t', possible loss of data
E:\Xeneva Project\Aurora\Process\AudioPlayer\minimp3.cpp(2062,4): warning C4456: declaration of 'tmp' hides previous local declaration
E:\Xeneva Project\Aurora\Process\AudioPlayer\minimp3.cpp(2019,11): message : see declaration of 'tmp'
E:\Xeneva Project\Aurora\Process\AudioPlayer\minimp3.cpp(2064,4): warning C4456: declaration of 'tmp' hides previous local declaration
E:\Xeneva Project\Aurora\Process\AudioPlayer\minimp3.cpp(2019,11): message : see declaration of 'tmp'
E:\Xeneva Project\Aurora\Process\AudioPlayer\minimp3.cpp(2066,27): warning C4244: '=': conversion from 'int' to 'int16_t', possible loss of data
E:\Xeneva Project\Aurora\Process\AudioPlayer\minimp3.cpp(2069,28): warning C4244: '=': conversion from 'int' to 'int16_t', possible loss of data
E:\Xeneva Project\Aurora\Process\AudioPlayer\minimp3.cpp(2077,26): warning C4244: '=': conversion from 'int' to 'int16_t', possible loss of data
E:\Xeneva Project\Aurora\Process\AudioPlayer\minimp3.cpp(2145,37): warning C4244: '=': conversion from 'unsigned int' to 'uint8_t', possible loss of data
E:\Xeneva Project\Aurora\Process\AudioPlayer\minimp3.cpp(2166,30): warning C4244: '=': conversion from 'unsigned int' to 'uint8_t', possible loss of data
E:\Xeneva Project\Aurora\Process\AudioPlayer\minimp3.cpp(2169,32): warning C4244: '=': conversion from 'unsigned int' to 'uint8_t', possible loss of data
E:\Xeneva Project\Aurora\Process\AudioPlayer\minimp3.cpp(2244,33): warning C4244: '=': conversion from 'unsigned int' to 'uint8_t', possible loss of data
E:\Xeneva Project\Aurora\Process\AudioPlayer\minimp3.cpp(2245,37): warning C4244: '=': conversion from 'unsigned int' to 'uint8_t', possible loss of data
E:\Xeneva Project\Aurora\Process\AudioPlayer\minimp3.cpp(2277,41): warning C4244: '=': conversion from 'unsigned int' to 'uint8_t', possible loss of data
E:\Xeneva Project\Aurora\Process\AudioPlayer\minimp3.cpp(2287,41): warning C4244: '=': conversion from 'unsigned int' to 'uint8_t', possible loss of data
E:\Xeneva Project\Aurora\Process\AudioPlayer\minimp3.cpp(2305,43): warning C4244: '=': conversion from 'unsigned int' to 'uint8_t', possible loss of data
E:\Xeneva Project\Aurora\Process\AudioPlayer\minimp3.cpp(2375,41): warning C4244: '=': conversion from 'unsigned int' to 'uint8_t', possible loss of data
E:\Xeneva Project\Aurora\Process\AudioPlayer\minimp3.cpp(2476,17): warning C4244: '=': conversion from 'int' to 'int16_t', possible loss of data
E:\Xeneva Project\Aurora\Process\AudioPlayer\minimp3.cpp(2480,24): warning C4244: '=': conversion from 'int' to 'int16_t', possible loss of data
E:\Xeneva Project\Aurora\Process\AudioPlayer\minimp3.cpp(2516,30): warning C4244: '=': conversion from 'int' to 'uint16_t', possible loss of data
E:\Xeneva Project\Aurora\Process\AudioPlayer\minimp3.cpp(2519,30): warning C4244: '=': conversion from 'int' to 'uint16_t', possible loss of data
E:\Xeneva Project\Aurora\Process\AudioPlayer\minimp3.cpp(2538,24): warning C4244: '=': conversion from 'int' to 'int8_t', possible loss of data
E:\Xeneva Project\Aurora\Libs\Chitralekha\nanojpg.h(333): warning C4706: assignment within conditional expression
E:\Xeneva Project\Aurora\Process\AudioPlayer\minimp3.cpp(2543,38): warning C4244: '=': conversion from 'double' to 'uint32_t', possible loss of data
E:\Xeneva Project\Aurora\Libs\Chitralekha\nanojpg.h(335): warning C4706: assignment within conditional expression
E:\Xeneva Project\Aurora\Process\AudioPlayer\minimp3.cpp(2545,28): warning C4244: '=': conversion from 'double' to 'uint32_t', possible loss of data
E:\Xeneva Project\Aurora\Libs\Chitralekha\nanojpg.h(353): warning C4706: assignment within conditional expression
E:\Xeneva Project\Aurora\Process\AudioPlayer\minimp3.cpp(2552,13): warning C4244: '=': conversion from 'double' to 'float', possible loss of data
E:\Xeneva Project\Aurora\Process\AudioPlayer\minimp3.cpp(2562,39): warning C4244: '=': conversion from 'double' to 'int32_t', possible loss of data
E:\Xeneva Project\Aurora\Process\AudioPlayer\minimp3.cpp(2566,13): warning C4456: declaration of 'k' hides previous local declaration
E:\Xeneva Project\Aurora\Process\AudioPlayer\minimp3.cpp(2466,13): message : see declaration of 'k'
E:\Xeneva Project\Aurora\Process\AudioPlayer\minimp3.cpp(2580,14): warning C4244: '=': conversion from 'double' to 'float', possible loss of data
E:\Xeneva Project\Aurora\Process\AudioPlayer\minimp3.cpp(2464,44): warning C4100: 's': unreferenced formal parameter
C:\Program Files (x86)\Microsoft Visual Studio\2019\Community\MSBuild\Microsoft\VC\v160\Microsoft.CppBuild.targets(1363,5): warning MSB8012: TargetPath(E:\Xeneva Project\Aurora\x64\Debug\AudioPlayer.exe) does not match the Linker's OutputFile property value (F:\audplr.exe). This may cause your project to build incorrectly. To correct this, please make sure that $(OutDir), $(TargetName) and $(TargetExt) property values match the value specified in %(Link.OutputFile).
C:\Program Files (x86)\Microsoft Visual Studio\2019\Community\MSBuild\Microsoft\VC\v160\Microsoft.CppBuild.targets(1365,5): warning MSB8012: TargetName(AudioPlayer) does not match the Linker's OutputFile property value (audplr). This may cause your project to build incorrectly. To correct this, please make sure that $(OutDir), $(TargetName) and $(TargetExt) property values match the value specified in %(Link.OutputFile).
LINK : warning LNK4075: ignoring '/INCREMENTAL' due to '/LTCG' specification
main.obj : warning LNK4075: ignoring '/EDITANDCONTINUE' due to '/DRIVER' specification
  LINK : /LTCG specified but no code generation required; remove /LTCG from the link command line to improve linker performance
LINK : warning LNK4281: undesirable base address 0x600000 for x64 image; set base address above 4GB for best ASLR optimization
  AudioPlayer.vcxproj -> E:\Xeneva Project\Aurora\x64\Debug\AudioPlayer.exe
