cl : command line warning D9002: ignoring unknown option '/arch:SSE2'
  hid.cpp
E:\Xeneva Project\Aurora\Drivers\Usb3\xhci.h(143,25): warning C4200: nonstandard extension used: zero-sized array in struct/union
E:\Xeneva Project\Aurora\Drivers\Usb3\xhci.h(143,25): message : This member will be ignored by a defaulted constructor or copy/move assignment operator
E:\Xeneva Project\Aurora\Drivers\Usb3\xhci.h(306,9): warning C4161: #pragma pack(pop...): more pops than pushes
E:\Xeneva Project\Aurora\BaseHdr\stdarg.h(43,1): warning C4005: 'STACKITEM': macro redefinition
E:\Xeneva Project\Aurora\BaseHdr\va_list.h(49): message : see previous definition of 'STACKITEM'
E:\Xeneva Project\Aurora\BaseHdr\stdarg.h(54,1): warning C4005: 'va_start': macro redefinition
E:\Xeneva Project\Aurora\BaseHdr\va_list.h(56): message : see previous definition of 'va_start'
E:\Xeneva Project\Aurora\Drivers\Usb3\classes\hid.cpp(205,4): warning C4267: 'initializing': conversion from 'size_t' to 'uintptr_t', possible loss of data
E:\Xeneva Project\Aurora\Drivers\Usb3\classes\hid.cpp(216,25): warning C4018: '<': signed/unsigned mismatch
E:\Xeneva Project\Aurora\Drivers\Usb3\classes\hid.cpp(367,29): warning C4267: '+=': conversion from 'size_t' to 'int', possible loss of data
E:\Xeneva Project\Aurora\Drivers\Usb3\classes\hid.cpp(410,20): warning C4018: '<': signed/unsigned mismatch
E:\Xeneva Project\Aurora\Drivers\Usb3\classes\hid.cpp(535,20): warning C4018: '<': signed/unsigned mismatch
E:\Xeneva Project\Aurora\Drivers\Usb3\classes\hid.cpp(551,41): warning C4267: 'argument': conversion from 'size_t' to 'uint16_t', possible loss of data
  hub.cpp
E:\Xeneva Project\Aurora\Drivers\Usb3\xhci.h(143,25): warning C4200: nonstandard extension used: zero-sized array in struct/union
E:\Xeneva Project\Aurora\Drivers\Usb3\xhci.h(143,25): message : This member will be ignored by a defaulted constructor or copy/move assignment operator
E:\Xeneva Project\Aurora\Drivers\Usb3\xhci.h(306,9): warning C4161: #pragma pack(pop...): more pops than pushes
E:\Xeneva Project\Aurora\Drivers\Usb3\classes\hub.h(75,10): warning C4200: nonstandard extension used: zero-sized array in struct/union
E:\Xeneva Project\Aurora\Drivers\Usb3\classes\hub.h(75,10): message : This member will be ignored by a defaulted constructor or copy/move assignment operator
E:\Xeneva Project\Aurora\BaseHdr\stdarg.h(43,1): warning C4005: 'STACKITEM': macro redefinition
E:\Xeneva Project\Aurora\BaseHdr\va_list.h(49): message : see previous definition of 'STACKITEM'
E:\Xeneva Project\Aurora\BaseHdr\stdarg.h(54,1): warning C4005: 'va_start': macro redefinition
E:\Xeneva Project\Aurora\BaseHdr\va_list.h(56): message : see previous definition of 'va_start'
  main.cpp
E:\Xeneva Project\Aurora\Drivers\Usb3\xhci.h(143,25): warning C4200: nonstandard extension used: zero-sized array in struct/union
E:\Xeneva Project\Aurora\Drivers\Usb3\xhci.h(143,25): message : This member will be ignored by a defaulted constructor or copy/move assignment operator
E:\Xeneva Project\Aurora\Drivers\Usb3\xhci.h(306,9): warning C4161: #pragma pack(pop...): more pops than pushes
E:\Xeneva Project\Aurora\BaseHdr\Hal\x86_64_hal.h(35,1): warning C4103: alignment changed after including header, may be due to missing #pragma pack(pop)
E:\Xeneva Project\Aurora\Drivers\Usb3\main.cpp(33,1): warning C4103: alignment changed after including header, may be due to missing #pragma pack(pop)
E:\Xeneva Project\Aurora\BaseHdr\stdarg.h(43,1): warning C4005: 'STACKITEM': macro redefinition
E:\Xeneva Project\Aurora\BaseHdr\va_list.h(49): message : see previous definition of 'STACKITEM'
E:\Xeneva Project\Aurora\BaseHdr\stdarg.h(54,1): warning C4005: 'va_start': macro redefinition
E:\Xeneva Project\Aurora\BaseHdr\va_list.h(56): message : see previous definition of 'va_start'
E:\Xeneva Project\Aurora\BaseHdr\Hal\basicacpi.h(154,11): warning C4200: nonstandard extension used: zero-sized array in struct/union
E:\Xeneva Project\Aurora\BaseHdr\Hal\basicacpi.h(154,11): message : This member will be ignored by a defaulted constructor or copy/move assignment operator
E:\Xeneva Project\Aurora\BaseHdr\Hal\basicacpi.h(185,9): warning C4200: nonstandard extension used: zero-sized array in struct/union
E:\Xeneva Project\Aurora\BaseHdr\Hal\basicacpi.h(185,9): message : This member will be ignored by a defaulted constructor or copy/move assignment operator
E:\Xeneva Project\Aurora\BaseHdr\Hal\basicacpi.h(267,16): warning C4200: nonstandard extension used: zero-sized array in struct/union
E:\Xeneva Project\Aurora\BaseHdr\Hal\basicacpi.h(267,16): message : This member will be ignored by a defaulted constructor or copy/move assignment operator
E:\Xeneva Project\Aurora\BaseHdr\Hal\basicacpi.h(283,11): warning C4200: nonstandard extension used: zero-sized array in struct/union
E:\Xeneva Project\Aurora\BaseHdr\Hal\basicacpi.h(283,11): message : This member will be ignored by a defaulted constructor or copy/move assignment operator
E:\Xeneva Project\Aurora\Drivers\Usb3\main.cpp(152,115): warning C4244: '=': conversion from 'uint64_t' to 'unsigned int', possible loss of data
E:\Xeneva Project\Aurora\Drivers\Usb3\main.cpp(209,35): warning C4244: 'argument': conversion from 'uint64_t' to 'uint32_t', possible loss of data
E:\Xeneva Project\Aurora\Drivers\Usb3\main.cpp(214,43): warning C4293: '<<': shift count negative or too big, undefined behavior
  usb3.cpp
E:\Xeneva Project\Aurora\Drivers\Usb3\xhci.h(143,25): warning C4200: nonstandard extension used: zero-sized array in struct/union
E:\Xeneva Project\Aurora\Drivers\Usb3\xhci.h(143,25): message : This member will be ignored by a defaulted constructor or copy/move assignment operator
E:\Xeneva Project\Aurora\Drivers\Usb3\xhci.h(306,9): warning C4161: #pragma pack(pop...): more pops than pushes
E:\Xeneva Project\Aurora\BaseHdr\stdarg.h(43,1): warning C4005: 'STACKITEM': macro redefinition
E:\Xeneva Project\Aurora\BaseHdr\va_list.h(49): message : see previous definition of 'STACKITEM'
E:\Xeneva Project\Aurora\BaseHdr\stdarg.h(54,1): warning C4005: 'va_start': macro redefinition
E:\Xeneva Project\Aurora\BaseHdr\va_list.h(56): message : see previous definition of 'va_start'
E:\Xeneva Project\Aurora\Drivers\Usb3\classes\hub.h(75,10): warning C4200: nonstandard extension used: zero-sized array in struct/union
E:\Xeneva Project\Aurora\Drivers\Usb3\classes\hub.h(75,10): message : This member will be ignored by a defaulted constructor or copy/move assignment operator
E:\Xeneva Project\Aurora\Drivers\Usb3\usb3.cpp(89,31): warning C4244: '=': conversion from 'uint64_t' to 'uint32_t', possible loss of data
E:\Xeneva Project\Aurora\Drivers\Usb3\usb3.cpp(166,20): warning C4018: '<': signed/unsigned mismatch
E:\Xeneva Project\Aurora\Drivers\Usb3\usb3.cpp(183,20): warning C4018: '<': signed/unsigned mismatch
E:\Xeneva Project\Aurora\Drivers\Usb3\usb3.cpp(198,20): warning C4018: '<': signed/unsigned mismatch
E:\Xeneva Project\Aurora\Drivers\Usb3\usb3.cpp(211,20): warning C4018: '<': signed/unsigned mismatch
E:\Xeneva Project\Aurora\Drivers\Usb3\usb3.cpp(222,20): warning C4018: '<': signed/unsigned mismatch
E:\Xeneva Project\Aurora\Drivers\Usb3\usb3.cpp(365,67): warning C4244: '=': conversion from 'uint64_t' to 'unsigned int', possible loss of data
E:\Xeneva Project\Aurora\Drivers\Usb3\usb3.cpp(367,46): warning C4244: '=': conversion from 'uint64_t' to 'unsigned int', possible loss of data
E:\Xeneva Project\Aurora\Drivers\Usb3\usb3.cpp(821,57): warning C4244: 'argument': conversion from 'uint64_t' to 'const intptr_t', possible loss of data
E:\Xeneva Project\Aurora\Drivers\Usb3\usb3.cpp(822,57): warning C4244: 'argument': conversion from 'uint64_t' to 'const intptr_t', possible loss of data
E:\Xeneva Project\Aurora\Drivers\Usb3\usb3.cpp(825,57): warning C4244: 'argument': conversion from 'uint64_t' to 'const intptr_t', possible loss of data
E:\Xeneva Project\Aurora\Drivers\Usb3\usb3.cpp(826,57): warning C4244: 'argument': conversion from 'uint64_t' to 'const intptr_t', possible loss of data
E:\Xeneva Project\Aurora\Drivers\Usb3\usb3.cpp(827,57): warning C4244: 'argument': conversion from 'uint64_t' to 'const intptr_t', possible loss of data
E:\Xeneva Project\Aurora\Drivers\Usb3\usb3.cpp(837,24): warning C4244: '=': conversion from 'uint16_t' to 'uint8_t', possible loss of data
E:\Xeneva Project\Aurora\Drivers\Usb3\usb3.cpp(838,14): warning C4244: '=': conversion from 'uint16_t' to 'uint8_t', possible loss of data
E:\Xeneva Project\Aurora\Drivers\Usb3\usb3.cpp(839,17): warning C4244: '=': conversion from 'uint64_t' to 'uint32_t', possible loss of data
E:\Xeneva Project\Aurora\Drivers\Usb3\usb3.cpp(841,20): warning C4244: '=': conversion from 'uint64_t' to 'uint32_t', possible loss of data
E:\Xeneva Project\Aurora\BaseHdr\stdint.h(204,1): warning C4311: 'type cast': pointer truncation from 'T *' to 'intptr_t'
          with
          [
              T=usb_endpoint_desc_t
          ]
E:\Xeneva Project\Aurora\Drivers\Usb3\usb3.cpp(761): message : see reference to function template instantiation 'intptr_t raw_diff<usb_endpoint_desc_t,usb_config_desc_t>(T *,U *)' being compiled
          with
          [
              T=usb_endpoint_desc_t,
              U=usb_config_desc_t
          ]
E:\Xeneva Project\Aurora\BaseHdr\stdint.h(204,1): warning C4302: 'type cast': truncation from 'T *' to 'intptr_t'
          with
          [
              T=usb_endpoint_desc_t
          ]
E:\Xeneva Project\Aurora\BaseHdr\stdint.h(204,1): warning C4311: 'type cast': pointer truncation from 'U *' to 'intptr_t'
          with
          [
              U=usb_config_desc_t
          ]
E:\Xeneva Project\Aurora\BaseHdr\stdint.h(204,1): warning C4302: 'type cast': truncation from 'U *' to 'intptr_t'
          with
          [
              U=usb_config_desc_t
          ]
E:\Xeneva Project\Aurora\BaseHdr\stdint.h(204,1): warning C4311: 'type cast': pointer truncation from 'T *' to 'intptr_t'
          with
          [
              T=usb_descriptor_t
          ]
E:\Xeneva Project\Aurora\Drivers\Usb3\usb3.cpp(920): message : see reference to function template instantiation 'intptr_t raw_diff<usb_descriptor_t,usb_config_desc_t>(T *,U *)' being compiled
          with
          [
              T=usb_descriptor_t,
              U=usb_config_desc_t
          ]
E:\Xeneva Project\Aurora\BaseHdr\stdint.h(204,1): warning C4302: 'type cast': truncation from 'T *' to 'intptr_t'
          with
          [
              T=usb_descriptor_t
          ]
  usbstd.cpp
E:\Xeneva Project\Aurora\Drivers\Usb3\xhci.h(143,25): warning C4200: nonstandard extension used: zero-sized array in struct/union
E:\Xeneva Project\Aurora\Drivers\Usb3\xhci.h(143,25): message : This member will be ignored by a defaulted constructor or copy/move assignment operator
E:\Xeneva Project\Aurora\Drivers\Usb3\xhci.h(306,9): warning C4161: #pragma pack(pop...): more pops than pushes
  xhci_cmd.cpp
E:\Xeneva Project\Aurora\Drivers\Usb3\xhci.h(143,25): warning C4200: nonstandard extension used: zero-sized array in struct/union
E:\Xeneva Project\Aurora\Drivers\Usb3\xhci.h(143,25): message : This member will be ignored by a defaulted constructor or copy/move assignment operator
E:\Xeneva Project\Aurora\Drivers\Usb3\xhci.h(306,9): warning C4161: #pragma pack(pop...): more pops than pushes
E:\Xeneva Project\Aurora\BaseHdr\stdarg.h(43,1): warning C4005: 'STACKITEM': macro redefinition
E:\Xeneva Project\Aurora\BaseHdr\va_list.h(49): message : see previous definition of 'STACKITEM'
E:\Xeneva Project\Aurora\BaseHdr\stdarg.h(54,1): warning C4005: 'va_start': macro redefinition
E:\Xeneva Project\Aurora\BaseHdr\va_list.h(56): message : see previous definition of 'va_start'
E:\Xeneva Project\Aurora\Drivers\Usb3\xhci_cmd.cpp(155,53): warning C4267: 'argument': conversion from 'size_t' to 'uint16_t', possible loss of data
E:\Xeneva Project\Aurora\Drivers\Usb3\xhci_cmd.cpp(174,49): warning C4267: 'argument': conversion from 'size_t' to 'uint16_t', possible loss of data
  Generating Code...
E:\Xeneva Project\Aurora\Drivers\Usb3\usb3.cpp(926): warning C4715: 'USBGetDescriptor': not all control paths return a value
E:\Xeneva Project\Aurora\Drivers\Usb3\classes\hid.cpp(371): warning C4715: 'HIDParseReportDescriptor': not all control paths return a value
E:\Xeneva Project\Aurora\Drivers\Usb3\classes\hid.cpp(249): warning C4700: uninitialized local variable 'current_data_offset' used
E:\Xeneva Project\Aurora\Drivers\Usb3\classes\hid.cpp(440): warning C4700: uninitialized local variable 'i' used
E:\Xeneva Project\Aurora\Drivers\Usb3\classes\hid.cpp(459): warning C4700: uninitialized local variable 'i' used
C:\Program Files (x86)\Microsoft Visual Studio\2019\Community\MSBuild\Microsoft\VC\v160\Microsoft.CppBuild.targets(1363,5): warning MSB8012: TargetPath(E:\Xeneva Project\Aurora\x64\Debug\Usb3.dll) does not match the Linker's OutputFile property value (F:\usb.dll). This may cause your project to build incorrectly. To correct this, please make sure that $(OutDir), $(TargetName) and $(TargetExt) property values match the value specified in %(Link.OutputFile).
C:\Program Files (x86)\Microsoft Visual Studio\2019\Community\MSBuild\Microsoft\VC\v160\Microsoft.CppBuild.targets(1365,5): warning MSB8012: TargetName(Usb3) does not match the Linker's OutputFile property value (usb). This may cause your project to build incorrectly. To correct this, please make sure that $(OutDir), $(TargetName) and $(TargetExt) property values match the value specified in %(Link.OutputFile).
LINK : warning LNK4075: ignoring '/INCREMENTAL' due to '/LTCG' specification
hid.obj : warning LNK4075: ignoring '/EDITANDCONTINUE' due to '/DRIVER' specification
     Creating library E:\Xeneva Project\Aurora\x64\Debug\Usb3.lib and object E:\Xeneva Project\Aurora\x64\Debug\Usb3.exp
  LINK : /LTCG specified but no code generation required; remove /LTCG from the link command line to improve linker performance
  Usb3.vcxproj -> E:\Xeneva Project\Aurora\x64\Debug\Usb3.dll
