e:\xeneva project\aurora\libs\xeclib\arm64\debug\ios.obj
e:\xeneva project\aurora\libs\xeclib\arm64\debug\_procheap.obj
e:\xeneva project\aurora\libs\xeclib\arm64\debug\istream.obj
e:\xeneva project\aurora\libs\xeclib\arm64\debug\new.obj
e:\xeneva project\aurora\libs\xeclib\arm64\debug\roundf.obj
e:\xeneva project\aurora\libs\xeclib\arm64\debug\_xeneva.obj
e:\xeneva project\aurora\libs\xeclib\arm64\debug\acosf.obj
e:\xeneva project\aurora\libs\xeclib\arm64\debug\xenet.obj
e:\xeneva project\aurora\libs\xeclib\arm64\debug\memory.obj
e:\xeneva project\aurora\libs\xeclib\arm64\debug\_string.obj
e:\xeneva project\aurora\libs\xeclib\arm64\debug\errno.obj
e:\xeneva project\aurora\libs\xeclib\arm64\debug\math.obj
e:\xeneva project\aurora\libs\xeclib\arm64\debug\stdlib.obj
e:\xeneva project\aurora\libs\xeclib\arm64\debug\_xeinput.obj
e:\xeneva project\aurora\libs\xeclib\arm64\debug\atan2f.obj
e:\xeneva project\aurora\libs\xeclib\arm64\debug\_heap.obj
e:\xeneva project\aurora\libs\xeclib\arm64\debug\_xeprint.obj
e:\xeneva project\aurora\libs\xeclib\arm64\debug\iostream.obj
e:\xeneva project\aurora\libs\xeclib\arm64\debug\ceilf.obj
e:\xeneva project\aurora\libs\xeclib\arm64\debug\fmodf.obj
e:\xeneva project\aurora\libs\xeclib\arm64\debug\qsort.obj
e:\xeneva project\aurora\libs\xeclib\arm64\debug\stdio.obj
e:\xeneva project\aurora\libs\xeclib\arm64\debug\time.obj
e:\xeneva project\aurora\libs\xeclib\arm64\debug\inet.obj
e:\xeneva project\aurora\libs\xeclib\arm64\debug\ostream.obj
e:\xeneva project\aurora\libs\xeclib\arm64\debug\ctype.obj
e:\xeneva project\aurora\libs\xeclib\arm64\debug\stat.obj
e:\xeneva project\aurora\libs\xeclib\arm64\debug\atanf.obj
e:\xeneva project\aurora\libs\xeclib\arm64\debug\string.obj
e:\xeneva project\aurora\arm64\debug\xeclib.pdb
e:\xeneva project\aurora\libs\xeclib\arm64\debug\_callbase_arm64.obj
e:\xeneva project\aurora\arm64\debug\xeclib.lib
e:\xeneva project\aurora\libs\xeclib\arm64\debug\xeclib.tlog\cl.12372.write.1.tlog
e:\xeneva project\aurora\libs\xeclib\arm64\debug\xeclib.tlog\cl.command.1.tlog
e:\xeneva project\aurora\libs\xeclib\arm64\debug\xeclib.tlog\cl.read.1.tlog
e:\xeneva project\aurora\libs\xeclib\arm64\debug\xeclib.tlog\custombuild.command.1.tlog
e:\xeneva project\aurora\libs\xeclib\arm64\debug\xeclib.tlog\custombuild.read.1.tlog
e:\xeneva project\aurora\libs\xeclib\arm64\debug\xeclib.tlog\custombuild.write.1.tlog
e:\xeneva project\aurora\libs\xeclib\arm64\debug\xeclib.tlog\lib-link.read.1.tlog
e:\xeneva project\aurora\libs\xeclib\arm64\debug\xeclib.tlog\lib-link.write.1.tlog
e:\xeneva project\aurora\libs\xeclib\arm64\debug\xeclib.tlog\lib.command.1.tlog
